SF:jarvis/__init__.py
DA:3,1
DA:4,1
DA:5,1
DA:6,1
DA:8,1
LF:5
LH:5
end_of_record
SF:jarvis/artifact_builder.py
DA:2,1
DA:3,1
DA:4,1
DA:5,1
DA:6,1
DA:7,1
DA:8,1
DA:9,1
DA:10,1
DA:11,1
DA:13,1
DA:16,1
DA:19,1
DA:25,1
DA:26,1
DA:27,0
DA:28,1
DA:29,1
DA:30,1
DA:32,1
DA:34,1
DA:49,0
DA:50,0
DA:52,0
DA:53,0
DA:56,0
DA:57,0
DA:59,0
DA:60,0
DA:62,0
DA:68,0
DA:69,0
DA:70,0
DA:72,0
DA:75,0
DA:79,0
DA:80,0
DA:83,0
DA:84,0
DA:86,0
DA:89,0
DA:90,0
DA:91,0
DA:93,0
DA:96,0
DA:97,0
DA:105,0
DA:107,0
DA:110,0
DA:111,0
DA:112,0
DA:113,0
DA:116,0
DA:117,0
DA:120,0
DA:121,0
DA:122,0
DA:123,0
DA:124,0
DA:125,0
DA:126,0
DA:132,0
DA:134,0
DA:137,0
DA:138,0
DA:139,0
DA:140,0
DA:143,0
DA:145,0
DA:147,0
DA:148,0
DA:149,0
DA:150,0
DA:151,0
DA:153,0
DA:154,0
DA:158,0
DA:159,0
DA:160,0
DA:161,0
DA:162,0
DA:163,0
DA:165,1
DA:174,0
DA:175,0
DA:176,0
DA:177,0
DA:178,0
DA:179,0
DA:180,0
DA:181,0
DA:182,0
DA:184,1
DA:193,0
DA:194,0
DA:196,0
DA:197,0
DA:198,0
DA:199,0
DA:201,0
DA:209,1
DA:219,0
DA:220,0
DA:222,0
DA:223,0
DA:225,0
DA:226,0
DA:228,0
DA:230,0
LF:109
LH:23
FN:19,32,ArtifactBuilder.__init__
FNDA:1,ArtifactBuilder.__init__
FN:34,163,ArtifactBuilder.build_project
FNDA:0,ArtifactBuilder.build_project
FN:165,182,ArtifactBuilder._push_to_registry
FNDA:0,ArtifactBuilder._push_to_registry
FN:184,207,ArtifactBuilder.get_build_status
FNDA:0,ArtifactBuilder.get_build_status
FN:209,230,ArtifactBuilder.list_builds
FNDA:0,ArtifactBuilder.list_builds
FNF:5
FNH:1
end_of_record
SF:jarvis/autonomous_agent.py
DA:13,1
DA:14,1
DA:15,1
DA:16,1
DA:17,1
DA:18,1
DA:19,1
DA:21,1
DA:22,1
DA:23,1
DA:25,1
DA:28,1
DA:29,1
DA:31,1
DA:32,1
DA:33,1
DA:34,1
DA:35,1
DA:36,1
DA:37,1
DA:38,1
DA:39,1
DA:41,1
DA:43,0
DA:56,1
DA:59,1
DA:61,1
DA:67,1
DA:73,1
DA:84,1
DA:102,0
DA:103,0
DA:104,0
DA:105,0
DA:107,0
DA:129,0
DA:130,0
DA:131,0
DA:133,0
DA:134,0
DA:135,0
DA:138,0
DA:140,0
DA:141,0
DA:142,0
DA:144,1
DA:160,0
DA:161,0
DA:163,0
DA:165,0
DA:166,0
DA:171,0
DA:172,0
DA:174,0
DA:175,0
DA:176,0
DA:178,0
DA:179,0
DA:181,0
DA:183,0
DA:185,0
DA:197,0
DA:198,0
DA:200,0
DA:202,0
DA:204,0
DA:216,0
DA:217,0
DA:219,0
DA:221,0
DA:233,0
DA:234,0
DA:235,0
DA:236,0
DA:248,0
DA:250,0
DA:251,0
DA:253,0
DA:254,0
DA:260,0
DA:262,0
DA:263,0
DA:264,0
DA:266,0
DA:268,0
DA:270,0
DA:282,0
DA:283,0
DA:285,0
DA:292,0
DA:294,0
DA:295,0
DA:296,0
DA:298,0
DA:300,0
DA:312,1
DA:326,0
DA:327,0
DA:329,0
DA:331,0
DA:332,0
DA:333,0
DA:334,0
DA:335,0
DA:336,0
DA:338,0
DA:340,1
DA:349,0
DA:350,0
DA:352,1
DA:361,0
DA:362,0
DA:364,1
DA:373,0
DA:374,0
DA:376,1
DA:378,0
DA:380,0
DA:381,0
DA:382,0
DA:384,0
DA:386,0
DA:393,1
DA:395,0
DA:405,0
LF:125
LH:36
FN:41,53,AutonomousExecutionResult.to_dict
FNDA:0,AutonomousExecutionResult.to_dict
FN:59,82,AutonomousAgent.__init__
FNDA:1,AutonomousAgent.__init__
FN:84,142,AutonomousAgent._save_to_database
FNDA:0,AutonomousAgent._save_to_database
FN:144,310,AutonomousAgent.execute_action
FNDA:0,AutonomousAgent.execute_action
FN:312,338,AutonomousAgent.execute_tier_actions
FNDA:0,AutonomousAgent.execute_tier_actions
FN:340,350,AutonomousAgent.run_diagnostics
FNDA:0,AutonomousAgent.run_diagnostics
FN:352,362,AutonomousAgent.run_remediation
FNDA:0,AutonomousAgent.run_remediation
FN:364,374,AutonomousAgent.run_proactive_maintenance
FNDA:0,AutonomousAgent.run_proactive_maintenance
FN:376,391,AutonomousAgent.get_metrics
FNDA:0,AutonomousAgent.get_metrics
FN:393,405,AutonomousAgent.reset_metrics
FNDA:0,AutonomousAgent.reset_metrics
FNF:10
FNH:1
end_of_record
SF:jarvis/code_workspace.py
DA:11,0
DA:12,0
DA:13,0
DA:14,0
DA:15,0
DA:16,0
DA:17,0
DA:18,0
DA:20,0
DA:23,0
DA:26,0
DA:42,0
DA:49,0
DA:50,0
DA:51,0
DA:53,0
DA:55,0
DA:57,0
DA:58,0
DA:60,0
DA:61,0
DA:63,0
DA:67,0
DA:69,0
DA:71,0
DA:80,0
DA:82,0
DA:83,0
DA:84,0
DA:85,0
DA:86,0
DA:88,0
DA:89,0
DA:91,0
DA:92,0
DA:94,0
DA:103,0
DA:105,0
DA:114,0
DA:116,0
DA:117,0
DA:119,0
DA:120,0
DA:122,0
DA:123,0
DA:124,0
DA:126,0
DA:132,0
DA:134,0
DA:135,0
DA:137,0
DA:138,0
DA:139,0
DA:141,0
DA:159,0
DA:161,0
DA:162,0
DA:164,0
DA:165,0
DA:167,0
DA:168,0
DA:169,0
DA:171,0
DA:172,0
DA:174,0
DA:176,0
DA:184,0
DA:186,0
DA:190,0
DA:203,0
DA:211,0
DA:213,0
DA:215,0
DA:217,0
DA:218,0
DA:219,0
DA:221,0
DA:230,0
DA:232,0
DA:242,0
DA:243,0
DA:245,0
DA:246,0
DA:247,0
DA:248,0
DA:250,0
DA:256,0
DA:258,0
DA:260,0
DA:262,0
DA:271,0
DA:273,0
DA:274,0
DA:276,0
DA:278,0
DA:279,0
DA:281,0
DA:282,0
DA:284,0
DA:286,0
DA:287,0
DA:289,0
DA:290,0
DA:292,0
DA:293,0
DA:294,0
DA:296,0
DA:297,0
DA:299,0
DA:300,0
DA:301,0
DA:303,0
DA:310,0
DA:312,0
DA:314,0
DA:316,0
DA:317,0
DA:318,0
DA:320,0
DA:326,0
DA:328,0
DA:329,0
DA:330,0
DA:338,0
DA:340,0
DA:350,0
DA:351,0
DA:353,0
DA:354,0
DA:355,0
DA:357,0
DA:363,0
DA:365,0
DA:367,0
DA:369,0
DA:380,0
DA:383,0
DA:384,0
DA:385,0
DA:386,0
DA:387,0
DA:390,0
DA:391,0
DA:392,0
DA:393,0
DA:394,0
DA:395,0
DA:396,0
DA:397,0
DA:400,0
DA:401,0
DA:402,0
DA:403,0
DA:406,0
DA:407,0
DA:408,0
DA:409,0
DA:410,0
DA:411,0
DA:412,0
DA:413,0
DA:414,0
DA:415,0
DA:416,0
DA:419,0
DA:420,0
DA:421,0
DA:422,0
DA:424,0
DA:426,0
DA:436,0
DA:438,0
DA:439,0
DA:441,0
DA:443,0
DA:446,0
DA:447,0
DA:448,0
DA:449,0
DA:450,0
DA:453,0
DA:454,0
DA:456,0
DA:462,0
DA:464,0
DA:465,0
DA:467,0
DA:468,0
DA:469,0
DA:471,0
DA:482,0
DA:484,0
DA:485,0
DA:487,0
DA:490,0
DA:491,0
DA:492,0
DA:495,0
DA:498,0
DA:499,0
DA:502,0
DA:509,0
DA:511,0
DA:513,0
DA:520,0
DA:521,0
DA:522,0
DA:527,0
DA:536,0
DA:537,0
DA:538,0
DA:540,0
DA:541,0
DA:543,0
DA:544,0
DA:546,0
DA:547,0
LF:217
LH:0
FN:42,53,JarvisCodeWorkspace.__init__
FNDA:0,JarvisCodeWorkspace.__init__
FN:55,69,JarvisCodeWorkspace._setup_audit_logging
FNDA:0,JarvisCodeWorkspace._setup_audit_logging
FN:71,92,JarvisCodeWorkspace._is_path_whitelisted
FNDA:0,JarvisCodeWorkspace._is_path_whitelisted
FN:94,103,JarvisCodeWorkspace._is_safe_path
FNDA:0,JarvisCodeWorkspace._is_safe_path
FN:105,139,JarvisCodeWorkspace.read_file
FNDA:0,JarvisCodeWorkspace.read_file
FN:141,219,JarvisCodeWorkspace.propose_edit
FNDA:0,JarvisCodeWorkspace.propose_edit
FN:221,230,JarvisCodeWorkspace.get_edit_preview
FNDA:0,JarvisCodeWorkspace.get_edit_preview
FN:232,260,JarvisCodeWorkspace.approve_edit
FNDA:0,JarvisCodeWorkspace.approve_edit
FN:262,318,JarvisCodeWorkspace.apply_edit
FNDA:0,JarvisCodeWorkspace.apply_edit
FN:320,338,JarvisCodeWorkspace.list_pending_edits
FNDA:0,JarvisCodeWorkspace.list_pending_edits
FN:340,367,JarvisCodeWorkspace.reject_edit
FNDA:0,JarvisCodeWorkspace.reject_edit
FN:369,424,JarvisCodeWorkspace._analyze_complexity
FNDA:0,JarvisCodeWorkspace._analyze_complexity
FN:426,469,JarvisCodeWorkspace.write_file
FNDA:0,JarvisCodeWorkspace.write_file
FN:471,525,JarvisCodeWorkspace.write_file_safe
FNDA:0,JarvisCodeWorkspace.write_file_safe
FN:527,547,JarvisCodeWorkspace._create_backup
FNDA:0,JarvisCodeWorkspace._create_backup
FNF:15
FNH:0
end_of_record
SF:jarvis/command_whitelist.py
DA:8,1
DA:9,1
DA:10,1
DA:13,1
DA:15,1
DA:16,1
DA:17,1
DA:18,1
DA:19,1
DA:20,1
DA:23,1
DA:26,1
DA:60,1
DA:189,1
DA:264,1
DA:303,1
DA:304,1
DA:313,0
DA:315,0
DA:316,0
DA:318,0
DA:319,0
DA:320,0
DA:322,0
DA:328,0
DA:329,0
DA:330,0
DA:331,0
DA:338,0
DA:340,1
DA:341,1
DA:350,0
DA:352,0
DA:360,1
DA:361,1
DA:363,0
DA:365,1
DA:366,1
DA:368,0
LF:39
LH:23
FN:304,338,CommandWhitelist.validate_command
FNDA:0,CommandWhitelist.validate_command
FN:341,358,CommandWhitelist.get_command_info
FNDA:0,CommandWhitelist.get_command_info
FN:361,363,CommandWhitelist.list_safe_commands
FNDA:0,CommandWhitelist.list_safe_commands
FN:366,372,CommandWhitelist.list_all_allowed_commands
FNDA:0,CommandWhitelist.list_all_allowed_commands
FNF:4
FNH:0
end_of_record
SF:jarvis/compose_templates.py
DA:2,1
DA:3,1
DA:5,1
DA:31,0
DA:33,0
DA:55,0
DA:56,0
DA:59,0
DA:60,0
DA:63,0
DA:64,0
DA:66,0
DA:69,0
DA:71,0
DA:76,0
DA:78,1
DA:87,0
LF:17
LH:4
FN:5,76,generate_compose_spec
FNDA:0,generate_compose_spec
FN:78,87,compose_to_yaml
FNDA:0,compose_to_yaml
FNF:2
FNH:0
end_of_record
SF:jarvis/deployment_executor.py
DA:2,1
DA:3,1
DA:4,1
DA:5,1
DA:6,1
DA:7,1
DA:8,1
DA:9,1
DA:10,1
DA:11,1
DA:12,1
DA:14,1
DA:16,1
DA:17,1
DA:18,1
DA:19,0
DA:20,0
DA:21,0
DA:24,1
DA:27,1
DA:34,1
DA:35,1
DA:36,0
DA:37,1
DA:38,1
DA:39,1
DA:41,1
DA:42,1
DA:45,1
DA:47,1
DA:49,1
DA:50,1
DA:56,0
DA:57,0
DA:58,0
DA:60,0
DA:61,0
DA:62,1
DA:63,1
DA:64,1
DA:66,1
DA:94,0
DA:95,0
DA:97,0
DA:98,0
DA:100,0
DA:102,0
DA:103,0
DA:104,0
DA:107,0
DA:116,0
DA:117,0
DA:120,0
DA:130,0
DA:131,0
DA:132,0
DA:135,0
DA:145,0
DA:146,0
DA:147,0
DA:149,0
DA:152,0
DA:153,0
DA:155,0
DA:156,0
DA:158,0
DA:160,0
DA:161,0
DA:162,0
DA:163,0
DA:164,0
DA:166,0
DA:168,1
DA:180,0
DA:181,0
DA:183,0
DA:184,0
DA:185,0
DA:187,0
DA:190,0
DA:192,0
DA:200,0
DA:201,0
DA:204,0
DA:212,0
DA:213,0
DA:215,0
DA:217,0
DA:218,0
DA:219,0
DA:220,0
DA:226,1
DA:236,0
DA:237,0
DA:239,0
DA:240,0
DA:242,0
DA:243,0
DA:245,0
DA:246,0
DA:248,0
DA:255,0
DA:256,0
DA:258,0
DA:259,0
DA:261,0
DA:263,1
DA:273,0
DA:274,0
DA:276,0
DA:277,0
DA:279,0
DA:286,0
LF:113
LH:35
FN:27,45,DeploymentExecutor.__init__
FNDA:1,DeploymentExecutor.__init__
FN:47,64,DeploymentExecutor._check_docker_compose_cli
FNDA:1,DeploymentExecutor._check_docker_compose_cli
FN:66,166,DeploymentExecutor.create_deployment
FNDA:0,DeploymentExecutor.create_deployment
FN:168,224,DeploymentExecutor._execute_deployment
FNDA:0,DeploymentExecutor._execute_deployment
FN:226,261,DeploymentExecutor.stop_deployment
FNDA:0,DeploymentExecutor.stop_deployment
FN:263,286,DeploymentExecutor.get_deployment_logs
FNDA:0,DeploymentExecutor.get_deployment_logs
FNF:6
FNH:2
end_of_record
SF:jarvis/dockerfile_templates.py
DA:3,1
DA:92,1
DA:105,0
DA:106,0
DA:107,0
DA:110,0
DA:111,0
DA:112,0
DA:113,0
LF:9
LH:2
FN:92,113,generate_dockerfile
FNDA:0,generate_dockerfile
FNF:1
FNH:0
end_of_record
SF:jarvis/observability.py
DA:7,0
DA:8,0
DA:9,0
DA:10,0
DA:11,0
DA:12,0
DA:14,0
DA:17,0
DA:19,0
DA:20,0
DA:21,0
DA:22,0
DA:25,0
DA:28,0
DA:30,0
DA:49,0
DA:55,0
DA:68,0
DA:76,0
DA:78,0
DA:79,0
DA:81,0
DA:96,0
DA:104,0
DA:105,0
DA:107,0
DA:108,0
DA:110,0
DA:111,0
DA:112,0
DA:116,0
DA:131,0
DA:140,0
DA:142,0
DA:143,0
DA:145,0
DA:156,0
DA:163,0
DA:165,0
DA:176,0
DA:183,0
DA:185,0
DA:196,0
DA:203,0
DA:205,0
DA:214,0
DA:220,0
DA:222,0
DA:235,0
DA:243,0
DA:245,0
DA:251,0
DA:252,0
DA:253,0
DA:258,0
DA:267,0
DA:269,0
DA:270,0
DA:276,0
DA:278,0
DA:284,0
DA:286,0
DA:287,0
DA:288,0
DA:290,0
DA:291,0
DA:292,0
DA:294,0
DA:295,0
DA:296,0
DA:298,0
DA:299,0
DA:300,0
DA:301,0
DA:303,0
DA:304,0
DA:305,0
DA:310,0
DA:311,0
DA:312,0
DA:314,0
DA:318,0
LF:82
LH:0
FN:28,53,AutonomousMetrics.__init__
FNDA:0,AutonomousMetrics.__init__
FN:55,79,AutonomousMetrics.record_action_start
FNDA:0,AutonomousMetrics.record_action_start
FN:81,114,AutonomousMetrics.record_action_success
FNDA:0,AutonomousMetrics.record_action_success
FN:116,143,AutonomousMetrics.record_action_failure
FNDA:0,AutonomousMetrics.record_action_failure
FN:145,163,AutonomousMetrics.record_action_deferred
FNDA:0,AutonomousMetrics.record_action_deferred
FN:165,183,AutonomousMetrics.record_action_rejected
FNDA:0,AutonomousMetrics.record_action_rejected
FN:185,203,AutonomousMetrics.record_circuit_breaker_opened
FNDA:0,AutonomousMetrics.record_circuit_breaker_opened
FN:205,220,AutonomousMetrics.record_rate_limit_hit
FNDA:0,AutonomousMetrics.record_rate_limit_hit
FN:222,243,AutonomousMetrics.record_safety_violation
FNDA:0,AutonomousMetrics.record_safety_violation
FN:245,265,AutonomousMetrics.get_metrics
FNDA:0,AutonomousMetrics.get_metrics
FN:267,276,AutonomousMetrics.reset_metrics
FNDA:0,AutonomousMetrics.reset_metrics
FN:278,314,AutonomousMetrics.export_prometheus_format
FNDA:0,AutonomousMetrics.export_prometheus_format
FNF:12
FNH:0
end_of_record
SF:jarvis/personality_profile.py
DA:5,1
DA:6,1
DA:7,1
DA:10,1
DA:12,1
DA:13,1
DA:14,1
DA:17,1
DA:29,1
DA:32,1
DA:43,1
DA:81,1
DA:111,1
DA:121,1
DA:131,1
DA:140,1
DA:141,1
DA:143,0
DA:145,1
DA:146,1
DA:163,0
DA:165,0
DA:167,0
DA:168,0
DA:171,0
DA:172,0
DA:173,0
DA:174,0
DA:176,1
DA:177,1
DA:194,0
DA:195,0
DA:198,0
DA:200,0
DA:201,0
DA:202,0
DA:203,0
DA:205,1
DA:206,1
DA:208,0
DA:210,1
DA:211,1
DA:222,0
DA:223,0
DA:224,0
DA:225,0
DA:227,1
DA:228,1
DA:230,0
DA:233,1
DA:239,1
DA:240,1
DA:241,1
DA:243,1
DA:262,0
DA:264,0
DA:265,0
DA:270,0
DA:272,0
DA:274,0
DA:280,1
DA:288,0
DA:290,0
DA:291,0
DA:298,0
DA:300,0
DA:305,1
DA:313,0
DA:315,0
DA:316,0
DA:322,0
DA:324,0
DA:329,1
DA:336,0
DA:338,0
DA:339,0
DA:344,0
DA:346,0
DA:351,1
DA:358,0
DA:360,0
DA:361,0
DA:366,0
DA:368,0
DA:370,0
DA:375,1
DA:385,0
DA:391,1
DA:393,0
DA:397,1
LF:90
LH:39
FN:141,143,PersonalityProfile.get_greeting
FNDA:0,PersonalityProfile.get_greeting
FN:146,174,PersonalityProfile.get_success_message
FNDA:0,PersonalityProfile.get_success_message
FN:177,203,PersonalityProfile.get_error_message
FNDA:0,PersonalityProfile.get_error_message
FN:206,208,PersonalityProfile.get_working_message
FNDA:0,PersonalityProfile.get_working_message
FN:211,225,PersonalityProfile.add_humanity_theme
FNDA:0,PersonalityProfile.add_humanity_theme
FN:228,230,PersonalityProfile.should_add_humor
FNDA:0,PersonalityProfile.should_add_humor
FN:239,241,PersonalityOrchestrator.__init__
FNDA:1,PersonalityOrchestrator.__init__
FN:243,278,PersonalityOrchestrator.enhance_deployment_response
FNDA:0,PersonalityOrchestrator.enhance_deployment_response
FN:280,303,PersonalityOrchestrator.enhance_database_response
FNDA:0,PersonalityOrchestrator.enhance_database_response
FN:305,327,PersonalityOrchestrator.enhance_ssl_response
FNDA:0,PersonalityOrchestrator.enhance_ssl_response
FN:329,349,PersonalityOrchestrator.enhance_smart_home_response
FNDA:0,PersonalityOrchestrator.enhance_smart_home_response
FN:351,373,PersonalityOrchestrator.enhance_automation_response
FNDA:0,PersonalityOrchestrator.enhance_automation_response
FN:375,389,PersonalityOrchestrator.wrap_error
FNDA:0,PersonalityOrchestrator.wrap_error
FN:391,393,PersonalityOrchestrator.get_greeting
FNDA:0,PersonalityOrchestrator.get_greeting
FNF:14
FNH:1
end_of_record
SF:jarvis/policy_engine.py
DA:14,1
DA:15,1
DA:16,1
DA:17,1
DA:18,1
DA:19,1
DA:20,1
DA:21,1
DA:22,1
DA:24,1
DA:27,1
DA:29,1
DA:30,1
DA:31,1
DA:32,1
DA:35,1
DA:37,1
DA:38,1
DA:39,1
DA:42,1
DA:43,1
DA:45,1
DA:46,1
DA:47,1
DA:48,1
DA:49,1
DA:50,1
DA:51,1
DA:52,1
DA:53,1
DA:55,1
DA:57,0
DA:70,1
DA:74,1
DA:89,1
DA:100,1
DA:113,1
DA:114,1
DA:115,1
DA:117,1
DA:118,1
DA:119,1
DA:121,1
DA:122,1
DA:124,1
DA:126,1
DA:128,1
DA:129,0
DA:130,0
DA:132,1
DA:133,1
DA:134,1
DA:135,1
DA:136,1
DA:137,1
DA:138,1
DA:139,1
DA:140,0
DA:141,0
DA:143,1
DA:145,0
DA:147,1
DA:149,0
DA:151,1
DA:157,0
DA:159,0
DA:160,0
DA:161,0
DA:163,0
DA:164,0
DA:165,0
DA:167,0
DA:169,1
DA:175,0
DA:176,0
DA:178,0
DA:179,0
DA:181,0
DA:186,0
DA:187,0
DA:189,0
DA:191,1
DA:197,0
DA:198,0
DA:200,0
DA:201,0
DA:203,0
DA:204,0
DA:206,0
DA:211,0
DA:213,0
DA:214,0
DA:215,0
DA:219,0
DA:221,0
DA:223,1
DA:232,0
DA:234,0
DA:235,0
DA:237,0
DA:238,0
DA:240,0
DA:241,0
DA:242,0
DA:243,0
DA:245,0
DA:246,0
DA:247,0
DA:249,0
DA:250,0
DA:251,0
DA:252,0
DA:254,0
DA:255,0
DA:256,0
DA:257,0
DA:259,0
DA:261,1
DA:271,0
DA:273,0
DA:274,0
DA:276,0
DA:277,0
DA:279,0
DA:280,0
DA:281,0
DA:282,0
DA:283,0
DA:284,0
DA:286,0
DA:287,0
DA:288,0
DA:289,0
DA:290,0
DA:291,0
DA:293,0
DA:294,0
DA:295,0
DA:297,0
DA:299,1
DA:315,0
DA:317,0
DA:318,0
DA:319,0
DA:331,0
DA:332,0
DA:333,0
DA:334,0
DA:335,0
DA:337,0
DA:345,0
DA:346,0
DA:358,0
DA:359,0
DA:360,0
DA:372,0
DA:373,0
DA:374,0
DA:386,0
DA:387,0
DA:388,0
DA:400,0
DA:401,0
DA:402,0
DA:414,0
DA:415,0
DA:416,0
DA:428,0
DA:429,0
DA:431,0
DA:443,0
DA:455,1
DA:462,0
DA:463,0
DA:464,0
DA:465,0
DA:467,0
DA:469,1
DA:475,0
DA:476,0
DA:477,0
DA:478,0
DA:480,1
DA:482,0
LF:184
LH:65
FN:55,67,PolicyResult.to_dict
FNDA:0,PolicyResult.to_dict
FN:100,124,PolicyEngine.__init__
FNDA:1,PolicyEngine.__init__
FN:126,141,PolicyEngine._load_action_definitions
FNDA:1,PolicyEngine._load_action_definitions
FN:143,145,PolicyEngine.get_action_definition
FNDA:0,PolicyEngine.get_action_definition
FN:147,149,PolicyEngine.list_all_actions
FNDA:0,PolicyEngine.list_all_actions
FN:151,167,PolicyEngine._check_forbidden_operations
FNDA:0,PolicyEngine._check_forbidden_operations
FN:169,189,PolicyEngine._check_rate_limit
FNDA:0,PolicyEngine._check_rate_limit
FN:191,221,PolicyEngine._check_circuit_breaker
FNDA:0,PolicyEngine._check_circuit_breaker
FN:223,259,PolicyEngine._validate_preconditions
FNDA:0,PolicyEngine._validate_preconditions
FN:261,297,PolicyEngine._validate_safety_checks
FNDA:0,PolicyEngine._validate_safety_checks
FN:299,453,PolicyEngine.evaluate_action
FNDA:0,PolicyEngine.evaluate_action
FN:455,467,PolicyEngine.record_execution_result
FNDA:0,PolicyEngine.record_execution_result
FN:469,478,PolicyEngine.reset_circuit_breaker
FNDA:0,PolicyEngine.reset_circuit_breaker
FN:480,489,PolicyEngine.get_policy_stats
FNDA:0,PolicyEngine.get_policy_stats
FNF:14
FNH:2
end_of_record
SF:jarvis/safe_executor.py
DA:12,1
DA:13,1
DA:14,1
DA:15,1
DA:16,1
DA:17,1
DA:18,1
DA:19,1
DA:20,1
DA:21,1
DA:22,1
DA:24,1
DA:27,1
DA:30,1
DA:32,1
DA:33,1
DA:34,1
DA:37,1
DA:38,1
DA:40,1
DA:41,1
DA:42,1
DA:43,1
DA:44,1
DA:45,1
DA:46,1
DA:47,1
DA:48,1
DA:49,1
DA:50,1
DA:52,1
DA:54,0
DA:69,1
DA:72,1
DA:78,1
DA:80,1
DA:93,1
DA:94,1
DA:95,1
DA:97,1
DA:99,1
DA:101,1
DA:103,1
DA:105,1
DA:106,1
DA:108,1
DA:109,1
DA:111,1
DA:115,1
DA:117,1
DA:119,1
DA:125,0
DA:127,0
DA:132,0
DA:133,0
DA:135,0
DA:137,1
DA:144,0
DA:156,0
DA:158,1
DA:167,0
DA:169,1
DA:179,0
DA:180,0
DA:182,0
DA:184,0
DA:186,0
DA:200,0
DA:202,0
DA:204,0
DA:206,1
DA:226,0
DA:227,0
DA:229,0
DA:231,0
DA:232,0
DA:246,0
DA:247,0
DA:248,0
DA:250,0
DA:251,0
DA:252,0
DA:266,0
DA:267,0
DA:268,0
DA:270,0
DA:271,0
DA:285,0
DA:286,0
DA:287,0
DA:289,0
DA:291,0
DA:293,0
DA:294,0
DA:296,0
DA:306,0
DA:308,0
DA:322,0
DA:324,0
DA:330,0
DA:332,0
DA:333,0
DA:335,0
DA:349,0
DA:350,0
DA:351,0
DA:353,0
DA:354,0
DA:356,0
DA:370,0
DA:371,0
DA:372,0
DA:374,1
DA:383,0
DA:385,1
DA:387,0
DA:389,1
DA:400,0
DA:401,0
DA:403,0
DA:404,0
DA:407,0
DA:409,0
DA:410,0
DA:411,0
DA:412,0
DA:413,0
DA:415,0
DA:416,0
DA:417,0
DA:423,0
DA:424,0
DA:426,0
DA:428,0
DA:429,0
DA:430,0
DA:432,0
DA:433,0
DA:435,0
DA:436,0
DA:438,0
DA:441,0
DA:442,0
DA:443,0
DA:445,0
DA:446,0
DA:448,1
DA:457,0
DA:458,0
DA:459,0
DA:461,0
DA:464,0
DA:466,0
DA:467,0
DA:468,0
DA:469,0
DA:471,0
DA:473,0
DA:479,0
DA:481,0
DA:483,0
DA:485,0
DA:486,0
DA:487,0
DA:489,1
DA:507,0
DA:508,0
DA:509,0
DA:511,0
DA:514,0
DA:516,0
DA:517,0
DA:518,0
DA:519,0
DA:520,0
DA:522,0
DA:523,0
DA:525,0
DA:526,0
DA:528,0
DA:530,0
DA:531,0
DA:532,0
DA:534,0
DA:535,0
DA:536,0
DA:537,0
DA:538,0
DA:540,0
DA:542,0
DA:543,0
DA:544,0
DA:546,0
DA:548,0
DA:556,0
DA:558,0
DA:560,0
DA:562,0
DA:563,0
DA:564,0
LF:200
LH:59
FN:52,66,ExecutionResult.to_dict
FNDA:0,ExecutionResult.to_dict
FN:80,101,SafeCommandExecutor.__init__
FNDA:1,SafeCommandExecutor.__init__
FN:103,117,SafeCommandExecutor._setup_audit_logging
FNDA:1,SafeCommandExecutor._setup_audit_logging
FN:119,135,SafeCommandExecutor._check_rate_limit
FNDA:0,SafeCommandExecutor._check_rate_limit
FN:137,156,SafeCommandExecutor._log_audit
FNDA:0,SafeCommandExecutor._log_audit
FN:158,167,SafeCommandExecutor.validate_command
FNDA:0,SafeCommandExecutor.validate_command
FN:169,204,SafeCommandExecutor.dry_run
FNDA:0,SafeCommandExecutor.dry_run
FN:206,372,SafeCommandExecutor.execute
FNDA:0,SafeCommandExecutor.execute
FN:374,383,SafeCommandExecutor.get_command_info
FNDA:0,SafeCommandExecutor.get_command_info
FN:385,387,SafeCommandExecutor.list_safe_commands
FNDA:0,SafeCommandExecutor.list_safe_commands
FN:389,446,SafeCommandExecutor.validate_config_file
FNDA:0,SafeCommandExecutor.validate_config_file
FN:448,487,SafeCommandExecutor.backup_config_file
FNDA:0,SafeCommandExecutor.backup_config_file
FN:489,564,SafeCommandExecutor.edit_config_safely
FNDA:0,SafeCommandExecutor.edit_config_safely
FNF:13
FNH:2
end_of_record
SF:jarvis/task_executor.py
DA:8,0
DA:9,0
DA:10,0
DA:11,0
DA:12,0
DA:14,0
DA:16,0
DA:19,0
DA:22,0
DA:24,0
DA:25,0
DA:26,0
DA:27,0
DA:29,0
DA:31,0
DA:41,0
DA:42,0
DA:43,0
DA:50,0
DA:51,0
DA:53,0
DA:67,0
DA:69,0
DA:71,0
DA:73,0
DA:75,0
DA:77,0
DA:78,0
DA:80,0
DA:81,0
DA:82,0
DA:84,0
DA:85,0
DA:87,0
DA:89,0
DA:90,0
DA:92,0
DA:93,0
DA:94,0
DA:96,0
DA:97,0
DA:99,0
DA:101,0
DA:103,0
DA:104,0
DA:105,0
DA:107,0
DA:109,0
DA:111,0
DA:112,0
DA:115,0
DA:123,0
DA:129,0
DA:143,0
DA:144,0
DA:145,0
DA:147,0
DA:149,0
DA:150,0
DA:152,0
DA:153,0
DA:155,0
DA:156,0
DA:158,0
DA:159,0
DA:160,0
DA:166,0
DA:167,0
DA:169,0
DA:170,0
DA:176,0
DA:177,0
DA:179,0
DA:181,0
DA:184,0
DA:185,0
DA:187,0
DA:188,0
DA:194,0
DA:195,0
DA:196,0
DA:198,0
DA:199,0
DA:201,0
DA:202,0
DA:208,0
DA:216,0
DA:218,0
DA:221,0
DA:222,0
DA:223,0
DA:225,0
DA:227,0
DA:234,0
DA:243,0
DA:244,0
DA:252,0
DA:258,0
DA:260,0
DA:261,0
DA:262,0
DA:263,0
DA:265,0
DA:266,0
DA:268,0
DA:269,0
DA:270,0
DA:271,0
DA:272,0
DA:277,0
DA:279,0
DA:280,0
DA:281,0
DA:282,0
DA:284,0
DA:285,0
DA:287,0
DA:288,0
DA:289,0
DA:290,0
DA:291,0
DA:298,0
DA:300,0
DA:301,0
DA:306,0
DA:307,0
DA:315,0
DA:321,0
DA:336,0
DA:342,0
DA:343,0
DA:344,0
DA:346,0
DA:361,0
DA:364,0
DA:369,0
DA:373,0
DA:378,0
DA:379,0
DA:382,0
DA:383,0
DA:384,0
DA:385,0
DA:386,0
DA:389,0
DA:390,0
DA:393,0
DA:395,0
DA:405,0
DA:407,0
DA:409,0
DA:414,0
DA:415,0
DA:418,0
DA:419,0
DA:422,0
DA:424,0
DA:426,0
DA:433,0
DA:434,0
DA:435,0
DA:436,0
DA:437,0
DA:440,0
DA:441,0
DA:444,0
DA:445,0
DA:447,0
DA:450,0
DA:451,0
DA:456,0
DA:457,0
DA:458,0
DA:460,0
DA:462,0
DA:463,0
DA:465,0
DA:467,0
DA:468,0
DA:469,0
DA:470,0
DA:474,0
DA:479,0
DA:481,0
DA:487,0
DA:488,0
DA:496,0
DA:502,0
DA:503,0
DA:507,0
LF:190
LH:0
FN:22,29,JarvisTaskExecutor.__init__
FNDA:0,JarvisTaskExecutor.__init__
FN:31,51,JarvisTaskExecutor.add_to_queue
FNDA:0,JarvisTaskExecutor.add_to_queue
FN:53,127,JarvisTaskExecutor.execute_task
FNDA:0,JarvisTaskExecutor.execute_task
FN:129,344,JarvisTaskExecutor._attempt_execution
FNDA:0,JarvisTaskExecutor._attempt_execution
FN:346,393,JarvisTaskExecutor._analyze_complexity
FNDA:0,JarvisTaskExecutor._analyze_complexity
FN:395,424,JarvisTaskExecutor.on_user_response
FNDA:0,JarvisTaskExecutor.on_user_response
FN:426,463,JarvisTaskExecutor._resume_task
FNDA:0,JarvisTaskExecutor._resume_task
FN:465,479,JarvisTaskExecutor._execute_next_task
FNDA:0,JarvisTaskExecutor._execute_next_task
FN:481,494,JarvisTaskExecutor.get_status
FNDA:0,JarvisTaskExecutor.get_status
FN:496,503,JarvisTaskExecutor.get_queue_status
FNDA:0,JarvisTaskExecutor.get_queue_status
FNF:10
FNH:0
end_of_record
SF:models/__init__.py
DA:1,1
DA:2,1
DA:3,1
DA:4,1
DA:6,1
DA:8,1
DA:9,1
DA:10,1
DA:11,1
DA:12,0
DA:14,1
DA:15,1
DA:16,0
DA:17,0
DA:19,1
DA:20,1
DA:21,1
DA:22,1
DA:23,1
DA:24,1
DA:25,1
DA:26,1
DA:27,1
DA:28,1
DA:29,1
DA:30,1
DA:31,1
DA:32,1
DA:33,1
DA:34,1
DA:35,1
DA:36,1
DA:38,1
LF:33
LH:30
FN:8,12,get_engine
FNDA:1,get_engine
FN:14,17,get_session
FNDA:1,get_session
FNF:2
FNH:2
end_of_record
SF:models/agent_message.py
DA:6,1
DA:7,1
DA:8,1
DA:9,1
DA:12,1
DA:14,1
DA:16,1
DA:17,1
DA:18,1
DA:19,1
DA:20,1
DA:21,1
DA:22,1
DA:23,1
DA:24,1
DA:25,1
DA:26,1
DA:28,1
DA:30,0
DA:44,1
DA:45,1
DA:47,0
DA:60,1
DA:61,1
DA:63,0
DA:72,1
DA:73,1
DA:75,0
DA:84,1
DA:85,0
LF:30
LH:25
FN:28,42,AgentMessage.to_dict
FNDA:0,AgentMessage.to_dict
FN:45,58,AgentMessage.create_task_delegation
FNDA:0,AgentMessage.create_task_delegation
FN:61,70,AgentMessage.create_status_update
FNDA:0,AgentMessage.create_status_update
FN:73,82,AgentMessage.create_response
FNDA:0,AgentMessage.create_response
FN:84,85,AgentMessage.__repr__
FNDA:0,AgentMessage.__repr__
FNF:5
FNH:0
end_of_record
SF:models/artifact.py
DA:1,1
DA:2,1
DA:3,1
DA:4,1
DA:5,1
DA:6,1
DA:7,1
DA:8,1
DA:9,1
DA:11,1
DA:12,1
DA:13,1
DA:14,1
DA:15,1
DA:17,1
DA:18,1
DA:19,1
DA:20,1
DA:21,1
DA:23,1
DA:24,1
DA:26,1
DA:27,1
DA:28,1
DA:29,1
DA:30,1
DA:31,1
DA:32,1
DA:33,1
DA:34,1
DA:35,1
DA:36,1
DA:37,1
DA:39,1
DA:40,1
DA:41,1
DA:42,1
DA:44,1
DA:45,0
DA:47,1
DA:48,0
LF:41
LH:39
FN:44,45,Artifact.__repr__
FNDA:0,Artifact.__repr__
FN:47,65,Artifact.to_dict
FNDA:0,Artifact.to_dict
FNF:2
FNH:0
end_of_record
SF:models/celery_job_history.py
DA:1,1
DA:2,1
DA:3,1
DA:4,1
DA:5,1
DA:6,1
DA:9,1
DA:11,1
DA:12,1
DA:13,1
DA:14,1
DA:15,1
DA:16,1
DA:19,1
DA:21,1
DA:23,1
DA:24,1
DA:25,1
DA:26,1
DA:27,1
DA:30,1
DA:31,1
DA:32,1
DA:33,1
DA:36,1
DA:37,1
DA:38,1
DA:39,1
DA:42,1
DA:43,1
DA:44,1
DA:45,1
DA:48,1
DA:49,1
DA:51,1
DA:52,0
DA:54,1
DA:56,0
DA:77,1
DA:78,1
DA:80,0
DA:81,0
DA:83,0
DA:85,0
DA:89,0
DA:90,0
DA:92,0
DA:97,0
DA:99,1
DA:100,1
DA:102,0
DA:103,0
DA:105,0
DA:107,0
DA:119,1
DA:120,1
DA:122,0
DA:123,0
DA:125,0
DA:127,0
DA:141,1
DA:142,1
DA:144,0
DA:145,0
DA:147,0
DA:149,0
DA:155,0
DA:156,0
DA:158,0
DA:159,0
LF:70
LH:44
FN:51,52,CeleryJobHistory.__repr__
FNDA:0,CeleryJobHistory.__repr__
FN:54,75,CeleryJobHistory.to_dict
FNDA:0,CeleryJobHistory.to_dict
FN:78,97,CeleryJobHistory.get_success_rate
FNDA:0,CeleryJobHistory.get_success_rate
FN:100,117,CeleryJobHistory.get_most_failing_tasks
FNDA:0,CeleryJobHistory.get_most_failing_tasks
FN:120,139,CeleryJobHistory.get_hourly_stats
FNDA:0,CeleryJobHistory.get_hourly_stats
FN:142,159,CeleryJobHistory.get_average_execution_time
FNDA:0,CeleryJobHistory.get_average_execution_time
FNF:6
FNH:0
end_of_record
SF:models/container_template.py
DA:1,1
DA:2,1
DA:3,1
DA:4,1
DA:5,1
DA:6,1
DA:7,1
DA:8,1
DA:14,1
DA:16,1
DA:18,1
DA:19,1
DA:20,1
DA:21,1
DA:22,1
DA:23,1
DA:26,1
DA:27,1
DA:28,1
DA:29,1
DA:30,1
DA:33,1
DA:34,1
DA:35,1
DA:36,1
DA:39,1
DA:40,1
DA:41,1
DA:44,1
DA:45,1
DA:48,1
DA:49,1
DA:52,1
DA:58,1
DA:59,0
DA:61,1
DA:62,0
LF:37
LH:35
FN:58,59,ContainerTemplate.__repr__
FNDA:0,ContainerTemplate.__repr__
FN:61,85,ContainerTemplate.to_dict
FNDA:0,ContainerTemplate.to_dict
FNF:2
FNH:0
end_of_record
SF:models/deployed_container.py
DA:1,1
DA:2,1
DA:3,1
DA:4,1
DA:5,1
DA:6,1
DA:7,1
DA:8,1
DA:9,1
DA:15,1
DA:16,1
DA:17,1
DA:18,1
DA:19,1
DA:20,1
DA:23,1
DA:25,1
DA:27,1
DA:28,1
DA:34,1
DA:35,1
DA:36,1
DA:43,1
DA:44,1
DA:45,1
DA:48,1
DA:49,1
DA:50,1
DA:53,1
DA:54,1
DA:55,1
DA:58,1
DA:59,1
DA:60,1
DA:63,1
DA:69,1
DA:70,0
DA:72,1
DA:73,0
LF:39
LH:37
FN:69,70,DeployedContainer.__repr__
FNDA:0,DeployedContainer.__repr__
FN:72,92,DeployedContainer.to_dict
FNDA:0,DeployedContainer.to_dict
FNF:2
FNH:0
end_of_record
SF:models/deployment.py
DA:1,1
DA:2,1
DA:3,1
DA:4,1
DA:5,1
DA:6,1
DA:7,1
DA:8,1
DA:9,1
DA:16,1
DA:17,1
DA:18,1
DA:19,1
DA:20,1
DA:21,1
DA:23,1
DA:24,1
DA:25,1
DA:26,1
DA:28,1
DA:29,1
DA:31,1
DA:32,1
DA:33,1
DA:34,1
DA:35,1
DA:36,1
DA:37,1
DA:38,1
DA:39,1
DA:40,1
DA:41,1
DA:42,1
DA:43,1
DA:44,1
DA:45,1
DA:46,1
DA:47,1
DA:49,1
DA:50,1
DA:51,1
DA:52,1
DA:53,1
DA:55,1
DA:56,0
DA:58,1
DA:59,0
LF:47
LH:45
FN:55,56,Deployment.__repr__
FNDA:0,Deployment.__repr__
FN:58,77,Deployment.to_dict
FNDA:0,Deployment.to_dict
FNF:2
FNH:0
end_of_record
SF:models/domain_event.py
DA:3,1
DA:4,1
DA:5,1
DA:6,1
DA:7,1
DA:8,1
DA:9,1
DA:10,1
DA:12,1
DA:13,1
DA:16,1
DA:18,1
DA:20,1
DA:21,1
DA:25,1
DA:26,1
DA:27,1
DA:28,1
DA:29,1
DA:30,1
DA:31,1
DA:32,1
DA:33,1
DA:34,1
DA:35,1
DA:42,1
DA:47,1
DA:48,0
DA:50,1
DA:52,0
DA:68,1
DA:69,1
DA:84,0
LF:33
LH:30
FN:47,48,DomainEvent.__repr__
FNDA:0,DomainEvent.__repr__
FN:50,66,DomainEvent.to_dict
FNDA:0,DomainEvent.to_dict
FN:69,96,DomainEvent.create_event
FNDA:0,DomainEvent.create_event
FNF:3
FNH:0
end_of_record
SF:models/domain_record.py
DA:1,1
DA:2,1
DA:3,1
DA:4,1
DA:5,1
DA:6,1
DA:7,1
DA:8,1
DA:9,1
DA:16,1
DA:17,1
DA:18,1
DA:19,1
DA:20,1
DA:21,1
DA:23,1
DA:24,1
DA:25,1
DA:26,1
DA:27,1
DA:29,1
DA:30,1
DA:32,1
DA:33,1
DA:34,1
DA:35,1
DA:36,1
DA:37,1
DA:38,1
DA:39,1
DA:40,1
DA:41,1
DA:42,1
DA:43,1
DA:44,1
DA:45,1
DA:46,1
DA:47,1
DA:48,1
DA:49,1
DA:52,1
DA:53,1
DA:54,1
DA:55,1
DA:56,1
DA:57,1
DA:58,1
DA:59,1
DA:60,1
DA:61,1
DA:62,1
DA:63,1
DA:64,1
DA:67,1
DA:68,1
DA:69,1
DA:70,1
DA:71,1
DA:74,1
DA:75,1
DA:76,1
DA:78,1
DA:79,0
DA:81,1
DA:82,0
DA:123,1
DA:124,1
DA:126,0
DA:127,0
DA:128,0
LF:70
LH:65
FN:78,79,DomainRecord.__repr__
FNDA:0,DomainRecord.__repr__
FN:81,121,DomainRecord.to_dict
FNDA:0,DomainRecord.to_dict
FN:124,128,DomainRecord.full_domain
FNDA:0,DomainRecord.full_domain
FNF:3
FNH:0
end_of_record
SF:models/domain_task.py
DA:3,1
DA:4,1
DA:5,1
DA:6,1
DA:7,1
DA:8,1
DA:9,1
DA:10,1
DA:12,1
DA:13,1
DA:16,1
DA:18,1
DA:20,1
DA:21,1
DA:26,1
DA:27,1
DA:28,1
DA:29,1
DA:30,1
DA:31,1
DA:32,1
DA:33,1
DA:34,1
DA:35,1
DA:36,1
DA:37,1
DA:38,1
DA:39,1
DA:40,1
DA:41,1
DA:42,1
DA:46,1
DA:47,1
DA:52,1
DA:60,1
DA:64,1
DA:69,1
DA:74,1
DA:75,0
DA:77,1
DA:79,0
DA:104,1
DA:106,0
DA:107,0
DA:109,1
DA:111,0
DA:112,0
DA:113,0
DA:114,0
DA:116,1
DA:118,0
DA:119,0
DA:120,0
DA:121,0
DA:122,0
DA:124,1
DA:126,0
DA:127,0
DA:128,0
DA:130,0
DA:131,0
DA:133,1
DA:135,0
DA:137,0
DA:138,0
DA:140,0
DA:141,0
DA:143,0
DA:144,0
DA:146,1
DA:147,1
DA:155,0
LF:72
LH:46
FN:74,75,DomainTask.__repr__
FNDA:0,DomainTask.__repr__
FN:77,102,DomainTask.to_dict
FNDA:0,DomainTask.to_dict
FN:104,107,DomainTask.mark_started
FNDA:0,DomainTask.mark_started
FN:109,114,DomainTask.mark_completed
FNDA:0,DomainTask.mark_completed
FN:116,122,DomainTask.mark_failed
FNDA:0,DomainTask.mark_failed
FN:124,131,DomainTask.retry
FNDA:0,DomainTask.retry
FN:133,144,DomainTask.update_step
FNDA:0,DomainTask.update_step
FN:147,176,DomainTask.create_provision_task
FNDA:0,DomainTask.create_provision_task
FNF:8
FNH:0
end_of_record
SF:models/dyndns_host.py
DA:1,1
DA:2,1
DA:3,1
DA:4,1
DA:5,1
DA:6,1
DA:9,1
DA:11,1
DA:13,1
DA:14,1
DA:15,1
DA:16,1
DA:17,1
DA:18,1
DA:19,1
DA:20,1
DA:21,1
DA:22,1
DA:23,1
DA:29,1
DA:30,0
DA:32,1
DA:34,0
LF:23
LH:21
FN:29,30,DynDNSHost.__repr__
FNDA:0,DynDNSHost.__repr__
FN:32,46,DynDNSHost.to_dict
FNDA:0,DynDNSHost.to_dict
FNF:2
FNH:0
end_of_record
SF:models/google_integration.py
DA:2,1
DA:3,1
DA:4,1
DA:5,1
DA:6,1
DA:7,1
DA:8,1
DA:9,1
DA:10,1
DA:13,1
DA:15,1
DA:16,1
DA:17,1
DA:18,1
DA:21,1
DA:23,1
DA:24,1
DA:25,1
DA:28,1
DA:30,1
DA:31,1
DA:32,1
DA:35,1
DA:37,1
DA:38,1
DA:39,1
DA:40,1
DA:43,1
DA:45,1
DA:47,1
DA:48,1
DA:49,1
DA:53,1
DA:54,1
DA:55,1
DA:56,1
DA:57,1
DA:58,1
DA:64,1
DA:65,0
DA:67,1
DA:68,0
DA:81,1
DA:83,1
DA:85,1
DA:86,1
DA:87,1
DA:88,1
DA:89,1
DA:90,1
DA:91,1
DA:92,1
DA:93,1
DA:94,1
DA:95,1
DA:96,1
DA:100,1
DA:101,1
DA:102,1
DA:103,1
DA:104,1
DA:105,1
DA:111,1
DA:112,0
DA:114,1
DA:115,0
DA:137,1
DA:139,1
DA:141,1
DA:142,1
DA:143,1
DA:144,1
DA:145,1
DA:149,1
DA:150,1
DA:151,1
DA:152,1
DA:153,1
DA:154,1
DA:155,1
DA:157,1
DA:158,0
DA:160,1
DA:161,0
DA:177,1
DA:179,1
DA:181,1
DA:182,1
DA:183,1
DA:184,1
DA:185,1
DA:186,1
DA:187,1
DA:188,1
DA:192,1
DA:193,1
DA:194,1
DA:195,1
DA:196,1
DA:197,1
DA:198,1
DA:199,1
DA:200,1
DA:201,1
DA:202,1
DA:208,1
DA:209,0
DA:211,1
DA:212,0
LF:109
LH:101
FN:64,65,GoogleServiceStatus.__repr__
FNDA:0,GoogleServiceStatus.__repr__
FN:67,78,GoogleServiceStatus.to_dict
FNDA:0,GoogleServiceStatus.to_dict
FN:111,112,CalendarAutomation.__repr__
FNDA:0,CalendarAutomation.__repr__
FN:114,134,CalendarAutomation.to_dict
FNDA:0,CalendarAutomation.to_dict
FN:157,158,EmailNotification.__repr__
FNDA:0,EmailNotification.__repr__
FN:160,174,EmailNotification.to_dict
FNDA:0,EmailNotification.to_dict
FN:208,209,DriveBackup.__repr__
FNDA:0,DriveBackup.__repr__
FN:211,232,DriveBackup.to_dict
FNDA:0,DriveBackup.to_dict
FNF:8
FNH:0
end_of_record
SF:models/jarvis.py
DA:2,1
DA:3,1
DA:4,1
DA:5,1
DA:6,1
DA:7,1
DA:8,1
DA:13,1
DA:15,1
DA:17,1
DA:18,1
DA:19,1
DA:20,1
DA:21,1
DA:22,1
DA:23,1
DA:24,1
DA:25,1
DA:26,1
DA:27,1
DA:29,1
DA:30,1
DA:31,1
DA:33,1
DA:34,0
DA:36,1
DA:37,0
DA:51,1
DA:53,1
DA:55,1
DA:56,1
DA:57,1
DA:58,1
DA:59,1
DA:60,1
DA:61,1
DA:62,1
DA:63,1
DA:64,1
DA:65,1
DA:66,1
DA:67,1
DA:69,1
DA:70,1
DA:72,1
DA:73,0
DA:75,1
DA:76,0
DA:92,1
DA:94,1
DA:96,1
DA:97,1
DA:98,1
DA:99,1
DA:100,1
DA:101,1
DA:102,1
DA:103,1
DA:104,1
DA:105,1
DA:106,1
DA:108,1
DA:110,1
DA:111,0
DA:113,1
DA:114,0
DA:128,1
DA:130,1
DA:132,1
DA:133,1
DA:134,1
DA:135,1
DA:136,1
DA:137,1
DA:138,1
DA:139,1
DA:140,1
DA:141,1
DA:142,1
DA:143,1
DA:144,1
DA:145,1
DA:146,1
DA:148,1
DA:149,0
DA:151,1
DA:152,0
DA:170,1
DA:172,1
DA:174,1
DA:175,1
DA:176,1
DA:177,1
DA:178,1
DA:179,1
DA:180,1
DA:181,1
DA:182,1
DA:183,1
DA:184,1
DA:185,1
DA:187,1
DA:189,1
DA:190,0
DA:192,1
DA:193,0
LF:106
LH:96
FN:33,34,Project.__repr__
FNDA:0,Project.__repr__
FN:36,49,Project.to_dict
FNDA:0,Project.to_dict
FN:72,73,ArtifactBuild.__repr__
FNDA:0,ArtifactBuild.__repr__
FN:75,90,ArtifactBuild.to_dict
FNDA:0,ArtifactBuild.to_dict
FN:110,111,ComposeSpec.__repr__
FNDA:0,ComposeSpec.__repr__
FN:113,126,ComposeSpec.to_dict
FNDA:0,ComposeSpec.to_dict
FN:148,149,SSLCertificate.__repr__
FNDA:0,SSLCertificate.__repr__
FN:151,168,SSLCertificate.to_dict
FNDA:0,SSLCertificate.to_dict
FN:189,190,AISession.__repr__
FNDA:0,AISession.__repr__
FN:192,206,AISession.to_dict
FNDA:0,AISession.to_dict
FNF:10
FNH:0
end_of_record
SF:models/jarvis_action.py
DA:3,1
DA:4,1
DA:5,1
DA:6,1
DA:7,1
DA:8,1
DA:9,1
DA:10,1
DA:13,1
DA:15,1
DA:16,1
DA:17,1
DA:18,1
DA:19,1
DA:20,1
DA:23,1
DA:25,1
DA:26,1
DA:27,1
DA:28,1
DA:31,1
DA:37,1
DA:39,1
DA:45,1
DA:51,1
DA:58,1
DA:60,1
DA:62,1
DA:64,1
DA:66,1
DA:72,1
DA:74,1
DA:76,1
DA:78,1
DA:80,1
DA:82,1
DA:84,1
DA:86,1
DA:88,1
DA:90,1
DA:92,1
DA:94,1
DA:96,1
DA:98,1
DA:100,1
DA:106,1
DA:113,1
DA:114,0
DA:121,1
DA:123,0
DA:150,1
DA:152,0
DA:154,1
DA:156,0
DA:158,1
DA:160,0
DA:162,1
DA:164,0
DA:165,0
DA:166,0
LF:60
LH:52
FN:113,119,JarvisAction.__repr__
FNDA:0,JarvisAction.__repr__
FN:121,148,JarvisAction.to_dict
FNDA:0,JarvisAction.to_dict
FN:150,152,JarvisAction.can_approve
FNDA:0,JarvisAction.can_approve
FN:154,156,JarvisAction.can_reject
FNDA:0,JarvisAction.can_reject
FN:158,160,JarvisAction.can_execute
FNDA:0,JarvisAction.can_execute
FN:162,166,JarvisAction.is_expired
FNDA:0,JarvisAction.is_expired
FNF:6
FNH:0
end_of_record
SF:models/jarvis_task.py
DA:7,1
DA:8,1
DA:9,1
DA:10,1
DA:11,1
DA:12,1
DA:13,1
DA:16,1
DA:18,1
DA:20,1
DA:21,1
DA:22,1
DA:23,1
DA:24,1
DA:25,1
DA:28,1
DA:29,1
DA:32,1
DA:33,1
DA:36,1
DA:37,1
DA:40,1
DA:41,1
DA:42,1
DA:45,1
DA:46,1
DA:49,1
DA:55,1
DA:56,0
DA:58,1
DA:60,0
LF:31
LH:29
FN:55,56,JarvisTask.__repr__
FNDA:0,JarvisTask.__repr__
FN:58,78,JarvisTask.to_dict
FNDA:0,JarvisTask.to_dict
FNF:2
FNH:0
end_of_record
SF:models/nas_models.py
DA:5,1
DA:6,1
DA:7,1
DA:8,1
DA:11,1
DA:13,1
DA:15,1
DA:16,1
DA:17,1
DA:18,1
DA:19,1
DA:20,1
DA:21,1
DA:22,1
DA:23,1
DA:25,1
DA:27,1
DA:28,0
DA:41,1
DA:43,1
DA:45,1
DA:46,1
DA:47,1
DA:48,1
DA:49,1
DA:50,1
DA:51,1
DA:52,1
DA:53,1
DA:55,1
DA:57,1
DA:58,0
DA:71,1
DA:73,1
DA:75,1
DA:76,1
DA:77,1
DA:78,1
DA:79,1
DA:80,1
DA:81,1
DA:82,1
DA:83,1
DA:84,1
DA:85,1
DA:87,1
DA:88,0
LF:47
LH:44
FN:27,38,NASDevice.to_dict
FNDA:0,NASDevice.to_dict
FN:57,68,NASMount.to_dict
FNDA:0,NASMount.to_dict
FN:87,100,BackupJob.to_dict
FNDA:0,BackupJob.to_dict
FNF:3
FNH:0
end_of_record
SF:models/task.py
DA:1,1
DA:2,1
DA:3,1
DA:4,1
DA:5,1
DA:6,1
DA:7,1
DA:8,1
DA:9,1
DA:14,1
DA:15,1
DA:16,1
DA:17,1
DA:19,1
DA:20,1
DA:21,1
DA:22,1
DA:23,1
DA:25,1
DA:26,1
DA:27,1
DA:28,1
DA:29,1
DA:31,1
DA:32,1
DA:34,1
DA:35,1
DA:36,1
DA:37,1
DA:38,1
DA:39,1
DA:40,1
DA:41,1
DA:42,1
DA:43,1
DA:44,1
DA:45,1
DA:47,1
DA:49,1
DA:50,0
DA:52,1
DA:53,0
LF:42
LH:40
FN:49,50,Task.__repr__
FNDA:0,Task.__repr__
FN:52,66,Task.to_dict
FNDA:0,Task.to_dict
FNF:2
FNH:0
end_of_record
SF:models/user_preferences.py
DA:1,1
DA:2,1
DA:3,1
DA:4,1
DA:6,1
DA:7,1
DA:9,1
DA:10,1
DA:13,1
DA:14,1
DA:15,1
DA:16,1
DA:19,1
DA:20,1
DA:21,1
DA:24,1
DA:25,1
DA:26,1
DA:27,1
DA:30,1
DA:33,1
DA:34,1
DA:36,1
DA:37,0
DA:39,1
DA:40,0
DA:59,1
DA:60,1
DA:62,0
DA:102,1
DA:103,1
DA:105,0
DA:164,0
LF:33
LH:28
FN:36,37,UserPreferences.__repr__
FNDA:0,UserPreferences.__repr__
FN:39,57,UserPreferences.to_dict
FNDA:0,UserPreferences.to_dict
FN:60,100,UserPreferences.get_default_preferences
FNDA:0,UserPreferences.get_default_preferences
FN:103,164,UserPreferences.get_preset
FNDA:0,UserPreferences.get_preset
FNF:4
FNH:0
end_of_record
SF:models/workflow.py
DA:1,1
DA:2,1
DA:3,1
DA:4,1
DA:5,1
DA:6,1
DA:7,1
DA:8,1
DA:9,1
DA:11,1
DA:12,1
DA:13,1
DA:14,1
DA:15,1
DA:16,1
DA:18,1
DA:19,1
DA:21,1
DA:22,1
DA:23,1
DA:24,1
DA:25,1
DA:26,1
DA:27,1
DA:28,1
DA:29,1
DA:30,1
DA:31,1
DA:33,1
DA:34,0
DA:36,1
DA:37,0
LF:32
LH:30
FN:33,34,Workflow.__repr__
FNDA:0,Workflow.__repr__
FN:36,49,Workflow.to_dict
FNDA:0,Workflow.to_dict
FNF:2
FNH:0
end_of_record
SF:routes/__init__.py
end_of_record
SF:routes/agent_api.py
DA:6,1
DA:7,1
DA:8,1
DA:9,1
DA:10,1
DA:12,1
DA:14,1
DA:17,1
DA:18,1
DA:32,0
DA:33,0
DA:34,0
DA:35,0
DA:36,0
DA:37,0
DA:38,0
DA:41,0
DA:43,0
DA:44,0
DA:46,0
DA:47,0
DA:49,0
DA:50,0
DA:52,0
DA:53,0
DA:54,0
DA:55,0
DA:56,0
DA:57,0
DA:60,0
DA:63,0
DA:65,0
DA:71,0
DA:72,0
DA:73,0
DA:78,0
DA:81,1
DA:82,1
DA:83,1
DA:101,0
DA:102,0
DA:103,0
DA:105,0
DA:106,0
DA:112,0
DA:113,0
DA:114,0
DA:115,0
DA:121,0
DA:131,0
DA:132,0
DA:134,0
DA:136,0
DA:143,0
DA:144,0
DA:145,0
DA:146,0
DA:151,0
DA:154,1
DA:155,1
DA:156,1
DA:171,0
DA:172,0
DA:173,0
DA:175,0
DA:176,0
DA:181,0
DA:182,0
DA:183,0
DA:184,0
DA:187,0
DA:195,0
DA:196,0
DA:198,0
DA:202,0
DA:208,0
DA:209,0
DA:211,0
DA:218,0
DA:219,0
DA:220,0
DA:221,0
DA:226,0
DA:229,1
DA:230,1
DA:237,0
DA:238,0
DA:240,0
DA:243,0
DA:244,0
DA:249,0
DA:250,0
DA:258,0
DA:262,0
DA:266,0
DA:278,0
DA:279,0
DA:280,0
DA:285,0
DA:288,1
DA:289,1
DA:301,0
DA:302,0
DA:303,0
DA:305,0
DA:306,0
DA:311,0
DA:313,0
DA:314,0
DA:319,0
DA:320,0
DA:322,0
DA:328,0
DA:329,0
DA:330,0
DA:331,0
DA:336,0
LF:117
LH:19
FN:18,78,get_messages
FNDA:0,get_messages
FN:83,151,send_message
FNDA:0,send_message
FN:156,226,invoke_jarvis
FNDA:0,invoke_jarvis
FN:230,285,get_stats
FNDA:0,get_stats
FN:289,336,update_message_status
FNDA:0,update_message_status
FNF:5
FNH:0
end_of_record
SF:routes/ai_foundry_api.py
DA:1,1
DA:2,1
DA:3,1
DA:5,1
DA:7,1
DA:8,1
DA:9,1
DA:11,1
DA:12,1
DA:14,1
DA:19,1
DA:20,1
DA:21,1
DA:23,0
DA:24,0
DA:25,0
DA:27,0
DA:28,0
DA:30,0
LF:19
LH:13
FN:9,17,get_models
FNDA:1,get_models
FN:21,34,chat
FNDA:0,chat
FNF:2
FNH:1
end_of_record
SF:routes/analysis_routes.py
DA:1,1
DA:2,1
DA:3,1
DA:4,1
DA:5,1
DA:6,1
DA:7,1
DA:9,1
DA:10,1
DA:11,1
DA:12,1
DA:14,1
DA:16,1
DA:19,1
DA:21,1
DA:22,1
DA:23,0
DA:24,0
DA:25,0
DA:26,1
DA:29,1
DA:30,1
DA:31,1
DA:41,0
DA:42,0
DA:43,0
DA:45,0
DA:46,0
DA:48,0
DA:49,0
DA:50,0
DA:52,0
DA:53,0
DA:54,0
DA:60,0
DA:61,0
DA:62,0
DA:64,0
DA:66,0
DA:68,0
DA:76,0
DA:77,0
DA:78,0
DA:81,1
DA:82,1
DA:83,1
DA:93,0
DA:94,0
DA:95,0
DA:97,0
DA:98,0
DA:100,0
DA:101,0
DA:102,0
DA:104,0
DA:113,0
DA:115,0
DA:117,0
DA:118,0
DA:119,0
DA:122,1
DA:123,1
DA:124,1
DA:134,0
DA:135,0
DA:136,0
DA:138,0
DA:139,0
DA:141,0
DA:142,0
DA:143,0
DA:145,0
DA:146,0
DA:147,0
DA:152,0
DA:153,0
DA:154,0
DA:159,0
DA:160,0
DA:161,0
DA:162,0
DA:169,0
DA:177,0
DA:179,0
DA:181,0
DA:182,0
DA:183,0
DA:186,1
DA:187,1
DA:188,1
DA:198,0
DA:199,0
DA:200,0
DA:202,0
DA:204,0
DA:205,0
DA:207,0
DA:209,0
DA:210,0
DA:211,0
DA:213,0
DA:214,0
DA:215,0
DA:217,0
DA:224,0
DA:225,0
DA:227,0
DA:228,0
DA:229,0
DA:232,1
DA:233,1
DA:234,1
DA:244,0
DA:245,0
DA:246,0
DA:248,0
DA:249,0
DA:251,0
DA:252,0
DA:253,0
DA:255,0
DA:256,0
DA:258,0
DA:260,0
DA:261,0
DA:262,0
LF:126
LH:32
FN:19,26,login_required
FNDA:1,login_required
FN:22,25,login_required.decorated_function
FNDA:0,login_required.decorated_function
FN:31,78,trigger_analysis
FNDA:0,trigger_analysis
FN:83,119,get_analysis_status
FNDA:0,get_analysis_status
FN:124,183,get_analysis_result
FNDA:0,get_analysis_result
FN:188,229,analyze_preview
FNDA:0,analyze_preview
FN:234,262,analysis_result_page
FNDA:0,analysis_result_page
FNF:7
FNH:1
end_of_record
SF:routes/api.py
DA:1,1
DA:2,1
DA:3,1
DA:4,1
DA:5,1
DA:6,1
DA:7,1
DA:8,1
DA:9,1
DA:10,1
DA:11,1
DA:12,1
DA:13,1
DA:14,1
DA:15,1
DA:16,1
DA:17,1
DA:18,1
DA:19,1
DA:22,1
DA:23,1
DA:24,1
DA:25,1
DA:27,1
DA:29,1
DA:31,1
DA:32,1
DA:33,1
DA:34,1
DA:35,1
DA:36,1
DA:37,1
DA:39,1
DA:41,1
DA:42,0
DA:43,0
DA:44,0
DA:46,1
DA:47,1
DA:48,1
DA:49,1
DA:50,1
DA:51,1
DA:52,0
DA:53,0
DA:54,0
DA:56,1
DA:57,1
DA:58,1
DA:59,0
DA:60,0
DA:61,0
DA:62,0
DA:63,0
DA:64,0
DA:66,1
DA:67,1
DA:68,1
DA:69,1
DA:70,1
DA:71,1
DA:72,0
DA:73,0
DA:74,0
DA:76,1
DA:77,1
DA:78,1
DA:79,0
DA:80,0
DA:81,0
DA:82,0
DA:83,0
DA:84,0
DA:86,1
DA:87,1
DA:88,1
DA:93,0
DA:94,0
DA:97,0
DA:104,0
DA:105,0
DA:106,0
DA:119,0
DA:120,0
DA:121,0
DA:125,0
DA:126,0
DA:128,0
DA:139,0
DA:140,0
DA:141,0
DA:152,0
DA:153,0
DA:154,0
DA:166,1
DA:167,1
DA:168,1
DA:172,0
DA:173,0
DA:175,0
DA:176,0
DA:178,0
DA:180,0
DA:185,0
DA:186,0
DA:187,0
DA:197,1
DA:198,1
DA:199,1
DA:200,0
DA:201,0
DA:203,0
DA:209,0
DA:210,0
DA:211,0
DA:213,0
DA:214,0
DA:215,0
DA:216,0
DA:219,0
DA:221,0
DA:222,0
DA:223,0
DA:224,0
DA:225,0
DA:227,0
DA:233,0
DA:237,0
DA:238,0
DA:239,0
DA:244,0
DA:250,0
DA:251,0
DA:252,0
DA:254,0
DA:255,0
DA:256,0
DA:257,0
DA:258,0
DA:260,0
DA:261,0
DA:262,0
DA:268,0
DA:274,0
DA:275,0
DA:278,0
DA:279,0
DA:280,0
DA:285,0
DA:291,0
DA:292,0
DA:293,0
DA:295,0
DA:296,0
DA:297,0
DA:299,0
DA:300,0
DA:301,0
DA:302,0
DA:304,0
DA:306,0
DA:307,0
DA:308,0
DA:309,0
DA:310,0
DA:312,0
DA:313,0
DA:319,0
DA:320,0
DA:321,0
DA:326,0
DA:330,0
DA:331,0
DA:332,0
DA:337,0
DA:339,0
DA:345,0
DA:346,0
DA:347,0
DA:349,0
DA:350,0
DA:351,0
DA:352,0
DA:354,0
DA:355,0
DA:356,0
DA:357,0
DA:359,0
DA:360,0
DA:361,0
DA:362,0
DA:364,0
DA:365,0
DA:366,0
DA:367,0
DA:368,0
DA:374,0
DA:375,0
DA:380,0
DA:381,0
DA:382,0
DA:386,0
DA:387,0
DA:388,0
DA:393,0
DA:399,0
DA:400,0
DA:402,0
DA:404,0
DA:409,0
DA:411,0
DA:412,0
DA:416,0
DA:422,1
DA:423,1
DA:424,1
DA:425,0
DA:426,0
DA:427,0
DA:428,0
DA:429,0
DA:430,0
DA:432,1
DA:433,1
DA:434,1
DA:435,0
DA:436,0
DA:437,0
DA:438,0
DA:439,0
DA:441,0
DA:442,0
DA:443,0
DA:444,0
DA:446,1
DA:447,1
DA:448,1
DA:449,0
DA:450,0
DA:451,0
DA:452,0
DA:453,0
DA:459,0
DA:460,0
DA:461,0
DA:462,0
DA:464,1
DA:465,1
DA:466,1
DA:467,0
DA:468,0
DA:469,0
DA:470,0
DA:471,0
DA:477,0
DA:478,0
DA:479,0
DA:480,0
DA:482,1
DA:483,1
DA:484,1
DA:485,0
DA:486,0
DA:487,0
DA:488,0
DA:489,0
DA:495,0
DA:496,0
DA:497,0
DA:498,0
DA:500,1
DA:501,1
DA:502,1
DA:503,0
DA:504,0
DA:505,0
DA:506,0
DA:507,0
DA:508,0
DA:510,0
DA:511,0
DA:512,0
DA:513,0
DA:515,1
DA:516,1
DA:517,1
DA:518,0
DA:519,0
DA:520,0
DA:521,0
DA:530,0
DA:531,0
DA:532,0
DA:533,0
DA:534,0
DA:536,0
DA:537,0
DA:538,0
DA:539,0
DA:541,0
DA:543,0
DA:545,0
DA:546,0
DA:547,0
DA:548,0
DA:550,1
DA:551,1
DA:552,1
DA:553,0
DA:554,0
DA:555,0
DA:556,0
DA:564,0
DA:565,0
DA:566,0
DA:568,0
DA:569,0
DA:571,0
DA:572,0
DA:573,0
DA:574,0
DA:575,0
DA:577,1
DA:578,1
DA:579,1
DA:580,0
DA:581,0
DA:582,0
DA:583,0
DA:591,0
DA:592,0
DA:593,0
DA:595,0
DA:596,0
DA:598,0
DA:599,0
DA:600,0
DA:601,0
DA:602,0
DA:604,1
DA:605,1
DA:606,1
DA:607,0
DA:608,0
DA:609,0
DA:610,0
DA:618,0
DA:619,0
DA:620,0
DA:622,0
DA:623,0
DA:625,0
DA:626,0
DA:627,0
DA:628,0
DA:629,0
DA:631,1
DA:632,1
DA:633,1
DA:635,0
DA:636,0
DA:642,0
DA:643,0
DA:644,0
DA:646,1
DA:648,0
DA:649,0
DA:650,0
DA:651,0
DA:652,0
DA:653,0
DA:654,0
DA:656,1
DA:658,0
DA:660,1
DA:661,1
DA:662,1
DA:664,0
DA:666,0
DA:667,0
DA:668,0
DA:669,0
DA:670,0
DA:671,0
DA:673,0
DA:706,0
DA:707,0
DA:708,0
DA:710,1
DA:724,1
DA:730,1
DA:731,1
DA:733,1
DA:734,0
DA:736,0
DA:737,0
DA:739,0
DA:740,0
DA:741,0
DA:742,0
DA:743,0
DA:745,0
DA:747,1
DA:748,0
DA:750,0
DA:751,0
DA:753,0
DA:754,0
DA:756,0
DA:757,0
DA:758,0
DA:760,1
DA:761,0
DA:763,0
DA:764,0
DA:765,0
DA:767,0
DA:768,0
DA:770,0
DA:772,1
DA:773,1
DA:774,1
DA:775,0
DA:776,0
DA:777,0
DA:779,0
DA:780,0
DA:782,0
DA:783,0
DA:784,0
DA:785,0
DA:787,0
DA:788,0
DA:789,0
DA:790,0
DA:792,0
DA:793,0
DA:794,0
DA:796,0
DA:803,0
DA:804,0
DA:806,0
DA:811,0
DA:812,0
DA:813,0
DA:815,1
DA:816,1
DA:817,1
DA:818,0
DA:819,0
DA:820,0
DA:821,0
DA:822,0
DA:823,0
DA:825,1
DA:826,1
DA:827,1
DA:828,0
DA:829,0
DA:831,0
DA:832,0
DA:834,0
DA:835,0
DA:836,0
DA:837,0
DA:838,0
DA:840,0
DA:841,0
DA:843,0
DA:851,0
DA:852,0
DA:853,0
DA:854,0
DA:856,1
DA:857,1
DA:858,1
DA:859,0
DA:860,0
DA:861,0
DA:862,0
DA:863,0
DA:864,0
DA:865,0
DA:867,1
DA:868,1
DA:869,1
DA:870,0
DA:871,0
DA:872,0
DA:874,0
DA:875,0
DA:876,0
DA:877,0
DA:878,0
DA:880,1
DA:881,1
DA:882,1
DA:883,0
DA:884,0
DA:885,0
DA:887,0
DA:888,0
DA:889,0
DA:890,0
DA:891,0
DA:893,1
DA:894,1
DA:895,1
DA:896,0
DA:897,0
DA:898,0
DA:899,0
DA:905,0
DA:906,0
DA:907,0
DA:908,0
DA:910,1
DA:911,1
DA:912,1
DA:913,0
DA:914,0
DA:916,0
DA:917,0
DA:918,0
DA:921,0
DA:922,0
DA:923,0
DA:925,0
DA:926,0
DA:927,0
DA:928,0
DA:929,0
DA:930,0
DA:931,0
DA:932,0
DA:933,0
DA:934,0
DA:935,0
DA:936,0
DA:939,0
DA:941,0
DA:943,0
DA:953,0
DA:954,0
DA:955,0
DA:956,0
DA:958,1
DA:959,1
DA:960,1
DA:961,0
DA:962,0
DA:963,0
DA:964,0
DA:965,0
DA:966,0
DA:968,1
DA:969,1
DA:970,1
DA:971,0
DA:972,0
DA:973,0
DA:974,0
DA:975,0
DA:976,0
DA:978,1
DA:979,1
DA:980,1
DA:981,0
DA:982,0
DA:983,0
DA:984,0
DA:985,0
DA:986,0
DA:988,1
DA:989,1
DA:990,1
DA:991,0
DA:992,0
DA:993,0
DA:994,0
DA:995,0
DA:996,0
DA:998,1
DA:999,1
DA:1000,1
DA:1001,0
DA:1002,0
DA:1003,0
DA:1004,0
DA:1005,0
DA:1007,0
DA:1008,0
DA:1009,0
DA:1010,0
DA:1012,1
DA:1013,1
DA:1014,1
DA:1015,1
DA:1016,1
DA:1017,0
DA:1018,1
DA:1019,1
DA:1020,1
DA:1022,1
DA:1023,1
DA:1024,1
DA:1025,0
DA:1026,0
DA:1028,0
DA:1029,0
DA:1031,0
DA:1032,0
DA:1033,0
DA:1034,0
DA:1035,0
DA:1037,1
DA:1038,1
DA:1039,1
DA:1040,0
DA:1041,0
DA:1042,0
DA:1043,0
DA:1044,0
DA:1045,0
DA:1047,1
DA:1048,1
DA:1049,1
DA:1050,0
DA:1051,0
DA:1052,0
DA:1053,0
DA:1054,0
DA:1055,0
DA:1056,0
DA:1058,1
DA:1059,1
DA:1060,1
DA:1070,0
DA:1071,0
DA:1072,0
DA:1074,0
DA:1075,0
DA:1077,0
DA:1079,0
DA:1080,0
DA:1082,0
DA:1083,0
DA:1085,0
DA:1086,0
DA:1091,0
DA:1092,0
DA:1093,0
DA:1095,0
DA:1096,0
DA:1101,0
DA:1103,0
DA:1104,0
DA:1105,0
DA:1107,0
DA:1108,0
DA:1110,0
DA:1113,0
DA:1116,0
DA:1118,0
DA:1125,0
DA:1127,0
DA:1134,0
DA:1135,0
DA:1136,0
DA:1138,1
DA:1139,1
DA:1140,1
DA:1147,0
DA:1148,0
DA:1149,0
DA:1151,0
DA:1152,0
DA:1154,0
DA:1155,0
DA:1156,0
DA:1157,0
DA:1164,0
DA:1171,0
DA:1172,0
DA:1173,0
DA:1175,1
DA:1176,1
DA:1177,1
DA:1184,0
DA:1185,0
DA:1186,0
DA:1188,0
DA:1189,0
DA:1191,0
DA:1192,0
DA:1193,0
DA:1194,0
DA:1197,0
DA:1200,0
DA:1202,0
DA:1209,0
DA:1211,0
DA:1216,0
DA:1221,0
DA:1222,0
DA:1223,0
DA:1225,1
DA:1226,1
DA:1227,1
DA:1234,0
DA:1235,0
DA:1242,0
DA:1243,0
DA:1244,0
DA:1245,0
DA:1246,0
DA:1247,0
DA:1255,0
DA:1256,0
DA:1257,0
DA:1258,0
DA:1259,0
DA:1260,0
DA:1268,0
DA:1269,0
DA:1270,0
DA:1271,0
DA:1272,0
DA:1273,0
DA:1281,0
DA:1287,0
DA:1288,0
DA:1290,0
DA:1292,0
DA:1293,0
DA:1294,0
DA:1300,1
DA:1302,0
DA:1304,0
DA:1313,0
DA:1321,0
DA:1322,0
DA:1324,0
DA:1325,0
DA:1326,0
DA:1328,0
DA:1329,0
DA:1330,0
DA:1331,0
DA:1332,0
DA:1335,0
DA:1337,0
DA:1345,0
DA:1346,0
DA:1353,0
DA:1354,0
DA:1362,1
DA:1364,0
DA:1365,0
DA:1368,0
DA:1378,0
DA:1379,0
DA:1381,0
DA:1382,0
DA:1383,0
DA:1384,0
DA:1385,0
DA:1388,0
DA:1389,0
DA:1390,0
DA:1391,0
DA:1392,0
DA:1393,0
DA:1394,0
DA:1395,0
DA:1396,0
DA:1397,0
DA:1398,0
DA:1400,0
DA:1407,0
DA:1408,0
DA:1415,0
DA:1416,0
DA:1424,1
DA:1425,1
DA:1426,1
DA:1428,0
DA:1429,0
DA:1430,0
DA:1432,0
DA:1433,0
DA:1434,0
DA:1436,0
DA:1447,0
DA:1448,0
DA:1451,0
DA:1452,0
DA:1453,0
DA:1455,0
DA:1456,0
DA:1457,0
DA:1459,0
DA:1460,0
DA:1461,0
DA:1467,0
DA:1469,0
DA:1470,0
DA:1471,0
DA:1474,0
DA:1475,0
DA:1476,0
DA:1477,0
DA:1478,0
DA:1479,0
DA:1480,0
DA:1481,0
DA:1482,0
DA:1483,0
DA:1484,0
DA:1485,0
DA:1488,0
DA:1489,0
DA:1490,0
DA:1492,0
DA:1493,0
DA:1494,0
DA:1502,0
DA:1503,0
DA:1504,0
DA:1510,0
DA:1511,0
DA:1512,0
DA:1514,0
DA:1515,0
DA:1516,0
DA:1518,0
DA:1520,0
DA:1521,0
DA:1522,0
DA:1528,1
DA:1529,1
DA:1530,1
DA:1532,0
DA:1533,0
DA:1534,0
DA:1535,0
DA:1536,0
DA:1538,0
DA:1539,0
DA:1541,0
DA:1542,0
DA:1543,0
DA:1545,0
DA:1546,0
DA:1547,0
DA:1549,0
DA:1550,0
DA:1551,0
DA:1553,0
DA:1560,0
DA:1562,0
DA:1566,0
DA:1572,0
DA:1574,0
DA:1597,0
DA:1598,0
DA:1599,0
DA:1604,1
DA:1605,1
DA:1606,1
DA:1608,0
DA:1609,0
DA:1610,0
DA:1611,0
DA:1613,0
DA:1630,0
DA:1632,0
DA:1633,0
DA:1645,0
DA:1647,0
DA:1648,0
DA:1649,0
DA:1650,0
DA:1653,0
DA:1654,0
DA:1655,0
DA:1656,0
DA:1658,0
DA:1660,0
DA:1661,0
DA:1663,0
DA:1664,0
DA:1666,0
DA:1667,0
DA:1668,0
DA:1669,0
DA:1670,0
DA:1673,0
DA:1674,0
DA:1680,0
DA:1681,0
DA:1682,0
DA:1683,0
DA:1684,0
DA:1687,0
DA:1688,0
DA:1689,0
DA:1690,0
DA:1691,0
DA:1692,0
DA:1693,0
DA:1694,0
DA:1697,0
DA:1698,0
DA:1700,0
DA:1701,0
DA:1702,0
DA:1703,0
DA:1705,0
DA:1707,0
DA:1713,0
DA:1714,0
DA:1715,0
DA:1720,1
DA:1721,1
DA:1722,1
DA:1724,0
DA:1725,0
DA:1726,0
DA:1728,0
DA:1747,0
DA:1748,0
DA:1753,0
DA:1754,0
DA:1761,0
DA:1762,0
DA:1767,0
DA:1768,0
DA:1769,0
DA:1775,0
DA:1776,0
DA:1777,0
DA:1783,0
DA:1784,0
DA:1787,0
DA:1788,0
DA:1789,0
DA:1792,0
DA:1793,0
DA:1797,0
DA:1798,0
DA:1800,0
DA:1801,0
DA:1803,0
DA:1806,0
DA:1807,0
DA:1808,0
DA:1809,0
DA:1811,0
DA:1818,0
DA:1819,0
DA:1825,0
DA:1826,0
DA:1831,0
DA:1832,0
DA:1836,0
DA:1839,0
DA:1840,0
DA:1846,0
DA:1847,0
DA:1851,0
DA:1852,0
DA:1857,0
DA:1863,0
DA:1864,0
DA:1865,0
DA:1870,1
DA:1871,1
DA:1872,1
DA:1874,0
DA:1875,0
DA:1877,0
DA:1879,0
DA:1880,0
DA:1887,0
DA:1888,0
DA:1889,0
DA:1892,0
DA:1897,0
DA:1899,0
DA:1900,0
DA:1901,0
DA:1902,0
DA:1904,0
DA:1905,0
DA:1912,0
DA:1918,0
DA:1919,0
DA:1920,0
LF:999
LH:191
FN:41,44,validate_container_name
FNDA:0,validate_container_name
FN:48,54,get_system_info
FNDA:1,get_system_info
FN:58,64,get_processes
FNDA:0,get_processes
FN:68,74,get_system_stats
FNDA:1,get_system_stats
FN:78,84,get_disk_info
FNDA:0,get_disk_info
FN:88,164,get_vnc_stats
FNDA:0,get_vnc_stats
FN:168,195,get_plex_status
FNDA:0,get_plex_status
FN:199,420,celery_health
FNDA:0,celery_health
FN:424,430,list_containers
FNDA:0,list_containers
FN:434,444,get_container_status
FNDA:0,get_container_status
FN:448,462,start_container
FNDA:0,start_container
FN:466,480,stop_container
FNDA:0,stop_container
FN:484,498,restart_container
FNDA:0,restart_container
FN:502,513,get_container_logs
FNDA:0,get_container_logs
FN:517,548,get_services_status
FNDA:0,get_services_status
FN:552,575,analyze_logs
FNDA:0,analyze_logs
FN:579,602,ai_chat
FNDA:0,ai_chat
FN:606,629,troubleshoot
FNDA:0,troubleshoot
FN:633,644,ai_status
FNDA:0,ai_status
FN:646,654,check_docker_available
FNDA:0,check_docker_available
FN:656,658,check_google_oauth_configured
FNDA:0,check_google_oauth_configured
FN:662,708,features_status
FNDA:0,features_status
FN:733,745,validate_safe_path
FNDA:0,validate_safe_path
FN:747,758,parse_docker_logs_command
FNDA:0,parse_docker_logs_command
FN:760,770,is_command_allowed
FNDA:0,is_command_allowed
FN:774,813,execute_script
FNDA:0,execute_script
FN:817,823,list_databases
FNDA:0,list_databases
FN:827,854,create_database
FNDA:0,create_database
FN:858,865,get_database_info
FNDA:0,get_database_info
FN:869,878,delete_database
FNDA:0,delete_database
FN:882,891,backup_database
FNDA:0,backup_database
FN:895,908,get_database_templates
FNDA:0,get_database_templates
FN:912,956,get_connection_examples
FNDA:0,get_connection_examples
FN:960,966,get_network_stats
FNDA:0,get_network_stats
FN:970,976,get_network_interfaces
FNDA:0,get_network_interfaces
FN:980,986,get_network_connections
FNDA:0,get_network_connections
FN:990,996,get_listening_ports
FNDA:0,get_listening_ports
FN:1000,1010,get_network_bandwidth
FNDA:0,get_network_bandwidth
FN:1014,1020,get_domains_status
FNDA:1,get_domains_status
FN:1024,1035,check_specific_domain
FNDA:0,check_specific_domain
FN:1039,1045,get_ssl_certificates
FNDA:0,get_ssl_certificates
FN:1049,1056,get_recent_activity
FNDA:0,get_recent_activity
FN:1060,1136,upload_service_favicon
FNDA:0,upload_service_favicon
FN:1140,1173,get_service_favicon
FNDA:0,get_service_favicon
FN:1177,1223,delete_service_favicon
FNDA:0,delete_service_favicon
FN:1227,1298,get_migrations_status
FNDA:0,get_migrations_status
FN:1300,1360,_get_alembic_status
FNDA:0,_get_alembic_status
FN:1362,1422,_get_service_migration_status
FNDA:0,_get_service_migration_status
FN:1426,1526,get_backup_status
FNDA:0,get_backup_status
FN:1530,1602,get_celery_quick_stats
FNDA:0,get_celery_quick_stats
FN:1606,1718,get_static_sites_status
FNDA:0,get_static_sites_status
FN:1722,1868,get_static_site_health
FNDA:0,get_static_site_health
FN:1872,1923,get_static_site_deployments
FNDA:0,get_static_site_deployments
FNF:53
FNH:3
end_of_record
SF:routes/artifact_routes.py
DA:2,1
DA:3,1
DA:4,1
DA:6,1
DA:7,1
DA:8,1
DA:10,1
DA:12,1
DA:15,1
DA:17,1
DA:18,1
DA:19,0
DA:20,0
DA:21,0
DA:22,1
DA:25,1
DA:26,1
DA:27,1
DA:39,0
DA:40,0
DA:41,0
DA:43,0
DA:44,0
DA:45,0
DA:47,0
DA:48,0
DA:50,0
DA:51,0
DA:52,0
DA:53,0
DA:56,0
DA:59,0
DA:61,0
DA:63,0
DA:65,0
DA:66,0
DA:67,0
DA:70,1
DA:71,1
DA:72,1
DA:81,0
DA:82,0
DA:83,0
DA:85,0
DA:86,0
DA:88,0
DA:90,0
DA:91,0
DA:92,0
DA:95,1
DA:96,1
DA:97,1
DA:106,0
DA:107,0
DA:108,0
DA:110,0
DA:111,0
DA:112,0
DA:113,0
DA:115,0
DA:122,0
DA:123,0
DA:124,0
DA:127,1
DA:128,1
DA:129,1
DA:139,0
DA:140,0
DA:141,0
DA:143,0
DA:144,0
DA:146,0
DA:147,0
DA:149,0
DA:151,0
DA:152,0
DA:153,0
DA:156,1
DA:157,1
DA:158,1
DA:164,0
DA:166,0
LF:82
LH:27
FN:15,22,login_required
FNDA:1,login_required
FN:18,21,login_required.decorated_function
FNDA:0,login_required.decorated_function
FN:27,67,build_artifact
FNDA:0,build_artifact
FN:72,92,get_build_status
FNDA:0,get_build_status
FN:97,124,get_build_logs
FNDA:0,get_build_logs
FN:129,153,list_builds
FNDA:0,list_builds
FN:158,169,list_templates
FNDA:0,list_templates
FNF:7
FNH:1
end_of_record
SF:routes/autonomous_api.py
DA:7,1
DA:8,1
DA:9,1
DA:10,1
DA:12,1
DA:13,1
DA:14,1
DA:15,1
DA:16,1
DA:17,1
DA:24,1
DA:26,1
DA:28,1
DA:29,1
DA:32,1
DA:33,1
DA:34,1
DA:36,0
DA:39,1
DA:40,1
DA:41,1
DA:50,0
DA:51,0
DA:52,0
DA:53,0
DA:54,0
DA:56,0
DA:57,0
DA:62,0
DA:63,0
DA:65,0
DA:69,0
DA:70,0
DA:72,0
DA:76,0
DA:78,0
DA:79,0
DA:81,0
DA:91,0
DA:92,0
DA:93,0
DA:99,1
DA:100,1
DA:101,1
DA:103,0
DA:104,0
DA:105,0
DA:110,0
DA:111,0
DA:113,0
DA:118,0
DA:124,0
DA:130,0
DA:136,0
DA:142,0
DA:148,0
DA:150,0
DA:152,0
DA:171,0
DA:172,0
DA:173,0
DA:179,1
DA:180,1
DA:181,1
DA:183,0
DA:184,0
DA:186,0
DA:194,0
DA:195,0
DA:196,0
DA:202,1
DA:203,1
DA:204,1
DA:210,0
DA:211,0
DA:212,0
DA:214,0
DA:216,0
DA:227,0
DA:228,0
DA:229,0
DA:235,1
DA:236,1
DA:237,1
DA:239,0
DA:240,0
DA:242,0
DA:252,0
DA:253,0
DA:254,0
DA:260,1
DA:261,1
DA:262,1
DA:264,0
DA:265,0
DA:267,0
DA:277,0
DA:278,0
DA:279,0
DA:285,1
DA:286,1
DA:287,1
DA:289,0
DA:290,0
DA:292,0
DA:302,0
DA:303,0
DA:304,0
DA:310,1
DA:311,1
DA:312,1
DA:314,0
DA:315,0
DA:317,0
DA:322,0
DA:323,0
DA:324,0
DA:330,1
DA:331,1
DA:332,1
DA:334,0
DA:335,0
DA:337,0
DA:342,0
DA:343,0
DA:344,0
LF:126
LH:44
FN:34,36,autonomous_dashboard
FNDA:0,autonomous_dashboard
FN:41,96,get_action_feed
FNDA:0,get_action_feed
FN:101,176,get_autonomous_stats
FNDA:0,get_autonomous_stats
FN:181,199,get_available_actions
FNDA:0,get_available_actions
FN:204,232,trigger_autonomous_action
FNDA:0,trigger_autonomous_action
FN:237,257,trigger_diagnostics
FNDA:0,trigger_diagnostics
FN:262,282,trigger_remediation
FNDA:0,trigger_remediation
FN:287,307,trigger_proactive
FNDA:0,trigger_proactive
FN:312,327,get_policy_stats
FNDA:0,get_policy_stats
FN:332,347,reset_circuit_breaker
FNDA:0,reset_circuit_breaker
FNF:10
FNH:0
end_of_record
SF:routes/celery_analytics_api.py
DA:1,1
DA:2,1
DA:3,1
DA:4,1
DA:5,1
DA:6,1
DA:7,1
DA:9,1
DA:11,1
DA:13,1
DA:14,1
DA:15,1
DA:17,0
DA:19,1
DA:20,1
DA:21,1
DA:23,0
DA:24,0
DA:25,0
DA:27,0
DA:28,0
DA:30,0
DA:34,0
DA:39,0
DA:44,0
DA:49,0
DA:53,0
DA:55,0
DA:61,0
DA:75,0
DA:89,0
DA:102,0
DA:108,0
DA:114,0
DA:160,0
DA:162,0
DA:163,0
DA:164,0
DA:169,1
DA:170,1
DA:171,1
DA:173,0
DA:174,0
DA:175,0
DA:176,0
DA:178,0
DA:179,0
DA:181,0
DA:182,0
DA:184,0
DA:185,0
DA:187,0
DA:188,0
DA:189,0
DA:191,0
DA:193,0
DA:194,0
DA:196,0
DA:210,0
DA:211,0
DA:212,0
LF:61
LH:18
FN:15,17,celery_analytics_page
FNDA:0,celery_analytics_page
FN:21,167,get_celery_analytics
FNDA:0,get_celery_analytics
FN:171,215,get_queue_stats
FNDA:0,get_queue_stats
FNF:3
FNH:0
end_of_record
SF:routes/deployment_api.py
DA:6,1
DA:7,1
DA:8,1
DA:9,1
DA:10,1
DA:12,1
DA:14,1
DA:17,1
DA:18,1
DA:21,1
DA:22,1
DA:23,1
DA:25,0
DA:26,0
DA:27,0
DA:29,0
DA:48,0
DA:49,0
DA:50,0
DA:53,1
DA:54,1
DA:55,1
DA:57,0
DA:58,0
DA:59,0
DA:60,0
DA:62,0
DA:77,0
DA:78,0
DA:79,0
DA:82,1
DA:83,1
DA:84,1
DA:86,0
DA:87,0
DA:90,0
DA:91,0
DA:92,0
DA:93,0
DA:98,0
DA:99,0
DA:100,0
DA:101,0
DA:102,0
DA:105,0
DA:113,0
DA:114,0
DA:120,0
DA:122,0
DA:123,0
DA:124,0
DA:127,1
DA:128,1
DA:129,1
DA:131,0
DA:132,0
DA:133,0
DA:137,0
DA:138,0
DA:139,0
DA:142,1
DA:143,1
DA:144,1
DA:146,0
DA:147,0
DA:148,0
DA:149,0
DA:151,0
DA:155,0
DA:156,0
DA:157,0
DA:160,1
DA:161,1
DA:162,1
DA:164,0
DA:165,0
DA:167,0
DA:169,0
DA:170,0
DA:172,0
DA:174,0
DA:175,0
DA:176,0
DA:179,1
DA:180,1
DA:181,1
DA:183,0
DA:184,0
DA:185,0
DA:187,0
DA:189,0
DA:190,0
DA:192,0
DA:194,0
DA:195,0
DA:196,0
DA:199,1
DA:200,1
DA:201,1
DA:203,0
DA:204,0
DA:206,0
DA:207,0
DA:209,0
DA:211,0
DA:212,0
DA:213,0
DA:216,1
DA:217,1
DA:218,1
DA:220,0
DA:221,0
DA:222,0
DA:225,0
DA:226,0
DA:227,0
DA:228,0
DA:230,0
DA:232,0
DA:236,0
DA:237,0
DA:238,0
DA:241,1
DA:242,1
DA:243,1
DA:245,0
DA:246,0
DA:247,0
DA:248,0
DA:249,0
DA:251,0
DA:252,0
DA:254,0
DA:255,0
DA:257,0
DA:258,0
DA:259,0
DA:260,0
DA:263,1
DA:264,1
DA:265,1
DA:267,0
DA:268,0
DA:269,0
DA:270,0
DA:271,0
DA:273,0
DA:274,0
DA:275,0
DA:276,0
LF:150
LH:42
FN:23,50,list_templates
FNDA:0,list_templates
FN:55,79,get_template
FNDA:0,get_template
FN:84,124,deploy_service
FNDA:0,deploy_service
FN:129,139,list_services
FNDA:0,list_services
FN:144,157,get_service
FNDA:0,get_service
FN:162,176,remove_service
FNDA:0,remove_service
FN:181,196,update_service
FNDA:0,update_service
FN:201,213,rebuild_service
FNDA:0,rebuild_service
FN:218,238,list_environment_vars
FNDA:0,list_environment_vars
FN:243,260,set_environment_var
FNDA:0,set_environment_var
FN:265,276,delete_environment_var
FNDA:0,delete_environment_var
FNF:11
FNH:0
end_of_record
SF:routes/deployment_routes.py
DA:2,1
DA:3,1
DA:4,1
DA:5,1
DA:6,1
DA:8,1
DA:11,1
DA:12,1
DA:15,1
DA:16,1
DA:31,0
DA:32,0
DA:33,0
DA:34,0
DA:36,0
DA:37,0
DA:38,0
DA:39,0
DA:40,0
DA:41,0
DA:42,0
DA:44,0
DA:45,0
DA:48,0
DA:49,0
DA:50,0
DA:51,0
DA:54,0
DA:64,0
DA:65,0
DA:67,0
DA:68,0
DA:69,0
DA:70,0
DA:71,0
DA:72,0
DA:75,1
DA:76,1
DA:85,0
DA:86,0
DA:87,0
DA:88,0
DA:90,0
DA:91,0
DA:92,0
DA:93,0
DA:94,0
DA:95,0
DA:98,1
DA:99,1
DA:111,0
DA:112,0
DA:114,0
DA:115,0
DA:121,0
DA:122,0
DA:123,0
LF:57
LH:14
FN:16,72,create_deployment
FNDA:0,create_deployment
FN:76,95,stop_deployment
FNDA:0,stop_deployment
FN:99,123,get_logs
FNDA:0,get_logs
FNF:3
FNH:0
end_of_record
SF:routes/dns_api.py
DA:5,1
DA:6,1
DA:7,1
DA:8,1
DA:9,1
DA:10,1
DA:12,1
DA:14,1
DA:21,1
DA:22,1
DA:23,1
DA:25,0
DA:26,0
DA:27,0
DA:29,0
DA:30,0
DA:35,0
DA:40,0
DA:41,0
DA:42,0
DA:48,1
DA:49,1
DA:50,1
DA:52,0
DA:53,0
DA:55,0
DA:56,0
DA:61,0
DA:62,0
DA:63,0
DA:66,0
DA:67,0
DA:72,0
DA:73,0
DA:75,0
DA:76,0
DA:77,0
DA:82,0
DA:87,0
DA:88,0
DA:89,0
DA:95,1
DA:96,1
DA:97,1
DA:99,0
DA:100,0
DA:101,0
DA:103,0
DA:104,0
DA:109,0
DA:114,0
DA:115,0
DA:116,0
DA:122,1
DA:123,1
DA:124,1
DA:126,0
DA:127,0
DA:128,0
DA:130,0
DA:131,0
DA:132,0
DA:137,0
DA:142,0
DA:143,0
DA:144,0
DA:154,1
DA:155,1
DA:156,1
DA:158,0
DA:159,0
DA:160,0
DA:162,0
DA:163,0
DA:168,0
DA:169,0
DA:171,0
DA:172,0
DA:179,0
DA:184,0
DA:185,0
DA:186,0
DA:192,1
DA:193,1
DA:194,1
DA:196,0
DA:197,0
DA:199,0
DA:200,0
DA:201,0
DA:202,0
DA:207,0
DA:208,0
DA:209,0
DA:210,0
DA:211,0
DA:214,0
DA:215,0
DA:220,0
DA:221,0
DA:223,0
DA:224,0
DA:225,0
DA:237,0
DA:242,0
DA:243,0
DA:244,0
DA:250,1
DA:251,1
DA:252,1
DA:254,0
DA:255,0
DA:257,0
DA:258,0
DA:259,0
DA:260,0
DA:265,0
DA:266,0
DA:267,0
DA:268,0
DA:270,0
DA:271,0
DA:273,0
DA:274,0
DA:275,0
DA:287,0
DA:292,0
DA:293,0
DA:294,0
DA:300,1
DA:301,1
DA:302,1
DA:304,0
DA:305,0
DA:306,0
DA:308,0
DA:309,0
DA:314,0
DA:315,0
DA:317,0
DA:318,0
DA:319,0
DA:324,0
DA:329,0
DA:330,0
DA:331,0
DA:341,1
DA:342,1
DA:343,1
DA:345,0
DA:346,0
DA:348,0
DA:349,0
DA:350,0
DA:351,0
DA:356,0
DA:357,0
DA:358,0
DA:359,0
DA:362,0
DA:363,0
DA:369,0
DA:370,0
DA:375,0
DA:376,0
DA:378,0
DA:380,0
DA:382,0
DA:383,0
DA:384,0
DA:385,0
DA:386,0
DA:387,0
DA:389,0
DA:390,0
DA:397,0
DA:404,0
DA:405,0
DA:407,0
DA:408,0
DA:415,0
DA:417,0
DA:418,0
DA:419,0
DA:425,1
DA:426,1
DA:427,1
DA:429,0
DA:430,0
DA:431,0
DA:432,0
DA:434,0
DA:437,0
DA:438,0
DA:440,0
DA:448,0
DA:450,0
DA:451,0
DA:452,0
DA:458,1
DA:459,1
DA:460,1
DA:462,0
DA:463,0
DA:464,0
DA:465,0
DA:467,0
DA:468,0
DA:473,0
DA:474,0
DA:475,0
DA:477,0
DA:478,0
DA:483,0
DA:485,0
DA:486,0
DA:487,0
DA:497,1
DA:498,1
DA:500,0
DA:501,0
DA:503,0
DA:504,0
DA:515,0
DA:517,0
DA:524,0
DA:525,0
DA:526,0
LF:228
LH:43
FN:23,45,list_zones
FNDA:0,list_zones
FN:50,92,create_zone
FNDA:0,create_zone
FN:97,119,get_zone
FNDA:0,get_zone
FN:124,147,delete_zone
FNDA:0,delete_zone
FN:156,189,list_records
FNDA:0,list_records
FN:194,247,create_record
FNDA:0,create_record
FN:252,297,update_record
FNDA:0,update_record
FN:302,334,delete_record
FNDA:0,delete_record
FN:343,422,enable_dyndns
FNDA:0,enable_dyndns
FN:427,455,dyndns_status
FNDA:0,dyndns_status
FN:460,490,disable_dyndns
FNDA:0,disable_dyndns
FN:498,530,dns_health
FNDA:0,dns_health
FNF:12
FNH:0
end_of_record
SF:routes/domain_api.py
DA:7,1
DA:8,1
DA:9,1
DA:10,1
DA:12,1
DA:14,1
DA:17,1
DA:20,1
DA:21,1
DA:22,1
DA:34,0
DA:35,0
DA:36,0
DA:37,0
DA:38,0
DA:40,0
DA:47,0
DA:48,0
DA:53,0
DA:59,0
DA:60,0
DA:61,0
DA:68,1
DA:69,1
DA:70,1
DA:79,0
DA:80,0
DA:82,0
DA:83,0
DA:88,0
DA:94,0
DA:95,0
DA:96,0
DA:103,1
DA:104,1
DA:105,1
DA:126,0
DA:127,0
DA:129,0
DA:130,0
DA:137,0
DA:138,0
DA:140,0
DA:141,0
DA:147,0
DA:163,0
DA:164,0
DA:170,0
DA:176,0
DA:177,0
DA:178,0
DA:185,1
DA:186,1
DA:187,1
DA:203,0
DA:204,0
DA:206,0
DA:207,0
DA:213,0
DA:219,0
DA:220,0
DA:226,0
DA:232,0
DA:233,0
DA:234,0
DA:241,1
DA:242,1
DA:243,1
DA:252,0
DA:253,0
DA:258,0
DA:259,0
DA:264,0
DA:270,0
DA:271,0
DA:272,0
DA:279,1
DA:280,1
DA:281,1
DA:290,0
DA:291,0
DA:293,0
DA:294,0
DA:299,0
DA:305,0
DA:306,0
DA:307,0
DA:314,1
DA:315,1
DA:316,1
DA:322,0
DA:323,0
DA:325,0
DA:326,0
DA:331,0
DA:337,0
DA:338,0
DA:339,0
DA:346,1
DA:347,1
DA:348,1
DA:361,0
DA:362,0
DA:363,0
DA:365,0
DA:366,0
DA:368,0
DA:369,0
DA:370,0
DA:374,0
DA:378,0
DA:389,0
DA:391,0
DA:392,0
DA:393,0
DA:400,1
DA:401,1
DA:402,1
DA:408,0
DA:409,0
DA:411,0
DA:412,0
DA:413,0
DA:414,0
DA:417,0
DA:420,0
DA:425,0
DA:426,0
DA:427,0
DA:428,0
DA:431,0
DA:433,0
DA:445,0
DA:447,0
DA:448,0
DA:449,0
DA:456,1
DA:457,1
DA:458,1
DA:468,0
DA:469,0
DA:470,0
DA:471,0
DA:472,0
DA:474,0
DA:475,0
DA:477,0
DA:478,0
DA:479,0
DA:481,0
DA:482,0
DA:484,0
DA:486,0
DA:488,0
DA:489,0
DA:492,0
DA:499,0
DA:500,0
DA:517,0
DA:518,0
DA:520,0
DA:528,0
DA:535,0
DA:536,0
DA:555,0
DA:556,0
DA:557,0
DA:558,0
DA:561,0
DA:563,0
DA:564,0
DA:565,0
DA:572,1
DA:573,1
DA:574,1
DA:583,0
DA:584,0
DA:585,0
DA:586,0
DA:588,0
DA:589,0
DA:595,0
DA:597,0
DA:598,0
DA:605,0
DA:606,0
DA:607,0
DA:609,0
DA:610,0
DA:616,0
DA:619,0
DA:620,0
DA:621,0
DA:622,0
DA:623,0
DA:624,0
DA:625,0
DA:626,0
DA:628,0
DA:633,0
DA:634,0
DA:640,0
DA:641,0
DA:642,0
DA:643,0
DA:645,0
DA:646,0
DA:653,0
DA:654,0
DA:655,0
DA:657,0
DA:658,0
DA:660,0
DA:661,0
DA:662,0
DA:663,0
DA:665,0
DA:666,0
DA:670,0
DA:673,0
DA:674,0
DA:675,0
DA:677,0
DA:678,0
DA:679,0
DA:681,0
DA:682,0
DA:683,0
DA:686,0
DA:687,0
DA:688,0
DA:689,0
DA:690,0
DA:691,0
DA:694,0
DA:710,0
DA:711,0
DA:716,0
DA:717,0
DA:722,0
DA:727,0
DA:728,0
DA:729,0
DA:734,0
DA:748,0
DA:749,0
DA:750,0
DA:757,1
DA:758,1
DA:759,1
DA:768,0
DA:769,0
DA:772,0
DA:774,0
DA:781,0
DA:782,0
DA:783,0
DA:790,1
DA:791,1
DA:792,1
DA:801,0
DA:802,0
DA:803,0
DA:805,0
DA:806,0
DA:808,0
DA:809,0
DA:811,0
DA:817,0
DA:826,0
DA:828,0
DA:829,0
DA:830,0
LF:273
LH:46
FN:22,65,list_domains
FNDA:0,list_domains
FN:70,100,get_domain
FNDA:0,get_domain
FN:105,182,create_domain
FNDA:0,create_domain
FN:187,238,update_domain
FNDA:0,update_domain
FN:243,276,delete_domain
FNDA:0,delete_domain
FN:281,311,check_domain_health
FNDA:0,check_domain_health
FN:316,343,check_all_domains_health
FNDA:0,check_all_domains_health
FN:348,397,get_domain_events
FNDA:0,get_domain_events
FN:402,453,get_domain_summary
FNDA:0,get_domain_summary
FN:458,569,export_domains
FNDA:0,export_domains
FN:574,754,import_domains
FNDA:0,import_domains
FN:759,787,provision_domain
FNDA:0,provision_domain
FN:792,834,get_domain_alerts
FNDA:0,get_domain_alerts
FNF:13
FNH:0
end_of_record
SF:routes/google_services_api.py
DA:2,1
DA:3,1
DA:4,1
DA:5,1
DA:6,1
DA:7,1
DA:8,1
DA:9,1
DA:10,1
DA:11,1
DA:12,1
DA:14,1
DA:15,1
DA:16,1
DA:17,1
DA:18,1
DA:19,1
DA:20,1
DA:30,1
DA:32,1
DA:34,1
DA:37,1
DA:38,1
DA:45,1
DA:47,0
DA:48,0
DA:49,0
DA:50,0
DA:53,1
DA:55,0
DA:56,0
DA:57,0
DA:58,0
DA:60,0
DA:61,0
DA:62,0
DA:63,0
DA:64,0
DA:65,0
DA:68,1
DA:69,1
DA:71,0
DA:74,1
DA:75,1
DA:76,1
DA:78,0
DA:81,1
DA:82,1
DA:83,1
DA:85,0
DA:86,0
DA:87,0
DA:91,0
DA:92,0
DA:93,0
DA:96,1
DA:97,1
DA:98,1
DA:99,1
DA:101,0
DA:102,0
DA:105,0
DA:106,0
DA:107,0
DA:108,0
DA:112,0
DA:113,0
DA:114,0
DA:116,0
DA:122,0
DA:123,0
DA:124,0
DA:125,0
DA:126,0
DA:127,0
DA:128,0
DA:130,0
DA:132,0
DA:134,0
DA:140,0
DA:141,0
DA:142,0
DA:145,1
DA:146,1
DA:147,1
DA:148,1
DA:150,0
DA:151,0
DA:153,0
DA:159,0
DA:160,0
DA:161,0
DA:164,1
DA:165,1
DA:166,1
DA:168,0
DA:169,0
DA:171,0
DA:176,0
DA:177,0
DA:178,0
DA:181,1
DA:182,1
DA:183,1
DA:184,1
DA:186,0
DA:187,0
DA:188,0
DA:190,0
DA:191,0
DA:193,0
DA:199,0
DA:204,0
DA:205,0
DA:206,0
DA:212,1
DA:213,1
DA:214,1
DA:216,0
DA:217,0
DA:219,0
DA:225,0
DA:226,0
DA:227,0
DA:230,1
DA:231,1
DA:232,1
DA:234,0
DA:235,0
DA:236,0
DA:238,0
DA:240,0
DA:246,0
DA:252,0
DA:253,0
DA:254,0
DA:257,1
DA:258,1
DA:259,1
DA:261,0
DA:262,0
DA:263,0
DA:265,0
DA:266,0
DA:268,0
DA:274,0
DA:275,0
DA:276,0
DA:279,1
DA:280,1
DA:281,1
DA:282,1
DA:284,0
DA:285,0
DA:286,0
DA:288,0
DA:289,0
DA:291,0
DA:292,0
DA:294,0
DA:295,0
DA:296,0
DA:297,0
DA:299,0
DA:300,0
DA:302,0
DA:303,0
DA:318,0
DA:319,0
DA:321,0
DA:323,0
DA:329,0
DA:334,0
DA:335,0
DA:336,0
DA:339,1
DA:340,1
DA:341,1
DA:342,1
DA:344,0
DA:345,0
DA:346,0
DA:348,0
DA:349,0
DA:351,0
DA:352,0
DA:354,0
DA:355,0
DA:357,0
DA:358,0
DA:360,0
DA:361,0
DA:364,0
DA:370,0
DA:371,0
DA:372,0
DA:373,0
DA:375,0
DA:377,0
DA:378,0
DA:380,0
DA:386,0
DA:391,0
DA:392,0
DA:393,0
DA:396,1
DA:397,1
DA:398,1
DA:399,1
DA:401,0
DA:402,0
DA:403,0
DA:405,0
DA:406,0
DA:407,0
DA:409,0
DA:410,0
DA:412,0
DA:413,0
DA:415,0
DA:416,0
DA:418,0
DA:424,0
DA:429,0
DA:430,0
DA:431,0
DA:437,1
DA:438,1
DA:439,1
DA:440,1
DA:442,0
DA:443,0
DA:444,0
DA:446,0
DA:447,0
DA:449,0
DA:450,0
DA:452,0
DA:453,0
DA:454,0
DA:455,0
DA:458,0
DA:470,0
DA:471,0
DA:472,0
DA:482,0
DA:483,0
DA:485,0
DA:490,0
DA:491,0
DA:494,0
DA:495,0
DA:496,0
DA:497,0
DA:505,0
DA:506,0
DA:507,0
DA:508,0
DA:510,0
DA:513,1
DA:514,1
DA:515,1
DA:517,0
DA:518,0
DA:519,0
DA:521,0
DA:523,0
DA:524,0
DA:528,0
DA:534,0
DA:535,0
DA:536,0
DA:542,1
DA:543,1
DA:544,1
DA:546,0
DA:547,0
DA:549,0
DA:555,0
DA:556,0
DA:557,0
DA:560,1
DA:561,1
DA:562,1
DA:564,0
DA:565,0
DA:566,0
DA:568,0
DA:570,0
DA:571,0
DA:575,0
DA:581,0
DA:582,0
DA:583,0
DA:586,1
DA:587,1
DA:588,1
DA:590,0
DA:591,0
DA:593,0
DA:598,0
DA:599,0
DA:600,0
DA:603,1
DA:604,1
DA:605,1
DA:606,1
DA:608,0
DA:609,0
DA:610,0
DA:612,0
DA:613,0
DA:615,0
DA:616,0
DA:619,0
DA:621,0
DA:622,0
DA:623,0
DA:624,0
DA:626,0
DA:631,0
DA:632,0
DA:633,0
LF:323
LH:89
FN:45,50,add_security_headers
FNDA:0,add_security_headers
FN:53,65,validate_csrf_token
FNDA:0,validate_csrf_token
FN:69,71,after_request
FNDA:0,after_request
FN:76,78,google_services_dashboard
FNDA:0,google_services_dashboard
FN:83,93,get_csrf_token
FNDA:0,get_csrf_token
FN:99,142,get_status
FNDA:0,get_status
FN:148,161,check_service_health
FNDA:0,check_service_health
FN:166,178,get_configuration
FNDA:0,get_configuration
FN:184,206,reset_connections
FNDA:0,reset_connections
FN:214,227,list_calendars
FNDA:0,list_calendars
FN:232,254,list_calendar_events
FNDA:0,list_calendar_events
FN:259,276,get_calendar_automations
FNDA:0,get_calendar_automations
FN:282,336,create_calendar_automation
FNDA:0,create_calendar_automation
FN:342,393,update_calendar_automation
FNDA:0,update_calendar_automation
FN:399,431,delete_calendar_automation
FNDA:0,delete_calendar_automation
FN:440,510,send_email
FNDA:0,send_email
FN:515,536,get_email_notifications
FNDA:0,get_email_notifications
FN:544,557,list_backups
FNDA:0,list_backups
FN:562,583,get_backup_history
FNDA:0,get_backup_history
FN:588,600,get_storage_info
FNDA:0,get_storage_info
FN:606,633,delete_backup
FNDA:0,delete_backup
FNF:21
FNH:0
end_of_record
SF:routes/homeassistant_api.py
DA:1,1
DA:2,1
DA:3,1
DA:5,1
DA:7,1
DA:8,1
DA:9,1
DA:11,1
DA:12,1
DA:13,1
DA:15,1
DA:16,1
DA:17,1
DA:19,1
DA:20,1
DA:21,1
DA:23,1
DA:24,1
DA:25,1
DA:27,1
DA:28,1
DA:29,1
DA:31,1
DA:32,1
DA:33,1
DA:35,0
DA:36,0
DA:37,0
DA:39,0
DA:40,0
DA:42,0
LF:31
LH:25
FN:9,13,get_devices
FNDA:1,get_devices
FN:17,21,get_automations
FNDA:1,get_automations
FN:25,29,get_energy_stats
FNDA:1,get_energy_stats
FN:33,42,control_device
FNDA:0,control_device
FNF:4
FNH:3
end_of_record
SF:routes/jarvis_approval_api.py
DA:7,1
DA:8,1
DA:9,1
DA:10,1
DA:12,1
DA:13,1
DA:14,1
DA:15,1
DA:16,1
DA:19,1
DA:21,1
DA:23,1
DA:26,1
DA:27,1
DA:28,1
DA:36,0
DA:37,0
DA:38,0
DA:39,0
DA:41,0
DA:42,0
DA:47,0
DA:48,0
DA:52,0
DA:53,0
DA:54,0
DA:55,0
DA:56,0
DA:57,0
DA:62,0
DA:64,0
DA:66,0
DA:68,0
DA:78,0
DA:79,0
DA:80,0
DA:86,1
DA:87,1
DA:88,1
DA:90,0
DA:91,0
DA:92,0
DA:97,0
DA:98,0
DA:100,0
DA:101,0
DA:106,0
DA:111,0
DA:112,0
DA:113,0
DA:119,1
DA:120,1
DA:121,1
DA:127,0
DA:128,0
DA:129,0
DA:131,0
DA:132,0
DA:137,0
DA:138,0
DA:140,0
DA:141,0
DA:146,0
DA:147,0
DA:152,0
DA:153,0
DA:154,0
DA:155,0
DA:160,0
DA:162,0
DA:163,0
DA:164,0
DA:166,0
DA:167,0
DA:169,0
DA:175,0
DA:176,0
DA:177,0
DA:182,0
DA:183,0
DA:184,0
DA:185,0
DA:187,0
DA:188,0
DA:190,0
DA:191,0
DA:193,0
DA:194,0
DA:195,0
DA:196,0
DA:197,0
DA:198,0
DA:200,0
DA:202,0
DA:203,0
DA:204,0
DA:210,1
DA:211,1
DA:212,1
DA:218,0
DA:219,0
DA:220,0
DA:222,0
DA:223,0
DA:228,0
DA:229,0
DA:231,0
DA:232,0
DA:237,0
DA:238,0
DA:243,0
DA:245,0
DA:246,0
DA:247,0
DA:248,0
DA:250,0
DA:251,0
DA:253,0
DA:259,0
DA:260,0
DA:261,0
DA:267,1
DA:268,1
DA:269,1
DA:271,0
DA:272,0
DA:273,0
DA:278,0
DA:279,0
DA:281,0
DA:282,0
DA:287,0
DA:288,0
DA:293,0
DA:294,0
DA:299,0
DA:301,0
DA:302,0
DA:307,0
DA:308,0
DA:309,0
DA:310,0
DA:312,0
DA:313,0
DA:315,0
DA:321,0
DA:322,0
DA:323,0
DA:324,0
DA:325,0
DA:327,0
DA:332,0
DA:333,0
DA:334,0
DA:340,1
DA:341,1
DA:342,1
DA:353,0
DA:354,0
DA:356,0
DA:357,0
DA:362,0
DA:363,0
DA:368,0
DA:369,0
DA:370,0
DA:371,0
DA:376,0
DA:377,0
DA:382,0
DA:383,0
DA:384,0
DA:385,0
DA:387,0
DA:388,0
DA:390,0
DA:391,0
DA:396,0
DA:397,0
DA:407,0
DA:408,0
DA:409,0
DA:411,0
DA:417,0
DA:418,0
DA:419,0
DA:425,1
DA:426,1
DA:427,1
DA:429,0
DA:430,0
DA:431,0
DA:436,0
DA:437,0
DA:438,0
DA:439,0
DA:440,0
DA:441,0
DA:442,0
DA:444,0
DA:456,0
DA:457,0
DA:458,0
LF:203
LH:33
FN:28,83,get_pending_actions
FNDA:0,get_pending_actions
FN:88,116,get_action
FNDA:0,get_action
FN:121,207,approve_action
FNDA:0,approve_action
FN:212,264,reject_action
FNDA:0,reject_action
FN:269,337,execute_action
FNDA:0,execute_action
FN:342,422,create_action
FNDA:0,create_action
FN:427,461,get_stats
FNDA:0,get_stats
FNF:7
FNH:0
end_of_record
SF:routes/jarvis_task_api.py
DA:7,1
DA:8,1
DA:9,1
DA:10,1
DA:11,1
DA:12,1
DA:13,1
DA:15,1
DA:17,1
DA:18,1
DA:21,1
DA:22,1
DA:23,1
DA:32,0
DA:33,0
DA:34,0
DA:35,0
DA:36,0
DA:38,0
DA:45,0
DA:51,0
DA:52,0
DA:53,0
DA:56,1
DA:57,1
DA:58,1
DA:64,0
DA:65,0
DA:67,0
DA:68,0
DA:73,0
DA:78,0
DA:79,0
DA:80,0
DA:83,1
DA:84,1
DA:85,1
DA:91,0
DA:92,0
DA:93,0
DA:95,0
DA:97,0
DA:98,0
DA:103,0
DA:108,0
DA:109,0
DA:110,0
DA:113,1
DA:114,1
DA:115,1
DA:121,0
DA:122,0
DA:123,0
DA:125,0
DA:126,0
DA:131,0
DA:133,0
DA:134,0
DA:139,0
DA:144,0
DA:145,0
DA:146,0
DA:149,1
DA:150,1
DA:151,1
DA:157,0
DA:158,0
DA:159,0
DA:161,0
DA:162,0
DA:167,0
DA:169,0
DA:170,0
DA:175,0
DA:180,0
DA:181,0
DA:182,0
DA:185,1
DA:186,1
DA:187,1
DA:194,0
DA:195,0
DA:196,0
DA:197,0
DA:199,0
DA:200,0
DA:205,0
DA:207,0
DA:208,0
DA:213,0
DA:218,0
DA:219,0
DA:220,0
DA:223,1
DA:224,1
DA:225,1
DA:234,0
DA:235,0
DA:236,0
DA:237,0
DA:238,0
DA:240,0
DA:249,0
DA:250,0
DA:251,0
DA:254,1
DA:255,1
DA:256,1
DA:266,0
DA:267,0
DA:269,0
DA:270,0
DA:271,0
DA:272,0
DA:273,0
DA:275,0
DA:276,0
DA:281,0
DA:289,0
DA:290,0
DA:296,0
DA:301,0
DA:302,0
DA:303,0
DA:306,1
DA:313,1
DA:315,1
DA:316,1
DA:324,0
DA:326,0
DA:327,0
DA:328,0
DA:330,0
DA:336,0
DA:346,0
DA:348,0
DA:349,0
DA:351,0
DA:352,0
DA:356,0
DA:357,0
DA:358,0
DA:360,0
DA:361,0
DA:363,0
LF:145
LH:38
FN:23,53,get_tasks
FNDA:0,get_tasks
FN:58,80,get_task
FNDA:0,get_task
FN:85,110,approve_task
FNDA:0,approve_task
FN:115,146,reject_task
FNDA:0,reject_task
FN:151,182,request_changes
FNDA:0,request_changes
FN:187,220,respond_to_task
FNDA:0,respond_to_task
FN:225,251,get_jarvis_status
FNDA:0,get_jarvis_status
FN:256,303,create_task
FNDA:0,create_task
FN:306,316,init_websocket
FNDA:1,init_websocket
FN:316,363,init_websocket.jarvis_task_websocket
FNDA:0,init_websocket.jarvis_task_websocket
FNF:10
FNH:1
end_of_record
SF:routes/jarvis_voice_api.py
DA:2,1
DA:3,1
DA:4,1
DA:5,1
DA:6,1
DA:7,1
DA:9,1
DA:10,1
DA:11,1
DA:12,1
DA:13,1
DA:14,1
DA:15,1
DA:16,1
DA:17,1
DA:19,1
DA:21,1
DA:22,1
DA:23,1
DA:24,1
DA:25,0
DA:26,0
DA:27,0
DA:28,0
DA:30,1
DA:32,1
DA:33,1
DA:34,1
DA:35,1
DA:38,1
DA:39,1
DA:40,1
DA:42,1
DA:44,0
DA:45,0
DA:46,0
DA:47,0
DA:48,0
DA:49,0
DA:50,0
DA:51,0
DA:53,1
DA:55,0
DA:56,0
DA:57,0
DA:58,0
DA:59,0
DA:60,0
DA:61,0
DA:62,0
DA:64,1
DA:66,0
DA:67,0
DA:68,0
DA:69,0
DA:70,0
DA:71,0
DA:74,1
DA:75,1
DA:76,1
DA:99,0
DA:100,0
DA:101,0
DA:102,0
DA:104,0
DA:105,0
DA:106,0
DA:107,0
DA:109,0
DA:110,0
DA:116,0
DA:117,0
DA:118,0
DA:119,0
DA:120,0
DA:121,0
DA:126,0
DA:127,0
DA:132,0
DA:134,0
DA:136,0
DA:138,0
DA:145,0
DA:146,0
DA:147,0
DA:148,0
DA:150,0
DA:151,0
DA:152,0
DA:155,0
DA:172,0
DA:173,0
DA:174,0
DA:177,0
DA:179,0
DA:190,0
DA:192,0
DA:198,0
DA:207,0
DA:208,0
DA:209,0
DA:210,0
DA:214,0
DA:215,0
DA:216,0
DA:217,0
DA:223,1
DA:224,1
DA:225,1
DA:243,0
DA:244,0
DA:245,0
DA:246,0
DA:248,0
DA:249,0
DA:251,0
DA:252,0
DA:257,0
DA:258,0
DA:264,0
DA:265,0
DA:266,0
DA:267,0
DA:273,0
DA:274,0
DA:277,0
DA:311,0
DA:313,0
DA:314,0
DA:320,0
DA:321,0
DA:324,0
DA:325,0
DA:326,0
DA:328,0
DA:334,0
DA:343,0
DA:344,0
DA:347,0
DA:356,0
DA:359,0
DA:360,0
DA:361,0
DA:362,0
DA:363,0
DA:364,0
DA:365,0
DA:366,0
DA:367,0
DA:369,0
DA:370,0
DA:371,0
DA:373,0
DA:379,0
DA:391,0
DA:392,0
DA:393,0
DA:394,0
DA:399,0
DA:400,0
DA:401,0
DA:402,0
DA:406,0
DA:407,0
DA:408,0
DA:409,0
DA:415,1
DA:416,1
DA:417,1
DA:436,0
DA:437,0
DA:438,0
DA:439,0
DA:441,0
DA:442,0
DA:444,0
DA:445,0
DA:451,0
DA:452,0
DA:453,0
DA:454,0
DA:459,0
DA:460,0
DA:465,0
DA:466,0
DA:471,0
DA:472,0
DA:474,0
DA:475,0
DA:476,0
DA:481,0
DA:488,0
DA:494,0
DA:505,0
DA:506,0
DA:507,0
DA:508,0
DA:516,0
DA:522,0
DA:523,0
DA:524,0
DA:526,0
DA:528,0
DA:534,0
DA:542,0
DA:543,0
DA:544,0
DA:545,0
DA:553,0
DA:554,0
DA:555,0
DA:557,0
DA:559,0
DA:565,0
DA:573,0
DA:574,0
DA:575,0
DA:576,0
DA:580,0
DA:581,0
DA:582,0
DA:583,0
DA:589,1
DA:590,1
DA:591,1
DA:608,0
DA:609,0
DA:610,0
DA:611,0
DA:613,0
DA:614,0
DA:616,0
DA:617,0
DA:622,0
DA:623,0
DA:628,0
DA:630,0
DA:631,0
DA:638,0
DA:640,0
DA:641,0
DA:642,0
DA:643,0
DA:644,0
DA:650,0
DA:651,0
DA:657,0
DA:658,0
DA:659,0
DA:662,0
DA:663,0
DA:664,0
DA:665,0
DA:666,0
DA:667,0
DA:668,0
DA:670,0
DA:673,0
DA:674,0
DA:675,0
DA:678,0
DA:683,0
DA:687,0
DA:690,0
DA:693,0
DA:694,0
DA:697,0
DA:702,0
DA:705,0
DA:706,0
DA:707,0
DA:709,0
DA:711,0
DA:718,0
DA:719,0
DA:720,0
DA:721,0
DA:727,1
DA:728,1
DA:729,1
DA:752,0
DA:753,0
DA:762,0
DA:770,0
DA:771,0
DA:772,0
DA:773,0
DA:774,0
DA:775,0
DA:776,0
DA:779,0
DA:780,0
DA:781,0
DA:782,0
DA:783,0
DA:784,0
DA:787,0
DA:788,0
DA:789,0
DA:790,0
DA:792,0
DA:796,0
DA:800,0
DA:804,0
DA:807,0
DA:808,0
DA:810,0
DA:818,0
DA:819,0
DA:820,0
LF:310
LH:46
FN:42,51,validate_project_name
FNDA:0,validate_project_name
FN:53,62,validate_domain
FNDA:0,validate_domain
FN:64,71,validate_db_name
FNDA:0,validate_db_name
FN:76,220,deploy_project
FNDA:0,deploy_project
FN:225,412,create_database
FNDA:0,create_database
FN:417,586,manage_ssl
FNDA:0,manage_ssl
FN:591,724,conversational_query
FNDA:0,conversational_query
FN:729,824,get_jarvis_status
FNDA:0,get_jarvis_status
FNF:8
FNH:0
end_of_record
SF:routes/logs_api.py
DA:1,1
DA:2,1
DA:3,1
DA:4,1
DA:5,1
DA:6,1
DA:7,1
DA:8,1
DA:10,1
DA:12,1
DA:14,1
DA:15,1
DA:16,1
DA:26,0
DA:27,0
DA:28,0
DA:29,0
DA:30,0
DA:32,0
DA:33,0
DA:36,0
DA:47,0
DA:48,0
DA:49,0
DA:52,0
DA:53,0
DA:54,0
DA:56,0
DA:57,0
DA:58,0
DA:64,0
DA:65,0
DA:67,0
DA:68,0
DA:69,0
DA:70,0
DA:71,0
DA:74,0
DA:75,0
DA:76,0
DA:77,0
DA:79,0
DA:82,0
DA:83,0
DA:85,0
DA:87,0
DA:95,0
DA:96,0
DA:97,0
DA:98,0
DA:99,0
DA:102,1
DA:103,1
DA:104,1
DA:106,0
DA:117,0
DA:120,1
DA:125,0
DA:135,0
DA:136,0
DA:137,0
DA:140,0
DA:141,0
DA:142,0
DA:143,0
DA:146,0
DA:147,0
DA:149,0
DA:150,0
DA:151,0
DA:155,0
DA:156,0
DA:157,0
DA:158,0
DA:159,0
DA:162,0
DA:163,0
DA:164,0
DA:165,0
DA:166,0
DA:167,0
DA:170,0
DA:171,0
DA:172,0
DA:174,0
DA:177,0
DA:178,0
DA:179,0
DA:180,0
DA:182,0
LF:90
LH:17
FN:16,99,get_logs
FNDA:0,get_logs
FN:104,117,get_available_services
FNDA:0,get_available_services
FN:120,182,parse_log_line
FNDA:0,parse_log_line
FNF:3
FNH:0
end_of_record
SF:routes/marketplace_api.py
DA:6,1
DA:7,1
DA:8,1
DA:9,1
DA:11,1
DA:13,1
DA:16,1
DA:17,1
DA:27,1
DA:28,1
DA:29,1
DA:31,1
DA:32,1
DA:33,1
DA:34,0
DA:36,1
DA:38,1
DA:43,0
DA:44,0
DA:45,0
DA:51,1
DA:52,1
DA:58,0
DA:59,0
DA:60,0
DA:65,0
DA:66,0
DA:67,0
DA:73,1
DA:74,1
DA:83,0
DA:84,0
DA:86,0
DA:87,0
DA:92,0
DA:96,0
DA:97,0
DA:98,0
DA:104,1
DA:105,1
DA:106,1
DA:125,0
DA:126,0
DA:128,0
DA:129,0
DA:134,0
DA:135,0
DA:136,0
DA:138,0
DA:139,0
DA:144,0
DA:145,0
DA:151,0
DA:152,0
DA:158,0
DA:164,0
DA:165,0
DA:170,0
DA:175,0
DA:176,0
DA:177,0
DA:184,1
DA:185,1
DA:186,1
DA:192,0
DA:193,0
DA:194,0
DA:199,0
DA:200,0
DA:201,0
DA:207,1
DA:208,1
DA:209,1
DA:218,0
DA:219,0
DA:221,0
DA:222,0
DA:227,0
DA:231,0
DA:232,0
DA:233,0
DA:239,1
DA:240,1
DA:241,1
DA:250,0
DA:251,0
DA:253,0
DA:254,0
DA:259,0
DA:263,0
DA:264,0
DA:265,0
DA:271,1
DA:272,1
DA:273,1
DA:282,0
DA:284,0
DA:288,0
DA:289,0
DA:290,0
DA:296,1
DA:297,1
DA:298,1
DA:307,0
DA:308,0
DA:310,0
DA:311,0
DA:316,0
DA:320,0
DA:321,0
DA:322,0
DA:328,1
DA:329,1
DA:330,1
DA:339,0
DA:340,0
DA:342,0
DA:343,0
DA:348,0
DA:352,0
DA:353,0
DA:354,0
DA:360,1
DA:361,1
DA:367,0
DA:378,0
LF:126
LH:43
FN:17,48,list_templates
FNDA:1,list_templates
FN:52,70,featured_templates
FNDA:0,featured_templates
FN:74,101,get_template
FNDA:0,get_template
FN:106,181,deploy_container
FNDA:0,deploy_container
FN:186,204,list_deployments
FNDA:0,list_deployments
FN:209,236,get_deployment_status
FNDA:0,get_deployment_status
FN:241,268,stop_deployment
FNDA:0,stop_deployment
FN:273,293,start_deployment
FNDA:0,start_deployment
FN:298,325,remove_deployment
FNDA:0,remove_deployment
FN:330,357,load_catalog
FNDA:0,load_catalog
FN:361,381,get_categories
FNDA:0,get_categories
FNF:11
FNH:1
end_of_record
SF:routes/nas_api.py
DA:5,1
DA:6,1
DA:7,1
DA:13,1
DA:14,1
DA:15,1
DA:16,1
DA:17,1
DA:18,1
DA:20,1
DA:22,1
DA:24,1
DA:25,1
DA:26,1
DA:27,1
DA:28,1
DA:31,1
DA:32,1
DA:33,1
DA:35,0
DA:36,0
DA:37,0
DA:39,0
DA:41,0
DA:43,0
DA:45,0
DA:46,0
DA:50,0
DA:51,0
DA:52,0
DA:53,0
DA:55,0
DA:62,0
DA:64,0
DA:65,0
DA:67,0
DA:73,0
DA:74,0
DA:75,0
DA:78,1
DA:79,1
DA:80,1
DA:82,0
DA:83,0
DA:84,0
DA:86,0
DA:88,0
DA:90,0
DA:95,0
DA:96,0
DA:97,0
DA:100,1
DA:101,1
DA:102,1
DA:104,0
DA:105,0
DA:106,0
DA:108,0
DA:109,0
DA:110,0
DA:112,0
DA:113,0
DA:114,0
DA:116,0
DA:121,0
DA:122,0
DA:123,0
DA:126,1
DA:127,1
DA:128,1
DA:130,0
DA:131,0
DA:133,0
DA:134,0
DA:135,0
DA:136,0
DA:137,0
DA:138,0
DA:139,0
DA:141,0
DA:142,0
DA:147,0
DA:148,0
DA:150,0
DA:151,0
DA:152,0
DA:154,0
DA:155,0
DA:160,0
DA:161,0
DA:162,0
DA:170,0
DA:171,0
DA:176,0
DA:177,0
DA:186,0
DA:187,0
DA:189,0
DA:190,0
DA:192,0
DA:198,0
DA:199,0
DA:204,0
DA:205,0
DA:206,0
DA:209,1
DA:210,1
DA:211,1
DA:213,0
DA:214,0
DA:215,0
DA:217,0
DA:218,0
DA:219,0
DA:221,0
DA:223,0
DA:224,0
DA:225,0
DA:227,0
DA:229,0
DA:234,0
DA:235,0
DA:236,0
DA:239,1
DA:240,1
DA:241,1
DA:243,0
DA:244,0
DA:245,0
DA:247,0
DA:248,0
DA:249,0
DA:251,0
DA:252,0
DA:254,0
DA:256,0
DA:258,0
DA:260,0
DA:266,0
DA:267,0
DA:268,0
DA:271,1
DA:272,1
DA:273,1
DA:277,0
DA:278,0
DA:280,0
DA:281,0
DA:282,0
DA:283,0
DA:285,0
DA:286,0
DA:291,0
DA:293,0
DA:300,0
DA:302,0
DA:304,0
DA:305,0
DA:306,0
DA:313,0
DA:314,0
DA:316,0
DA:317,0
DA:318,0
DA:322,0
DA:323,0
DA:331,0
DA:333,0
DA:334,0
DA:336,0
DA:341,0
DA:342,0
DA:343,0
DA:346,1
DA:347,1
DA:348,1
DA:350,0
DA:351,0
DA:352,0
DA:354,0
DA:359,0
DA:360,0
DA:361,0
DA:364,0
DA:365,0
DA:367,0
DA:368,0
DA:369,0
DA:370,0
DA:371,0
DA:373,0
DA:374,0
DA:379,0
DA:383,0
DA:388,0
DA:389,0
DA:390,0
DA:393,1
DA:394,1
DA:395,1
DA:397,0
DA:398,0
DA:399,0
DA:401,0
DA:402,0
DA:403,0
DA:405,0
DA:406,0
DA:407,0
DA:409,0
DA:414,0
DA:415,0
DA:416,0
DA:419,1
DA:420,1
DA:421,1
DA:423,0
DA:424,0
DA:426,0
DA:427,0
DA:429,0
DA:430,0
DA:431,0
DA:433,0
DA:435,0
DA:437,0
DA:443,0
DA:444,0
DA:445,0
DA:448,1
DA:449,1
DA:450,1
DA:452,0
DA:453,0
DA:455,0
DA:460,0
DA:461,0
DA:462,0
DA:465,1
DA:466,1
DA:467,1
DA:471,0
DA:472,0
DA:474,0
DA:475,0
DA:476,0
DA:478,0
DA:479,0
DA:484,0
DA:485,0
DA:487,0
DA:488,0
DA:489,0
DA:491,0
DA:493,0
DA:501,0
DA:502,0
DA:508,0
[...]
DA:327,0
DA:329,0
DA:331,0
DA:332,0
DA:334,0
DA:336,0
DA:343,0
DA:344,0
DA:345,0
DA:347,0
DA:348,0
DA:349,0
DA:351,0
DA:352,0
DA:353,0
DA:355,1
DA:365,0
DA:366,0
DA:367,0
DA:369,0
DA:376,0
DA:377,0
DA:378,0
DA:380,0
DA:381,0
DA:382,0
DA:384,0
DA:385,0
DA:386,0
DA:388,1
DA:395,0
DA:397,0
DA:398,0
DA:405,0
DA:406,0
DA:407,0
DA:408,0
DA:409,0
DA:416,0
DA:417,0
DA:419,0
DA:421,1
DA:431,0
DA:432,0
DA:434,0
DA:441,0
DA:442,0
DA:443,0
DA:445,1
DA:447,0
DA:448,0
DA:450,0
DA:451,0
DA:452,0
DA:454,0
DA:455,0
DA:456,0
DA:458,0
DA:460,0
DA:461,0
DA:462,0
DA:465,1
DA:470,1
DA:471,1
DA:472,1
DA:474,1
DA:493,0
DA:495,0
DA:503,0
DA:504,0
DA:505,0
DA:506,0
DA:507,0
DA:508,0
DA:514,0
DA:515,0
DA:517,0
DA:522,0
DA:523,0
DA:525,0
DA:526,0
DA:532,0
DA:533,0
DA:539,0
DA:541,0
DA:542,0
DA:543,0
DA:544,0
DA:546,0
DA:548,0
DA:549,0
DA:550,0
DA:552,0
DA:554,1
DA:565,0
DA:566,0
DA:568,0
DA:569,0
DA:570,0
DA:572,0
DA:573,0
DA:575,0
DA:577,0
DA:578,0
DA:579,0
DA:582,1
DA:587,1
DA:588,1
DA:590,1
DA:611,0
DA:612,0
DA:613,0
DA:615,0
DA:617,0
DA:626,0
DA:627,0
DA:629,0
DA:630,0
DA:632,0
DA:634,0
DA:642,0
DA:643,0
DA:644,0
DA:646,1
DA:657,0
DA:658,0
DA:659,0
DA:660,0
DA:661,0
DA:663,0
DA:664,0
DA:666,0
DA:667,0
DA:669,0
DA:670,0
DA:671,0
DA:673,0
DA:675,0
DA:676,0
DA:677,0
DA:679,0
DA:689,0
DA:697,0
DA:698,0
DA:699,0
DA:700,0
DA:702,0
DA:703,0
DA:704,0
DA:706,0
DA:707,0
DA:708,0
DA:709,0
DA:710,0
DA:712,1
DA:723,0
DA:724,0
DA:725,0
DA:727,0
DA:728,0
DA:730,0
DA:731,0
DA:733,0
DA:734,0
DA:736,0
DA:737,0
DA:738,0
DA:740,0
DA:742,0
DA:750,0
DA:757,0
DA:758,0
DA:759,0
DA:760,0
DA:762,0
DA:763,0
DA:764,0
DA:766,0
DA:767,0
DA:768,0
DA:769,0
DA:770,0
DA:772,1
DA:783,0
DA:784,0
DA:785,0
DA:787,0
DA:788,0
DA:790,0
DA:803,0
DA:804,0
DA:805,0
DA:807,0
DA:808,0
DA:809,0
DA:811,0
DA:812,0
DA:813,0
DA:815,1
DA:822,0
DA:823,0
DA:824,0
DA:826,0
DA:827,0
DA:829,0
DA:842,0
DA:844,0
DA:846,0
DA:847,0
DA:848,0
DA:850,1
DA:860,0
DA:861,0
DA:862,0
DA:864,0
DA:866,0
DA:871,0
DA:879,0
DA:881,0
DA:883,0
DA:884,0
DA:885,0
LF:357
LH:44
FN:25,26,NASDiscoveryService.__init__
FNDA:1,NASDiscoveryService.__init__
FN:28,71,NASDiscoveryService.scan_network
FNDA:0,NASDiscoveryService.scan_network
FN:73,102,NASDiscoveryService.detect_synology
FNDA:0,NASDiscoveryService.detect_synology
FN:104,133,NASDiscoveryService.detect_qnap
FNDA:0,NASDiscoveryService.detect_qnap
FN:135,168,NASDiscoveryService.detect_truenas
FNDA:0,NASDiscoveryService.detect_truenas
FN:170,200,NASDiscoveryService.detect_smb_shares
FNDA:0,NASDiscoveryService.detect_smb_shares
FN:202,233,NASDiscoveryService.detect_nfs_exports
FNDA:0,NASDiscoveryService.detect_nfs_exports
FN:235,244,NASDiscoveryService._check_port
FNDA:0,NASDiscoveryService._check_port
FN:252,253,NASMountService.__init__
FNDA:1,NASMountService.__init__
FN:255,295,NASMountService.mount_nfs_share
FNDA:0,NASMountService.mount_nfs_share
FN:297,353,NASMountService.mount_smb_share
FNDA:0,NASMountService.mount_smb_share
FN:355,386,NASMountService.unmount_share
FNDA:0,NASMountService.unmount_share
FN:388,419,NASMountService.list_mounts
FNDA:0,NASMountService.list_mounts
FN:421,443,NASMountService.get_mount_stats
FNDA:0,NASMountService.get_mount_stats
FN:445,462,NASMountService._validate_mount_point
FNDA:0,NASMountService._validate_mount_point
FN:470,472,PlexAutomationService.__init__
FNDA:1,PlexAutomationService.__init__
FN:474,552,PlexAutomationService.setup_plex_with_nas
FNDA:0,PlexAutomationService.setup_plex_with_nas
FN:554,579,PlexAutomationService.configure_plex_libraries
FNDA:0,PlexAutomationService.configure_plex_libraries
FN:587,588,NASBackupService.__init__
FNDA:1,NASBackupService.__init__
FN:590,644,NASBackupService.create_backup_job
FNDA:0,NASBackupService.create_backup_job
FN:646,710,NASBackupService.backup_database
FNDA:0,NASBackupService.backup_database
FN:712,770,NASBackupService.backup_docker_volume
FNDA:0,NASBackupService.backup_docker_volume
FN:772,813,NASBackupService.restore_database
FNDA:0,NASBackupService.restore_database
FN:815,848,NASBackupService.list_backup_jobs
FNDA:0,NASBackupService.list_backup_jobs
FN:850,885,NASBackupService.get_backup_history
FNDA:0,NASBackupService.get_backup_history
FNF:25
FNH:4
end_of_record
SF:services/network_service.py
DA:6,1
DA:7,1
DA:8,1
DA:9,1
DA:12,1
DA:15,1
DA:16,1
DA:18,0
DA:20,0
DA:31,1
DA:32,1
DA:34,0
DA:35,0
DA:36,0
DA:37,0
DA:39,0
DA:40,0
DA:48,0
DA:49,0
DA:53,0
DA:54,0
DA:55,0
DA:56,0
DA:57,0
DA:60,0
DA:61,0
DA:62,0
DA:69,0
DA:70,0
DA:71,0
DA:80,0
DA:82,0
DA:84,1
DA:85,1
DA:87,0
DA:88,0
DA:91,0
DA:92,0
DA:93,0
DA:95,0
DA:96,0
DA:97,0
DA:100,0
DA:101,0
DA:104,0
DA:113,0
DA:114,0
DA:115,0
DA:116,0
DA:117,0
DA:118,0
DA:120,0
DA:122,0
DA:128,0
DA:129,0
DA:137,1
DA:138,1
DA:140,0
DA:141,0
DA:142,0
DA:144,0
DA:145,0
DA:146,0
DA:154,0
DA:155,0
DA:156,0
DA:157,0
DA:158,0
DA:159,0
DA:161,0
DA:164,0
DA:166,0
DA:167,0
DA:168,0
DA:170,1
DA:171,1
DA:173,0
DA:175,0
DA:176,0
DA:179,0
DA:180,0
DA:183,0
DA:184,0
DA:186,0
LF:84
LH:15
FN:16,29,NetworkService.get_network_stats
FNDA:0,NetworkService.get_network_stats
FN:32,82,NetworkService.get_interface_stats
FNDA:0,NetworkService.get_interface_stats
FN:85,135,NetworkService.get_connections
FNDA:0,NetworkService.get_connections
FN:138,168,NetworkService.get_listening_ports
FNDA:0,NetworkService.get_listening_ports
FN:171,191,NetworkService.get_bandwidth_delta
FNDA:0,NetworkService.get_bandwidth_delta
FNF:5
FNH:0
end_of_record
SF:services/ollama_service.py
DA:4,0
DA:5,0
DA:6,0
DA:8,0
DA:10,0
DA:13,0
DA:14,0
DA:15,0
DA:16,0
DA:18,0
DA:20,0
DA:21,0
DA:22,0
DA:23,0
DA:24,0
DA:26,0
DA:28,0
DA:29,0
DA:30,0
DA:31,0
DA:32,0
DA:33,0
DA:34,0
DA:40,0
DA:41,0
DA:42,0
DA:43,0
DA:44,0
DA:46,0
DA:48,0
DA:49,0
DA:59,0
DA:60,0
DA:61,0
DA:63,0
DA:65,0
DA:66,0
DA:67,0
DA:69,0
DA:71,0
DA:72,0
DA:73,0
DA:74,0
DA:75,0
DA:76,0
LF:45
LH:0
FN:13,16,OllamaService.__init__
FNDA:0,OllamaService.__init__
FN:18,24,OllamaService.is_available
FNDA:0,OllamaService.is_available
FN:26,44,OllamaService.list_models
FNDA:0,OllamaService.list_models
FN:46,67,OllamaService.chat
FNDA:0,OllamaService.chat
FN:69,76,OllamaService._format_size
FNDA:0,OllamaService._format_size
FNF:5
FNH:0
end_of_record
SF:services/plex_service.py
DA:1,0
DA:2,0
DA:3,0
DA:4,0
DA:5,0
DA:6,0
DA:7,0
DA:9,0
DA:11,0
DA:12,0
DA:13,0
DA:14,0
DA:15,0
DA:17,0
DA:19,0
DA:22,0
DA:23,0
DA:24,0
DA:26,0
DA:28,0
DA:29,0
DA:30,0
DA:32,0
DA:33,0
DA:34,0
DA:36,0
DA:38,0
DA:39,0
DA:40,0
DA:41,0
DA:42,0
DA:44,0
DA:46,0
DA:47,0
DA:48,0
DA:49,0
DA:50,0
DA:57,0
DA:58,0
DA:59,0
DA:61,0
DA:63,0
DA:64,0
DA:66,0
DA:67,0
DA:73,0
DA:74,0
DA:75,0
DA:77,0
DA:91,0
DA:92,0
DA:93,0
DA:99,0
DA:101,0
DA:102,0
DA:104,0
DA:105,0
DA:107,0
DA:108,0
DA:110,0
DA:111,0
DA:113,0
DA:114,0
DA:115,0
DA:116,0
DA:118,0
DA:119,0
DA:121,0
DA:122,0
DA:124,0
DA:135,0
DA:140,0
DA:141,0
DA:142,0
DA:144,0
DA:146,0
DA:147,0
DA:149,0
DA:150,0
DA:152,0
DA:153,0
DA:154,0
DA:156,0
DA:157,0
DA:168,0
DA:169,0
DA:170,0
DA:171,0
DA:173,0
DA:175,0
DA:176,0
DA:178,0
DA:187,0
DA:188,0
DA:189,0
DA:191,0
DA:192,0
DA:193,0
DA:194,0
DA:195,0
DA:196,0
DA:197,0
DA:198,0
DA:200,0
DA:206,0
DA:207,0
DA:208,0
DA:209,0
DA:218,0
DA:220,0
DA:221,0
DA:228,0
DA:229,0
DA:230,0
DA:232,0
DA:234,0
DA:235,0
DA:237,0
DA:238,0
DA:240,0
DA:241,0
DA:243,0
DA:244,0
DA:245,0
DA:247,0
DA:254,0
DA:255,0
DA:256,0
DA:258,0
DA:260,0
DA:261,0
DA:262,0
DA:264,0
DA:265,0
DA:266,0
DA:274,0
DA:275,0
DA:276,0
DA:277,0
DA:279,0
DA:281,0
DA:282,0
DA:284,0
DA:285,0
DA:287,0
DA:288,0
DA:289,0
DA:291,0
DA:292,0
DA:300,0
DA:301,0
DA:302,0
DA:303,0
DA:305,0
DA:307,0
DA:308,0
DA:309,0
DA:311,0
DA:312,0
DA:313,0
DA:315,0
DA:316,0
DA:317,0
DA:318,0
DA:319,0
DA:321,0
DA:323,0
DA:324,0
DA:326,0
DA:327,0
DA:333,0
DA:334,0
DA:336,0
DA:347,0
DA:348,0
DA:349,0
DA:350,0
DA:351,0
DA:352,0
DA:354,0
DA:355,0
DA:356,0
DA:357,0
DA:363,0
DA:365,0
DA:366,0
DA:367,0
DA:368,0
DA:369,0
DA:370,0
DA:371,0
DA:372,0
DA:373,0
DA:374,0
DA:376,0
DA:377,0
DA:378,0
LF:197
LH:0
FN:12,15,PlexService.__init__
FNDA:0,PlexService.__init__
FN:17,24,PlexService._get_headers
FNDA:0,PlexService._get_headers
FN:26,42,PlexService._make_request
FNDA:0,PlexService._make_request
FN:44,59,PlexService.get_server_identity
FNDA:0,PlexService.get_server_identity
FN:61,97,PlexService.get_server_status
FNDA:0,PlexService.get_server_status
FN:99,142,PlexService.get_active_sessions
FNDA:0,PlexService.get_active_sessions
FN:144,171,PlexService.get_library_sections
FNDA:0,PlexService.get_library_sections
FN:173,216,PlexService.get_library_stats
FNDA:0,PlexService.get_library_stats
FN:218,256,PlexService.get_container_stats
FNDA:0,PlexService.get_container_stats
FN:258,277,PlexService.get_transcode_sessions
FNDA:0,PlexService.get_transcode_sessions
FN:279,303,PlexService.get_recent_activity
FNDA:0,PlexService.get_recent_activity
FN:305,319,PlexService.scan_library
FNDA:0,PlexService.scan_library
FN:321,361,PlexService.get_health_check
FNDA:0,PlexService.get_health_check
FN:363,378,PlexService._parse_memory
FNDA:0,PlexService._parse_memory
FNF:14
FNH:0
end_of_record
SF:services/service_templates.py
DA:6,1
DA:7,1
DA:8,1
DA:10,1
DA:13,1
DA:14,1
DA:16,1
DA:17,1
DA:18,1
DA:19,1
DA:20,1
DA:21,1
DA:22,1
DA:23,1
DA:24,1
DA:25,1
DA:26,1
DA:27,1
DA:28,1
DA:29,1
DA:30,1
DA:31,1
DA:34,1
DA:37,1
DA:38,1
DA:39,1
DA:41,1
DA:45,1
DA:71,1
DA:98,1
DA:122,1
DA:148,1
DA:167,1
DA:184,1
DA:199,1
DA:216,1
DA:230,1
DA:232,0
DA:234,1
DA:236,0
DA:237,0
DA:238,0
DA:239,0
DA:241,1
DA:243,0
LF:45
LH:39
FN:37,39,ServiceTemplateLibrary.__init__
FNDA:1,ServiceTemplateLibrary.__init__
FN:41,228,ServiceTemplateLibrary._load_templates
FNDA:1,ServiceTemplateLibrary._load_templates
FN:230,232,ServiceTemplateLibrary.get_template
FNDA:0,ServiceTemplateLibrary.get_template
FN:234,239,ServiceTemplateLibrary.list_templates
FNDA:0,ServiceTemplateLibrary.list_templates
FN:241,243,ServiceTemplateLibrary.get_categories
FNDA:0,ServiceTemplateLibrary.get_categories
FNF:5
FNH:2
end_of_record
SF:services/ssh_service.py
DA:1,1
DA:2,1
DA:3,1
DA:5,1
DA:7,1
DA:8,1
DA:9,0
DA:10,0
DA:11,0
DA:12,0
DA:13,0
DA:15,1
DA:16,0
DA:17,0
DA:18,0
DA:20,0
DA:21,0
DA:28,0
DA:34,0
DA:35,0
DA:36,0
DA:37,0
DA:38,0
DA:40,1
DA:41,0
DA:42,0
DA:43,0
DA:45,0
DA:46,0
DA:47,0
DA:49,0
DA:50,0
DA:52,0
DA:53,0
DA:54,0
DA:55,0
DA:56,0
DA:58,1
DA:59,0
DA:60,0
DA:61,0
LF:41
LH:9
FN:8,13,SSHService.__init__
FNDA:0,SSHService.__init__
FN:15,38,SSHService.connect
FNDA:0,SSHService.connect
FN:40,56,SSHService.execute_command
FNDA:0,SSHService.execute_command
FN:58,61,SSHService.disconnect
FNDA:0,SSHService.disconnect
FNF:4
FNH:0
end_of_record
SF:services/system_service.py
DA:1,1
DA:2,1
DA:3,1
DA:4,1
DA:6,1
DA:8,1
DA:9,1
DA:10,1
DA:11,1
DA:12,1
DA:13,1
DA:14,1
DA:15,1
DA:16,1
DA:18,1
DA:20,1
DA:53,0
DA:54,0
DA:55,0
DA:57,1
DA:58,1
DA:59,0
DA:60,0
DA:61,0
DA:62,0
DA:63,0
DA:64,0
DA:65,0
DA:66,0
DA:67,0
DA:68,0
DA:69,0
DA:71,1
DA:72,1
DA:74,1
DA:75,1
DA:76,1
DA:77,1
DA:78,1
DA:79,1
DA:80,1
DA:81,1
DA:83,1
DA:98,0
DA:99,0
DA:100,0
DA:102,1
DA:103,1
DA:105,0
DA:106,0
DA:107,0
DA:108,0
DA:109,0
DA:110,0
DA:118,0
DA:119,0
DA:120,0
DA:121,0
DA:122,0
DA:123,0
LF:60
LH:31
FN:10,55,SystemService.get_system_info
FNDA:1,SystemService.get_system_info
FN:58,69,SystemService.get_process_list
FNDA:0,SystemService.get_process_list
FN:72,100,SystemService.get_realtime_stats
FNDA:1,SystemService.get_realtime_stats
FN:103,123,SystemService.get_disk_partitions
FNDA:0,SystemService.get_disk_partitions
FNF:4
FNH:2
end_of_record
SF:services/upload_service.py
DA:1,1
DA:2,1
DA:3,1
DA:4,1
DA:5,1
DA:6,1
DA:7,1
DA:8,1
DA:9,1
DA:10,1
DA:11,1
DA:12,1
DA:13,1
DA:15,1
DA:17,1
DA:20,1
DA:21,1
DA:22,1
DA:23,1
DA:25,1
DA:27,1
DA:28,1
DA:29,1
DA:30,1
DA:31,1
DA:33,1
DA:40,0
DA:41,0
DA:43,0
DA:44,0
DA:45,0
DA:47,0
DA:48,0
DA:49,0
DA:51,0
DA:52,0
DA:53,0
DA:55,0
DA:63,0
DA:66,0
DA:67,0
DA:68,0
DA:69,0
DA:71,0
DA:73,0
DA:74,0
DA:75,0
DA:77,0
DA:78,0
DA:80,0
DA:81,0
DA:82,0
DA:83,0
DA:85,0
DA:86,0
DA:87,0
DA:89,0
DA:91,1
DA:93,0
DA:94,0
DA:95,0
DA:96,0
DA:101,1
DA:111,0
DA:112,0
DA:113,0
DA:114,0
DA:115,0
DA:117,1
DA:136,0
DA:139,0
DA:140,0
DA:141,0
DA:142,0
DA:145,0
DA:148,0
DA:149,0
DA:150,0
DA:151,0
DA:153,0
DA:155,0
DA:161,0
DA:163,0
DA:165,0
DA:175,0
DA:176,0
DA:177,0
DA:179,1
DA:199,0
DA:200,0
DA:201,0
DA:203,0
DA:205,0
DA:208,0
DA:209,0
DA:211,0
DA:212,0
DA:214,0
DA:215,0
DA:218,0
DA:219,0
DA:220,0
DA:221,0
DA:223,0
DA:229,0
DA:231,0
DA:240,0
DA:241,0
DA:243,1
DA:260,0
DA:261,0
DA:263,0
DA:265,0
DA:266,0
DA:267,0
DA:268,0
DA:270,0
DA:272,0
DA:273,0
DA:274,0
DA:275,0
DA:276,0
DA:278,0
DA:284,1
DA:295,0
DA:297,0
DA:298,0
DA:299,0
DA:301,0
DA:302,0
DA:310,0
DA:312,0
DA:313,0
DA:314,0
DA:316,1
DA:327,0
DA:329,0
DA:330,0
DA:331,0
DA:332,0
DA:334,0
DA:335,0
DA:336,0
DA:338,1
DA:355,0
DA:357,0
DA:358,0
DA:359,0
DA:361,0
DA:362,0
DA:363,0
DA:365,1
DA:377,0
DA:379,0
DA:380,0
DA:381,0
DA:382,0
DA:384,0
DA:385,0
DA:386,0
DA:390,1
LF:161
LH:36
FN:25,31,UploadService.__init__
FNDA:1,UploadService.__init__
FN:33,89,UploadService._initialize_client
FNDA:0,UploadService._initialize_client
FN:91,99,UploadService._ensure_initialized
FNDA:0,UploadService._ensure_initialized
FN:101,115,UploadService.calculate_checksum
FNDA:0,UploadService.calculate_checksum
FN:117,177,UploadService.upload_file
FNDA:0,UploadService.upload_file
FN:179,241,UploadService.upload_zip
FNDA:0,UploadService.upload_zip
FN:243,282,UploadService.upload_directory
FNDA:0,UploadService.upload_directory
FN:284,314,UploadService.list_artifacts
FNDA:0,UploadService.list_artifacts
FN:316,336,UploadService.delete_artifact
FNDA:0,UploadService.delete_artifact
FN:338,363,UploadService.get_artifact_url
FNDA:0,UploadService.get_artifact_url
FN:365,386,UploadService.get_artifact
FNDA:0,UploadService.get_artifact
FNF:11
FNH:1
end_of_record
SF:services/websocket_service.py
DA:1,1
DA:2,1
DA:3,1
DA:4,1
DA:5,1
DA:6,1
DA:7,1
DA:8,1
DA:10,1
DA:12,1
DA:15,1
DA:16,1
DA:17,1
DA:23,1
DA:24,1
DA:25,1
DA:26,1
DA:27,1
DA:29,1
DA:31,1
DA:32,1
DA:33,1
DA:34,1
DA:36,1
DA:38,0
DA:39,0
DA:40,0
DA:45,0
DA:46,0
DA:48,1
DA:50,0
DA:51,0
DA:52,0
DA:54,0
DA:55,0
DA:56,0
DA:57,0
DA:58,0
DA:60,0
DA:62,1
DA:64,0
DA:65,0
DA:72,0
DA:73,0
DA:74,0
DA:75,0
DA:76,0
DA:78,0
DA:79,0
DA:80,0
DA:81,0
DA:82,0
DA:83,0
DA:85,1
DA:87,0
DA:88,0
DA:89,0
DA:90,0
DA:91,0
DA:95,0
DA:96,0
DA:97,0
DA:99,0
DA:100,0
DA:104,0
DA:105,0
DA:106,0
DA:108,1
DA:110,0
DA:112,1
DA:114,0
DA:116,1
DA:118,0
DA:120,1
DA:122,0
DA:124,1
DA:126,0
DA:127,0
DA:128,0
DA:130,0
DA:131,0
DA:132,0
DA:133,0
DA:134,0
DA:136,0
DA:137,0
DA:138,0
DA:140,0
DA:141,0
DA:142,0
DA:143,0
DA:144,0
DA:145,0
DA:147,0
DA:152,0
DA:153,0
DA:155,0
DA:157,0
DA:158,0
DA:160,0
DA:161,0
DA:162,0
DA:164,0
DA:165,0
DA:166,0
DA:168,0
DA:169,0
DA:170,0
DA:171,0
DA:172,0
DA:173,0
DA:175,0
DA:180,0
DA:182,0
DA:183,0
DA:185,1
DA:187,1
DA:188,1
DA:189,1
DA:190,1
DA:192,1
DA:194,1
DA:195,1
DA:196,1
DA:197,0
DA:198,0
DA:199,0
DA:200,0
DA:202,1
DA:204,0
DA:206,0
DA:207,0
DA:208,0
DA:209,0
DA:210,0
DA:211,0
DA:212,0
DA:213,0
DA:214,0
DA:215,0
DA:216,0
DA:217,0
DA:218,0
DA:219,0
DA:220,0
DA:222,1
DA:224,0
DA:226,0
DA:227,0
DA:228,0
DA:229,0
DA:230,0
DA:234,0
DA:235,0
DA:236,0
DA:237,0
DA:242,1
DA:244,0
DA:245,0
DA:246,0
DA:247,0
DA:248,0
DA:249,0
DA:250,0
DA:251,0
DA:252,0
DA:253,0
DA:254,0
DA:255,0
DA:256,0
DA:258,1
DA:260,0
DA:261,0
DA:262,0
DA:263,0
DA:264,0
DA:266,0
DA:273,1
DA:275,0
DA:276,0
DA:278,1
DA:280,1
LF:182
LH:48
FN:15,27,WebSocketService.__init__
FNDA:1,WebSocketService.__init__
FN:29,34,WebSocketService.init_app
FNDA:1,WebSocketService.init_app
FN:36,46,WebSocketService.generate_auth_token
FNDA:0,WebSocketService.generate_auth_token
FN:48,60,WebSocketService.validate_auth_token
FNDA:0,WebSocketService.validate_auth_token
FN:62,83,WebSocketService.add_connection
FNDA:0,WebSocketService.add_connection
FN:85,106,WebSocketService.remove_connection
FNDA:0,WebSocketService.remove_connection
FN:108,110,WebSocketService.broadcast_to_workflow
FNDA:0,WebSocketService.broadcast_to_workflow
FN:112,114,WebSocketService.broadcast_to_deployment
FNDA:0,WebSocketService.broadcast_to_deployment
FN:116,118,WebSocketService.broadcast_to_tasks
FNDA:0,WebSocketService.broadcast_to_tasks
FN:120,122,WebSocketService.broadcast_to_system
FNDA:0,WebSocketService.broadcast_to_system
FN:124,183,WebSocketService._broadcast
FNDA:0,WebSocketService._broadcast
FN:185,190,WebSocketService.start_heartbeat
FNDA:1,WebSocketService.start_heartbeat
FN:192,200,WebSocketService._heartbeat_loop
FNDA:1,WebSocketService._heartbeat_loop
FN:202,220,WebSocketService._send_heartbeat
FNDA:0,WebSocketService._send_heartbeat
FN:222,240,WebSocketService._cleanup_stale_connections
FNDA:0,WebSocketService._cleanup_stale_connections
FN:242,256,WebSocketService.update_ping_time
FNDA:0,WebSocketService.update_ping_time
FN:258,271,WebSocketService.get_connection_count
FNDA:0,WebSocketService.get_connection_count
FN:273,276,WebSocketService.shutdown
FNDA:0,WebSocketService.shutdown
FNF:18
FNH:4
end_of_record
SF:services/workflow_service.py
DA:1,1
DA:2,1
DA:3,1
DA:4,1
DA:5,1
DA:6,1
DA:7,1
DA:8,1
DA:9,1
DA:10,1
DA:11,1
DA:13,1
DA:15,1
DA:16,1
DA:17,1
DA:18,1
DA:19,1
DA:20,1
DA:21,1
DA:22,1
DA:23,1
DA:25,1
DA:26,0
DA:27,0
DA:28,0
DA:29,0
DA:34,0
DA:35,0
DA:36,0
DA:41,0
DA:43,0
DA:44,0
DA:45,0
DA:46,0
DA:47,0
DA:48,0
DA:49,0
DA:51,1
DA:52,0
DA:55,1
DA:56,0
DA:57,0
DA:58,0
DA:59,0
DA:63,0
DA:65,1
DA:66,0
DA:67,0
DA:69,0
DA:70,0
DA:71,0
DA:77,1
DA:78,0
DA:82,0
DA:87,1
DA:88,0
DA:89,0
DA:91,0
DA:96,0
DA:97,0
DA:98,0
DA:99,0
DA:100,0
DA:101,0
DA:102,0
DA:103,0
DA:105,0
DA:106,0
DA:108,1
DA:109,0
DA:116,1
DA:117,1
DA:119,1
DA:121,1
DA:124,1
DA:143,0
DA:144,0
DA:146,0
DA:147,0
DA:154,0
DA:155,0
DA:157,0
DA:158,0
DA:161,0
DA:167,0
DA:169,1
DA:171,0
DA:172,0
DA:174,0
DA:175,0
DA:178,0
DA:180,1
DA:182,0
DA:183,0
DA:185,1
DA:202,0
DA:203,0
DA:205,0
DA:206,0
DA:207,0
DA:211,0
DA:212,0
DA:213,0
DA:215,0
DA:216,0
DA:218,0
DA:219,0
DA:221,0
DA:222,0
DA:224,0
DA:226,0
DA:229,0
DA:238,0
DA:239,0
DA:240,0
DA:241,0
DA:243,1
DA:262,0
DA:263,0
DA:265,0
DA:266,0
DA:267,0
DA:271,0
DA:272,0
DA:273,0
DA:275,0
DA:276,0
DA:278,0
DA:279,0
DA:280,0
DA:282,0
DA:284,0
DA:286,0
DA:287,0
DA:288,0
DA:289,0
DA:291,1
DA:293,0
DA:295,1
DA:314,0
DA:315,0
DA:317,0
DA:318,0
DA:320,0
DA:321,0
DA:323,0
DA:324,0
DA:326,0
DA:327,0
DA:329,0
DA:330,0
DA:332,1
DA:340,0
DA:341,0
DA:342,0
DA:343,0
DA:344,0
DA:346,1
DA:348,0
DA:349,0
DA:350,0
DA:351,0
DA:352,0
DA:354,1
DA:356,0
DA:357,0
DA:358,0
DA:359,0
DA:360,0
DA:362,1
DA:364,0
DA:365,0
DA:366,0
DA:367,0
DA:368,0
DA:370,1
DA:372,1
LF:177
LH:45
FN:16,23,CircuitBreaker.__init__
FNDA:1,CircuitBreaker.__init__
FN:25,49,CircuitBreaker.call
FNDA:0,CircuitBreaker.call
FN:51,53,CircuitBreaker._should_attempt_reset
FNDA:0,CircuitBreaker._should_attempt_reset
FN:55,63,CircuitBreaker._on_success
FNDA:0,CircuitBreaker._on_success
FN:65,75,CircuitBreaker._on_failure
FNDA:0,CircuitBreaker._on_failure
FN:77,85,CircuitBreaker.queue_task
FNDA:0,CircuitBreaker.queue_task
FN:87,106,CircuitBreaker._process_pending_tasks
FNDA:0,CircuitBreaker._process_pending_tasks
FN:108,114,CircuitBreaker.get_status
FNDA:0,CircuitBreaker.get_status
FN:124,167,WorkflowService.create_workflow
FNDA:0,WorkflowService.create_workflow
FN:169,178,WorkflowService.get_workflow
FNDA:0,WorkflowService.get_workflow
FN:180,183,WorkflowService.get_workflow_status
FNDA:0,WorkflowService.get_workflow_status
FN:185,241,WorkflowService.update_workflow_status
FNDA:0,WorkflowService.update_workflow_status
FN:243,289,WorkflowService.update_workflow_progress
FNDA:0,WorkflowService.update_workflow_progress
FN:291,293,WorkflowService.cancel_workflow
FNDA:0,WorkflowService.cancel_workflow
FN:295,330,WorkflowService.list_workflows
FNDA:0,WorkflowService.list_workflows
FN:332,344,WorkflowService.publish_workflow_event
FNDA:0,WorkflowService.publish_workflow_event
FN:346,352,WorkflowService.publish_task_notification
FNDA:0,WorkflowService.publish_task_notification
FN:354,360,WorkflowService.publish_deployment_event
FNDA:0,WorkflowService.publish_deployment_event
FN:362,368,WorkflowService.publish_system_event
FNDA:0,WorkflowService.publish_system_event
FNF:19
FNH:1
end_of_record
