{"meta": {"format": 3, "version": "7.11.3", "timestamp": "2025-11-16T02:08:40.375493", "branch_coverage": false, "show_contexts": false}, "files": {"jarvis/__init__.py": {"executed_lines": [1, 3, 4, 5, 6, 8], "summary": {"covered_lines": 5, "num_statements": 5, "percent_covered": 100.0, "percent_covered_display": "100", "missing_lines": 0, "excluded_lines": 0}, "missing_lines": [], "excluded_lines": [], "functions": {"": {"executed_lines": [1, 3, 4, 5, 6, 8], "summary": {"covered_lines": 5, "num_statements": 5, "percent_covered": 100.0, "percent_covered_display": "100", "missing_lines": 0, "excluded_lines": 0}, "missing_lines": [], "excluded_lines": []}}, "classes": {"": {"executed_lines": [1, 3, 4, 5, 6, 8], "summary": {"covered_lines": 5, "num_statements": 5, "percent_covered": 100.0, "percent_covered_display": "100", "missing_lines": 0, "excluded_lines": 0}, "missing_lines": [], "excluded_lines": []}}}, "jarvis/artifact_builder.py": {"executed_lines": [1, 2, 3, 4, 5, 6, 7, 8, 9, 10, 11, 13, 16, 17, 19, 34, 165, 184, 209], "summary": {"covered_lines": 17, "num_statements": 109, "percent_covered": 15.596330275229358, "percent_covered_display": "16", "missing_lines": 92, "excluded_lines": 0}, "missing_lines": [25, 26, 27, 28, 29, 30, 32, 49, 50, 52, 53, 56, 57, 59, 60, 62, 68, 69, 70, 72, 75, 79, 80, 83, 84, 86, 89, 90, 91, 93, 96, 97, 105, 107, 110, 111, 112, 113, 116, 117, 120, 121, 122, 123, 124, 125, 126, 132, 134, 137, 138, 139, 140, 143, 145, 147, 148, 149, 150, 151, 153, 154, 158, 159, 160, 161, 162, 163, 174, 175, 176, 177, 178, 179, 180, 181, 182, 193, 194, 196, 197, 198, 199, 201, 219, 220, 222, 223, 225, 226, 228, 230], "excluded_lines": [], "functions": {"ArtifactBuilder.__init__": {"executed_lines": [], "summary": {"covered_lines": 0, "num_statements": 7, "percent_covered": 0.0, "percent_covered_display": "0", "missing_lines": 7, "excluded_lines": 0}, "missing_lines": [25, 26, 27, 28, 29, 30, 32], "excluded_lines": []}, "ArtifactBuilder.build_project": {"executed_lines": [], "summary": {"covered_lines": 0, "num_statements": 61, "percent_covered": 0.0, "percent_covered_display": "0", "missing_lines": 61, "excluded_lines": 0}, "missing_lines": [49, 50, 52, 53, 56, 57, 59, 60, 62, 68, 69, 70, 72, 75, 79, 80, 83, 84, 86, 89, 90, 91, 93, 96, 97, 105, 107, 110, 111, 112, 113, 116, 117, 120, 121, 122, 123, 124, 125, 126, 132, 134, 137, 138, 139, 140, 143, 145, 147, 148, 149, 150, 151, 153, 154, 158, 159, 160, 161, 162, 163], "excluded_lines": []}, "ArtifactBuilder._push_to_registry": {"executed_lines": [], "summary": {"covered_lines": 0, "num_statements": 9, "percent_covered": 0.0, "percent_covered_display": "0", "missing_lines": 9, "excluded_lines": 0}, "missing_lines": [174, 175, 176, 177, 178, 179, 180, 181, 182], "excluded_lines": []}, "ArtifactBuilder.get_build_status": {"executed_lines": [], "summary": {"covered_lines": 0, "num_statements": 7, "percent_covered": 0.0, "percent_covered_display": "0", "missing_lines": 7, "excluded_lines": 0}, "missing_lines": [193, 194, 196, 197, 198, 199, 201], "excluded_lines": []}, "ArtifactBuilder.list_builds": {"executed_lines": [], "summary": {"covered_lines": 0, "num_statements": 8, "percent_covered": 0.0, "percent_covered_display": "0", "missing_lines": 8, "excluded_lines": 0}, "missing_lines": [219, 220, 222, 223, 225, 226, 228, 230], "excluded_lines": []}, "": {"executed_lines": [1, 2, 3, 4, 5, 6, 7, 8, 9, 10, 11, 13, 16, 17, 19, 34, 165, 184, 209], "summary": {"covered_lines": 17, "num_statements": 17, "percent_covered": 100.0, "percent_covered_display": "100", "missing_lines": 0, "excluded_lines": 0}, "missing_lines": [], "excluded_lines": []}}, "classes": {"ArtifactBuilder": {"executed_lines": [], "summary": {"covered_lines": 0, "num_statements": 92, "percent_covered": 0.0, "percent_covered_display": "0", "missing_lines": 92, "excluded_lines": 0}, "missing_lines": [25, 26, 27, 28, 29, 30, 32, 49, 50, 52, 53, 56, 57, 59, 60, 62, 68, 69, 70, 72, 75, 79, 80, 83, 84, 86, 89, 90, 91, 93, 96, 97, 105, 107, 110, 111, 112, 113, 116, 117, 120, 121, 122, 123, 124, 125, 126, 132, 134, 137, 138, 139, 140, 143, 145, 147, 148, 149, 150, 151, 153, 154, 158, 159, 160, 161, 162, 163, 174, 175, 176, 177, 178, 179, 180, 181, 182, 193, 194, 196, 197, 198, 199, 201, 219, 220, 222, 223, 225, 226, 228, 230], "excluded_lines": []}, "": {"executed_lines": [1, 2, 3, 4, 5, 6, 7, 8, 9, 10, 11, 13, 16, 17, 19, 34, 165, 184, 209], "summary": {"covered_lines": 17, "num_statements": 17, "percent_covered": 100.0, "percent_covered_display": "100", "missing_lines": 0, "excluded_lines": 0}, "missing_lines": [], "excluded_lines": []}}}, "jarvis/autonomous_agent.py": {"executed_lines": [], "summary": {"covered_lines": 0, "num_statements": 125, "percent_covered": 0.0, "percent_covered_display": "0", "missing_lines": 125, "excluded_lines": 0}, "missing_lines": [13, 14, 15, 16, 17, 18, 19, 21, 22, 23, 25, 28, 29, 31, 32, 33, 34, 35, 36, 37, 38, 39, 41, 43, 56, 59, 61, 67, 73, 84, 102, 103, 104, 105, 107, 129, 130, 131, 133, 134, 135, 138, 140, 141, 142, 144, 160, 161, 163, 165, 166, 171, 172, 174, 175, 176, 178, 179, 181, 183, 185, 197, 198, 200, 202, 204, 216, 217, 219, 221, 233, 234, 235, 236, 248, 250, 251, 253, 254, 260, 262, 263, 264, 266, 268, 270, 282, 283, 285, 292, 294, 295, 296, 298, 300, 312, 326, 327, 329, 331, 332, 333, 334, 335, 336, 338, 340, 349, 350, 352, 361, 362, 364, 373, 374, 376, 378, 380, 381, 382, 384, 386, 393, 395, 405], "excluded_lines": [], "functions": {"AutonomousExecutionResult.to_dict": {"executed_lines": [], "summary": {"covered_lines": 0, "num_statements": 1, "percent_covered": 0.0, "percent_covered_display": "0", "missing_lines": 1, "excluded_lines": 0}, "missing_lines": [43], "excluded_lines": []}, "AutonomousAgent.__init__": {"executed_lines": [], "summary": {"covered_lines": 0, "num_statements": 3, "percent_covered": 0.0, "percent_covered_display": "0", "missing_lines": 3, "excluded_lines": 0}, "missing_lines": [61, 67, 73], "excluded_lines": []}, "AutonomousAgent._save_to_database": {"executed_lines": [], "summary": {"covered_lines": 0, "num_statements": 15, "percent_covered": 0.0, "percent_covered_display": "0", "missing_lines": 15, "excluded_lines": 0}, "missing_lines": [102, 103, 104, 105, 107, 129, 130, 131, 133, 134, 135, 138, 140, 141, 142], "excluded_lines": []}, "AutonomousAgent.execute_action": {"executed_lines": [], "summary": {"covered_lines": 0, "num_statements": 49, "percent_covered": 0.0, "percent_covered_display": "0", "missing_lines": 49, "excluded_lines": 0}, "missing_lines": [160, 161, 163, 165, 166, 171, 172, 174, 175, 176, 178, 179, 181, 183, 185, 197, 198, 200, 202, 204, 216, 217, 219, 221, 233, 234, 235, 236, 248, 250, 251, 253, 254, 260, 262, 263, 264, 266, 268, 270, 282, 283, 285, 292, 294, 295, 296, 298, 300], "excluded_lines": []}, "AutonomousAgent.execute_tier_actions": {"executed_lines": [], "summary": {"covered_lines": 0, "num_statements": 10, "percent_covered": 0.0, "percent_covered_display": "0", "missing_lines": 10, "excluded_lines": 0}, "missing_lines": [326, 327, 329, 331, 332, 333, 334, 335, 336, 338], "excluded_lines": []}, "AutonomousAgent.run_diagnostics": {"executed_lines": [], "summary": {"covered_lines": 0, "num_statements": 2, "percent_covered": 0.0, "percent_covered_display": "0", "missing_lines": 2, "excluded_lines": 0}, "missing_lines": [349, 350], "excluded_lines": []}, "AutonomousAgent.run_remediation": {"executed_lines": [], "summary": {"covered_lines": 0, "num_statements": 2, "percent_covered": 0.0, "percent_covered_display": "0", "missing_lines": 2, "excluded_lines": 0}, "missing_lines": [361, 362], "excluded_lines": []}, "AutonomousAgent.run_proactive_maintenance": {"executed_lines": [], "summary": {"covered_lines": 0, "num_statements": 2, "percent_covered": 0.0, "percent_covered_display": "0", "missing_lines": 2, "excluded_lines": 0}, "missing_lines": [373, 374], "excluded_lines": []}, "AutonomousAgent.get_metrics": {"executed_lines": [], "summary": {"covered_lines": 0, "num_statements": 6, "percent_covered": 0.0, "percent_covered_display": "0", "missing_lines": 6, "excluded_lines": 0}, "missing_lines": [378, 380, 381, 382, 384, 386], "excluded_lines": []}, "AutonomousAgent.reset_metrics": {"executed_lines": [], "summary": {"covered_lines": 0, "num_statements": 2, "percent_covered": 0.0, "percent_covered_display": "0", "missing_lines": 2, "excluded_lines": 0}, "missing_lines": [395, 405], "excluded_lines": []}, "": {"executed_lines": [], "summary": {"covered_lines": 0, "num_statements": 33, "percent_covered": 0.0, "percent_covered_display": "0", "missing_lines": 33, "excluded_lines": 0}, "missing_lines": [13, 14, 15, 16, 17, 18, 19, 21, 22, 23, 25, 28, 29, 31, 32, 33, 34, 35, 36, 37, 38, 39, 41, 56, 59, 84, 144, 312, 340, 352, 364, 376, 393], "excluded_lines": []}}, "classes": {"AutonomousExecutionResult": {"executed_lines": [], "summary": {"covered_lines": 0, "num_statements": 1, "percent_covered": 0.0, "percent_covered_display": "0", "missing_lines": 1, "excluded_lines": 0}, "missing_lines": [43], "excluded_lines": []}, "AutonomousAgent": {"executed_lines": [], "summary": {"covered_lines": 0, "num_statements": 91, "percent_covered": 0.0, "percent_covered_display": "0", "missing_lines": 91, "excluded_lines": 0}, "missing_lines": [61, 67, 73, 102, 103, 104, 105, 107, 129, 130, 131, 133, 134, 135, 138, 140, 141, 142, 160, 161, 163, 165, 166, 171, 172, 174, 175, 176, 178, 179, 181, 183, 185, 197, 198, 200, 202, 204, 216, 217, 219, 221, 233, 234, 235, 236, 248, 250, 251, 253, 254, 260, 262, 263, 264, 266, 268, 270, 282, 283, 285, 292, 294, 295, 296, 298, 300, 326, 327, 329, 331, 332, 333, 334, 335, 336, 338, 349, 350, 361, 362, 373, 374, 378, 380, 381, 382, 384, 386, 395, 405], "excluded_lines": []}, "": {"executed_lines": [], "summary": {"covered_lines": 0, "num_statements": 33, "percent_covered": 0.0, "percent_covered_display": "0", "missing_lines": 33, "excluded_lines": 0}, "missing_lines": [13, 14, 15, 16, 17, 18, 19, 21, 22, 23, 25, 28, 29, 31, 32, 33, 34, 35, 36, 37, 38, 39, 41, 56, 59, 84, 144, 312, 340, 352, 364, 376, 393], "excluded_lines": []}}}, "jarvis/code_workspace.py": {"executed_lines": [], "summary": {"covered_lines": 0, "num_statements": 131, "percent_covered": 0.0, "percent_covered_display": "0", "missing_lines": 131, "excluded_lines": 0}, "missing_lines": [11, 12, 13, 14, 15, 16, 17, 18, 20, 23, 26, 33, 39, 40, 42, 44, 46, 47, 49, 50, 52, 56, 58, 60, 69, 71, 72, 73, 74, 75, 77, 78, 80, 81, 83, 92, 94, 95, 97, 98, 100, 101, 102, 104, 110, 112, 113, 115, 116, 117, 119, 137, 139, 140, 142, 143, 145, 146, 147, 149, 150, 152, 154, 162, 164, 168, 181, 189, 191, 193, 195, 196, 197, 199, 208, 210, 220, 221, 223, 224, 225, 226, 228, 234, 236, 238, 240, 249, 251, 252, 254, 256, 257, 259, 260, 262, 264, 265, 267, 268, 270, 271, 272, 274, 275, 277, 278, 279, 281, 288, 290, 292, 294, 295, 296, 298, 304, 306, 307, 308, 316, 318, 328, 329, 331, 332, 333, 335, 341, 343, 345], "excluded_lines": [], "functions": {"JarvisCodeWorkspace.__init__": {"executed_lines": [], "summary": {"covered_lines": 0, "num_statements": 3, "percent_covered": 0.0, "percent_covered_display": "0", "missing_lines": 3, "excluded_lines": 0}, "missing_lines": [39, 40, 42], "excluded_lines": []}, "JarvisCodeWorkspace._setup_audit_logging": {"executed_lines": [], "summary": {"covered_lines": 0, "num_statements": 7, "percent_covered": 0.0, "percent_covered_display": "0", "missing_lines": 7, "excluded_lines": 0}, "missing_lines": [46, 47, 49, 50, 52, 56, 58], "excluded_lines": []}, "JarvisCodeWorkspace._is_path_whitelisted": {"executed_lines": [], "summary": {"covered_lines": 0, "num_statements": 10, "percent_covered": 0.0, "percent_covered_display": "0", "missing_lines": 10, "excluded_lines": 0}, "missing_lines": [69, 71, 72, 73, 74, 75, 77, 78, 80, 81], "excluded_lines": []}, "JarvisCodeWorkspace.read_file": {"executed_lines": [], "summary": {"covered_lines": 0, "num_statements": 15, "percent_covered": 0.0, "percent_covered_display": "0", "missing_lines": 15, "excluded_lines": 0}, "missing_lines": [92, 94, 95, 97, 98, 100, 101, 102, 104, 110, 112, 113, 115, 116, 117], "excluded_lines": []}, "JarvisCodeWorkspace.propose_edit": {"executed_lines": [], "summary": {"covered_lines": 0, "num_statements": 22, "percent_covered": 0.0, "percent_covered_display": "0", "missing_lines": 22, "excluded_lines": 0}, "missing_lines": [137, 139, 140, 142, 143, 145, 146, 147, 149, 150, 152, 154, 162, 164, 168, 181, 189, 191, 193, 195, 196, 197], "excluded_lines": []}, "JarvisCodeWorkspace.get_edit_preview": {"executed_lines": [], "summary": {"covered_lines": 0, "num_statements": 1, "percent_covered": 0.0, "percent_covered_display": "0", "missing_lines": 1, "excluded_lines": 0}, "missing_lines": [208], "excluded_lines": []}, "JarvisCodeWorkspace.approve_edit": {"executed_lines": [], "summary": {"covered_lines": 0, "num_statements": 10, "percent_covered": 0.0, "percent_covered_display": "0", "missing_lines": 10, "excluded_lines": 0}, "missing_lines": [220, 221, 223, 224, 225, 226, 228, 234, 236, 238], "excluded_lines": []}, "JarvisCodeWorkspace.apply_edit": {"executed_lines": [], "summary": {"covered_lines": 0, "num_statements": 28, "percent_covered": 0.0, "percent_covered_display": "0", "missing_lines": 28, "excluded_lines": 0}, "missing_lines": [249, 251, 252, 254, 256, 257, 259, 260, 262, 264, 265, 267, 268, 270, 271, 272, 274, 275, 277, 278, 279, 281, 288, 290, 292, 294, 295, 296], "excluded_lines": []}, "JarvisCodeWorkspace.list_pending_edits": {"executed_lines": [], "summary": {"covered_lines": 0, "num_statements": 5, "percent_covered": 0.0, "percent_covered_display": "0", "missing_lines": 5, "excluded_lines": 0}, "missing_lines": [304, 306, 307, 308, 316], "excluded_lines": []}, "JarvisCodeWorkspace.reject_edit": {"executed_lines": [], "summary": {"covered_lines": 0, "num_statements": 9, "percent_covered": 0.0, "percent_covered_display": "0", "missing_lines": 9, "excluded_lines": 0}, "missing_lines": [328, 329, 331, 332, 333, 335, 341, 343, 345], "excluded_lines": []}, "": {"executed_lines": [], "summary": {"covered_lines": 0, "num_statements": 21, "percent_covered": 0.0, "percent_covered_display": "0", "missing_lines": 21, "excluded_lines": 0}, "missing_lines": [11, 12, 13, 14, 15, 16, 17, 18, 20, 23, 26, 33, 44, 60, 83, 119, 199, 210, 240, 298, 318], "excluded_lines": []}}, "classes": {"JarvisCodeWorkspace": {"executed_lines": [], "summary": {"covered_lines": 0, "num_statements": 110, "percent_covered": 0.0, "percent_covered_display": "0", "missing_lines": 110, "excluded_lines": 0}, "missing_lines": [39, 40, 42, 46, 47, 49, 50, 52, 56, 58, 69, 71, 72, 73, 74, 75, 77, 78, 80, 81, 92, 94, 95, 97, 98, 100, 101, 102, 104, 110, 112, 113, 115, 116, 117, 137, 139, 140, 142, 143, 145, 146, 147, 149, 150, 152, 154, 162, 164, 168, 181, 189, 191, 193, 195, 196, 197, 208, 220, 221, 223, 224, 225, 226, 228, 234, 236, 238, 249, 251, 252, 254, 256, 257, 259, 260, 262, 264, 265, 267, 268, 270, 271, 272, 274, 275, 277, 278, 279, 281, 288, 290, 292, 294, 295, 296, 304, 306, 307, 308, 316, 328, 329, 331, 332, 333, 335, 341, 343, 345], "excluded_lines": []}, "": {"executed_lines": [], "summary": {"covered_lines": 0, "num_statements": 21, "percent_covered": 0.0, "percent_covered_display": "0", "missing_lines": 21, "excluded_lines": 0}, "missing_lines": [11, 12, 13, 14, 15, 16, 17, 18, 20, 23, 26, 33, 44, 60, 83, 119, 199, 210, 240, 298, 318], "excluded_lines": []}}}, "jarvis/command_whitelist.py": {"executed_lines": [1, 8, 9, 10, 13, 14, 15, 16, 17, 18, 19, 20, 23, 24, 26, 60, 189, 264, 303, 304, 340, 341, 360, 361, 365, 366], "summary": {"covered_lines": 23, "num_statements": 39, "percent_covered": 58.97435897435897, "percent_covered_display": "59", "missing_lines": 16, "excluded_lines": 0}, "missing_lines": [313, 315, 316, 318, 319, 320, 322, 328, 329, 330, 331, 338, 350, 352, 363, 368], "excluded_lines": [], "functions": {"CommandWhitelist.validate_command": {"executed_lines": [], "summary": {"covered_lines": 0, "num_statements": 12, "percent_covered": 0.0, "percent_covered_display": "0", "missing_lines": 12, "excluded_lines": 0}, "missing_lines": [313, 315, 316, 318, 319, 320, 322, 328, 329, 330, 331, 338], "excluded_lines": []}, "CommandWhitelist.get_command_info": {"executed_lines": [], "summary": {"covered_lines": 0, "num_statements": 2, "percent_covered": 0.0, "percent_covered_display": "0", "missing_lines": 2, "excluded_lines": 0}, "missing_lines": [350, 352], "excluded_lines": []}, "CommandWhitelist.list_safe_commands": {"executed_lines": [], "summary": {"covered_lines": 0, "num_statements": 1, "percent_covered": 0.0, "percent_covered_display": "0", "missing_lines": 1, "excluded_lines": 0}, "missing_lines": [363], "excluded_lines": []}, "CommandWhitelist.list_all_allowed_commands": {"executed_lines": [], "summary": {"covered_lines": 0, "num_statements": 1, "percent_covered": 0.0, "percent_covered_display": "0", "missing_lines": 1, "excluded_lines": 0}, "missing_lines": [368], "excluded_lines": []}, "": {"executed_lines": [1, 8, 9, 10, 13, 14, 15, 16, 17, 18, 19, 20, 23, 24, 26, 60, 189, 264, 303, 304, 340, 341, 360, 361, 365, 366], "summary": {"covered_lines": 23, "num_statements": 23, "percent_covered": 100.0, "percent_covered_display": "100", "missing_lines": 0, "excluded_lines": 0}, "missing_lines": [], "excluded_lines": []}}, "classes": {"CommandRiskLevel": {"executed_lines": [], "summary": {"covered_lines": 0, "num_statements": 0, "percent_covered": 100.0, "percent_covered_display": "100", "missing_lines": 0, "excluded_lines": 0}, "missing_lines": [], "excluded_lines": []}, "CommandWhitelist": {"executed_lines": [], "summary": {"covered_lines": 0, "num_statements": 16, "percent_covered": 0.0, "percent_covered_display": "0", "missing_lines": 16, "excluded_lines": 0}, "missing_lines": [313, 315, 316, 318, 319, 320, 322, 328, 329, 330, 331, 338, 350, 352, 363, 368], "excluded_lines": []}, "": {"executed_lines": [1, 8, 9, 10, 13, 14, 15, 16, 17, 18, 19, 20, 23, 24, 26, 60, 189, 264, 303, 304, 340, 341, 360, 361, 365, 366], "summary": {"covered_lines": 23, "num_statements": 23, "percent_covered": 100.0, "percent_covered_display": "100", "missing_lines": 0, "excluded_lines": 0}, "missing_lines": [], "excluded_lines": []}}}, "jarvis/compose_templates.py": {"executed_lines": [], "summary": {"covered_lines": 0, "num_statements": 17, "percent_covered": 0.0, "percent_covered_display": "0", "missing_lines": 17, "excluded_lines": 0}, "missing_lines": [2, 3, 5, 31, 33, 55, 56, 59, 60, 63, 64, 66, 69, 71, 76, 78, 87], "excluded_lines": [], "functions": {"generate_compose_spec": {"executed_lines": [], "summary": {"covered_lines": 0, "num_statements": 12, "percent_covered": 0.0, "percent_covered_display": "0", "missing_lines": 12, "excluded_lines": 0}, "missing_lines": [31, 33, 55, 56, 59, 60, 63, 64, 66, 69, 71, 76], "excluded_lines": []}, "compose_to_yaml": {"executed_lines": [], "summary": {"covered_lines": 0, "num_statements": 1, "percent_covered": 0.0, "percent_covered_display": "0", "missing_lines": 1, "excluded_lines": 0}, "missing_lines": [87], "excluded_lines": []}, "": {"executed_lines": [], "summary": {"covered_lines": 0, "num_statements": 4, "percent_covered": 0.0, "percent_covered_display": "0", "missing_lines": 4, "excluded_lines": 0}, "missing_lines": [2, 3, 5, 78], "excluded_lines": []}}, "classes": {"": {"executed_lines": [], "summary": {"covered_lines": 0, "num_statements": 17, "percent_covered": 0.0, "percent_covered_display": "0", "missing_lines": 17, "excluded_lines": 0}, "missing_lines": [2, 3, 5, 31, 33, 55, 56, 59, 60, 63, 64, 66, 69, 71, 76, 78, 87], "excluded_lines": []}}}, "jarvis/deployment_executor.py": {"executed_lines": [], "summary": {"covered_lines": 0, "num_statements": 113, "percent_covered": 0.0, "percent_covered_display": "0", "missing_lines": 113, "excluded_lines": 0}, "missing_lines": [2, 3, 4, 5, 6, 7, 8, 9, 10, 11, 12, 14, 16, 17, 18, 19, 20, 21, 24, 27, 34, 35, 36, 37, 38, 39, 41, 42, 45, 47, 49, 50, 56, 57, 58, 60, 61, 62, 63, 64, 66, 94, 95, 97, 98, 100, 102, 103, 104, 107, 116, 117, 120, 130, 131, 132, 135, 145, 146, 147, 149, 152, 153, 155, 156, 158, 160, 161, 162, 163, 164, 166, 168, 180, 181, 183, 184, 185, 187, 190, 192, 200, 201, 204, 212, 213, 215, 217, 218, 219, 220, 226, 236, 237, 239, 240, 242, 243, 245, 246, 248, 255, 256, 258, 259, 261, 263, 273, 274, 276, 277, 279, 286], "excluded_lines": [], "functions": {"DeploymentExecutor.__init__": {"executed_lines": [], "summary": {"covered_lines": 0, "num_statements": 9, "percent_covered": 0.0, "percent_covered_display": "0", "missing_lines": 9, "excluded_lines": 0}, "missing_lines": [34, 35, 36, 37, 38, 39, 41, 42, 45], "excluded_lines": []}, "DeploymentExecutor._check_docker_compose_cli": {"executed_lines": [], "summary": {"covered_lines": 0, "num_statements": 10, "percent_covered": 0.0, "percent_covered_display": "0", "missing_lines": 10, "excluded_lines": 0}, "missing_lines": [49, 50, 56, 57, 58, 60, 61, 62, 63, 64], "excluded_lines": []}, "DeploymentExecutor.create_deployment": {"executed_lines": [], "summary": {"covered_lines": 0, "num_statements": 31, "percent_covered": 0.0, "percent_covered_display": "0", "missing_lines": 31, "excluded_lines": 0}, "missing_lines": [94, 95, 97, 98, 100, 102, 103, 104, 107, 116, 117, 120, 130, 131, 132, 135, 145, 146, 147, 149, 152, 153, 155, 156, 158, 160, 161, 162, 163, 164, 166], "excluded_lines": []}, "DeploymentExecutor._execute_deployment": {"executed_lines": [], "summary": {"covered_lines": 0, "num_statements": 18, "percent_covered": 0.0, "percent_covered_display": "0", "missing_lines": 18, "excluded_lines": 0}, "missing_lines": [180, 181, 183, 184, 185, 187, 190, 192, 200, 201, 204, 212, 213, 215, 217, 218, 219, 220], "excluded_lines": []}, "DeploymentExecutor.stop_deployment": {"executed_lines": [], "summary": {"covered_lines": 0, "num_statements": 14, "percent_covered": 0.0, "percent_covered_display": "0", "missing_lines": 14, "excluded_lines": 0}, "missing_lines": [236, 237, 239, 240, 242, 243, 245, 246, 248, 255, 256, 258, 259, 261], "excluded_lines": []}, "DeploymentExecutor.get_deployment_logs": {"executed_lines": [], "summary": {"covered_lines": 0, "num_statements": 6, "percent_covered": 0.0, "percent_covered_display": "0", "missing_lines": 6, "excluded_lines": 0}, "missing_lines": [273, 274, 276, 277, 279, 286], "excluded_lines": []}, "": {"executed_lines": [], "summary": {"covered_lines": 0, "num_statements": 25, "percent_covered": 0.0, "percent_covered_display": "0", "missing_lines": 25, "excluded_lines": 0}, "missing_lines": [2, 3, 4, 5, 6, 7, 8, 9, 10, 11, 12, 14, 16, 17, 18, 19, 20, 21, 24, 27, 47, 66, 168, 226, 263], "excluded_lines": []}}, "classes": {"DeploymentExecutor": {"executed_lines": [], "summary": {"covered_lines": 0, "num_statements": 88, "percent_covered": 0.0, "percent_covered_display": "0", "missing_lines": 88, "excluded_lines": 0}, "missing_lines": [34, 35, 36, 37, 38, 39, 41, 42, 45, 49, 50, 56, 57, 58, 60, 61, 62, 63, 64, 94, 95, 97, 98, 100, 102, 103, 104, 107, 116, 117, 120, 130, 131, 132, 135, 145, 146, 147, 149, 152, 153, 155, 156, 158, 160, 161, 162, 163, 164, 166, 180, 181, 183, 184, 185, 187, 190, 192, 200, 201, 204, 212, 213, 215, 217, 218, 219, 220, 236, 237, 239, 240, 242, 243, 245, 246, 248, 255, 256, 258, 259, 261, 273, 274, 276, 277, 279, 286], "excluded_lines": []}, "": {"executed_lines": [], "summary": {"covered_lines": 0, "num_statements": 25, "percent_covered": 0.0, "percent_covered_display": "0", "missing_lines": 25, "excluded_lines": 0}, "missing_lines": [2, 3, 4, 5, 6, 7, 8, 9, 10, 11, 12, 14, 16, 17, 18, 19, 20, 21, 24, 27, 47, 66, 168, 226, 263], "excluded_lines": []}}}, "jarvis/dockerfile_templates.py": {"executed_lines": [1, 3, 92], "summary": {"covered_lines": 2, "num_statements": 9, "percent_covered": 22.22222222222222, "percent_covered_display": "22", "missing_lines": 7, "excluded_lines": 0}, "missing_lines": [105, 106, 107, 110, 111, 112, 113], "excluded_lines": [], "functions": {"generate_dockerfile": {"executed_lines": [], "summary": {"covered_lines": 0, "num_statements": 7, "percent_covered": 0.0, "percent_covered_display": "0", "missing_lines": 7, "excluded_lines": 0}, "missing_lines": [105, 106, 107, 110, 111, 112, 113], "excluded_lines": []}, "": {"executed_lines": [1, 3, 92], "summary": {"covered_lines": 2, "num_statements": 2, "percent_covered": 100.0, "percent_covered_display": "100", "missing_lines": 0, "excluded_lines": 0}, "missing_lines": [], "excluded_lines": []}}, "classes": {"": {"executed_lines": [1, 3, 92], "summary": {"covered_lines": 2, "num_statements": 9, "percent_covered": 22.22222222222222, "percent_covered_display": "22", "missing_lines": 7, "excluded_lines": 0}, "missing_lines": [105, 106, 107, 110, 111, 112, 113], "excluded_lines": []}}}, "jarvis/observability.py": {"executed_lines": [], "summary": {"covered_lines": 0, "num_statements": 82, "percent_covered": 0.0, "percent_covered_display": "0", "missing_lines": 82, "excluded_lines": 0}, "missing_lines": [7, 8, 9, 10, 11, 12, 14, 17, 19, 20, 21, 22, 25, 28, 30, 49, 55, 68, 76, 78, 79, 81, 96, 104, 105, 107, 108, 110, 111, 112, 116, 131, 140, 142, 143, 145, 156, 163, 165, 176, 183, 185, 196, 203, 205, 214, 220, 222, 235, 243, 245, 251, 252, 253, 258, 267, 269, 270, 276, 278, 284, 286, 287, 288, 290, 291, 292, 294, 295, 296, 298, 299, 300, 301, 303, 304, 305, 310, 311, 312, 314, 318], "excluded_lines": [], "functions": {"AutonomousMetrics.__init__": {"executed_lines": [], "summary": {"covered_lines": 0, "num_statements": 2, "percent_covered": 0.0, "percent_covered_display": "0", "missing_lines": 2, "excluded_lines": 0}, "missing_lines": [30, 49], "excluded_lines": []}, "AutonomousMetrics.record_action_start": {"executed_lines": [], "summary": {"covered_lines": 0, "num_statements": 4, "percent_covered": 0.0, "percent_covered_display": "0", "missing_lines": 4, "excluded_lines": 0}, "missing_lines": [68, 76, 78, 79], "excluded_lines": []}, "AutonomousMetrics.record_action_success": {"executed_lines": [], "summary": {"covered_lines": 0, "num_statements": 8, "percent_covered": 0.0, "percent_covered_display": "0", "missing_lines": 8, "excluded_lines": 0}, "missing_lines": [96, 104, 105, 107, 108, 110, 111, 112], "excluded_lines": []}, "AutonomousMetrics.record_action_failure": {"executed_lines": [], "summary": {"covered_lines": 0, "num_statements": 4, "percent_covered": 0.0, "percent_covered_display": "0", "missing_lines": 4, "excluded_lines": 0}, "missing_lines": [131, 140, 142, 143], "excluded_lines": []}, "AutonomousMetrics.record_action_deferred": {"executed_lines": [], "summary": {"covered_lines": 0, "num_statements": 2, "percent_covered": 0.0, "percent_covered_display": "0", "missing_lines": 2, "excluded_lines": 0}, "missing_lines": [156, 163], "excluded_lines": []}, "AutonomousMetrics.record_action_rejected": {"executed_lines": [], "summary": {"covered_lines": 0, "num_statements": 2, "percent_covered": 0.0, "percent_covered_display": "0", "missing_lines": 2, "excluded_lines": 0}, "missing_lines": [176, 183], "excluded_lines": []}, "AutonomousMetrics.record_circuit_breaker_opened": {"executed_lines": [], "summary": {"covered_lines": 0, "num_statements": 2, "percent_covered": 0.0, "percent_covered_display": "0", "missing_lines": 2, "excluded_lines": 0}, "missing_lines": [196, 203], "excluded_lines": []}, "AutonomousMetrics.record_rate_limit_hit": {"executed_lines": [], "summary": {"covered_lines": 0, "num_statements": 2, "percent_covered": 0.0, "percent_covered_display": "0", "missing_lines": 2, "excluded_lines": 0}, "missing_lines": [214, 220], "excluded_lines": []}, "AutonomousMetrics.record_safety_violation": {"executed_lines": [], "summary": {"covered_lines": 0, "num_statements": 2, "percent_covered": 0.0, "percent_covered_display": "0", "missing_lines": 2, "excluded_lines": 0}, "missing_lines": [235, 243], "excluded_lines": []}, "AutonomousMetrics.get_metrics": {"executed_lines": [], "summary": {"covered_lines": 0, "num_statements": 4, "percent_covered": 0.0, "percent_covered_display": "0", "missing_lines": 4, "excluded_lines": 0}, "missing_lines": [251, 252, 253, 258], "excluded_lines": []}, "AutonomousMetrics.reset_metrics": {"executed_lines": [], "summary": {"covered_lines": 0, "num_statements": 3, "percent_covered": 0.0, "percent_covered_display": "0", "missing_lines": 3, "excluded_lines": 0}, "missing_lines": [269, 270, 276], "excluded_lines": []}, "AutonomousMetrics.export_prometheus_format": {"executed_lines": [], "summary": {"covered_lines": 0, "num_statements": 21, "percent_covered": 0.0, "percent_covered_display": "0", "missing_lines": 21, "excluded_lines": 0}, "missing_lines": [284, 286, 287, 288, 290, 291, 292, 294, 295, 296, 298, 299, 300, 301, 303, 304, 305, 310, 311, 312, 314], "excluded_lines": []}, "": {"executed_lines": [], "summary": {"covered_lines": 0, "num_statements": 26, "percent_covered": 0.0, "percent_covered_display": "0", "missing_lines": 26, "excluded_lines": 0}, "missing_lines": [7, 8, 9, 10, 11, 12, 14, 17, 19, 20, 21, 22, 25, 28, 55, 81, 116, 145, 165, 185, 205, 222, 245, 267, 278, 318], "excluded_lines": []}}, "classes": {"MetricType": {"executed_lines": [], "summary": {"covered_lines": 0, "num_statements": 0, "percent_covered": 100.0, "percent_covered_display": "100", "missing_lines": 0, "excluded_lines": 0}, "missing_lines": [], "excluded_lines": []}, "AutonomousMetrics": {"executed_lines": [], "summary": {"covered_lines": 0, "num_statements": 56, "percent_covered": 0.0, "percent_covered_display": "0", "missing_lines": 56, "excluded_lines": 0}, "missing_lines": [30, 49, 68, 76, 78, 79, 96, 104, 105, 107, 108, 110, 111, 112, 131, 140, 142, 143, 156, 163, 176, 183, 196, 203, 214, 220, 235, 243, 251, 252, 253, 258, 269, 270, 276, 284, 286, 287, 288, 290, 291, 292, 294, 295, 296, 298, 299, 300, 301, 303, 304, 305, 310, 311, 312, 314], "excluded_lines": []}, "": {"executed_lines": [], "summary": {"covered_lines": 0, "num_statements": 26, "percent_covered": 0.0, "percent_covered_display": "0", "missing_lines": 26, "excluded_lines": 0}, "missing_lines": [7, 8, 9, 10, 11, 12, 14, 17, 19, 20, 21, 22, 25, 28, 55, 81, 116, 145, 165, 185, 205, 222, 245, 267, 278, 318], "excluded_lines": []}}}, "jarvis/personality_profile.py": {"executed_lines": [], "summary": {"covered_lines": 0, "num_statements": 90, "percent_covered": 0.0, "percent_covered_display": "0", "missing_lines": 90, "excluded_lines": 0}, "missing_lines": [5, 6, 7, 10, 12, 13, 14, 17, 29, 32, 43, 81, 111, 121, 131, 140, 141, 143, 145, 146, 163, 165, 167, 168, 171, 172, 173, 174, 176, 177, 194, 195, 198, 200, 201, 202, 203, 205, 206, 208, 210, 211, 222, 223, 224, 225, 227, 228, 230, 233, 239, 240, 241, 243, 262, 264, 265, 270, 272, 274, 280, 288, 290, 291, 298, 300, 305, 313, 315, 316, 322, 324, 329, 336, 338, 339, 344, 346, 351, 358, 360, 361, 366, 368, 370, 375, 385, 391, 393, 397], "excluded_lines": [], "functions": {"PersonalityProfile.get_greeting": {"executed_lines": [], "summary": {"covered_lines": 0, "num_statements": 1, "percent_covered": 0.0, "percent_covered_display": "0", "missing_lines": 1, "excluded_lines": 0}, "missing_lines": [143], "excluded_lines": []}, "PersonalityProfile.get_success_message": {"executed_lines": [], "summary": {"covered_lines": 0, "num_statements": 8, "percent_covered": 0.0, "percent_covered_display": "0", "missing_lines": 8, "excluded_lines": 0}, "missing_lines": [163, 165, 167, 168, 171, 172, 173, 174], "excluded_lines": []}, "PersonalityProfile.get_error_message": {"executed_lines": [], "summary": {"covered_lines": 0, "num_statements": 7, "percent_covered": 0.0, "percent_covered_display": "0", "missing_lines": 7, "excluded_lines": 0}, "missing_lines": [194, 195, 198, 200, 201, 202, 203], "excluded_lines": []}, "PersonalityProfile.get_working_message": {"executed_lines": [], "summary": {"covered_lines": 0, "num_statements": 1, "percent_covered": 0.0, "percent_covered_display": "0", "missing_lines": 1, "excluded_lines": 0}, "missing_lines": [208], "excluded_lines": []}, "PersonalityProfile.add_humanity_theme": {"executed_lines": [], "summary": {"covered_lines": 0, "num_statements": 4, "percent_covered": 0.0, "percent_covered_display": "0", "missing_lines": 4, "excluded_lines": 0}, "missing_lines": [222, 223, 224, 225], "excluded_lines": []}, "PersonalityProfile.should_add_humor": {"executed_lines": [], "summary": {"covered_lines": 0, "num_statements": 1, "percent_covered": 0.0, "percent_covered_display": "0", "missing_lines": 1, "excluded_lines": 0}, "missing_lines": [230], "excluded_lines": []}, "PersonalityOrchestrator.__init__": {"executed_lines": [], "summary": {"covered_lines": 0, "num_statements": 2, "percent_covered": 0.0, "percent_covered_display": "0", "missing_lines": 2, "excluded_lines": 0}, "missing_lines": [240, 241], "excluded_lines": []}, "PersonalityOrchestrator.enhance_deployment_response": {"executed_lines": [], "summary": {"covered_lines": 0, "num_statements": 6, "percent_covered": 0.0, "percent_covered_display": "0", "missing_lines": 6, "excluded_lines": 0}, "missing_lines": [262, 264, 265, 270, 272, 274], "excluded_lines": []}, "PersonalityOrchestrator.enhance_database_response": {"executed_lines": [], "summary": {"covered_lines": 0, "num_statements": 5, "percent_covered": 0.0, "percent_covered_display": "0", "missing_lines": 5, "excluded_lines": 0}, "missing_lines": [288, 290, 291, 298, 300], "excluded_lines": []}, "PersonalityOrchestrator.enhance_ssl_response": {"executed_lines": [], "summary": {"covered_lines": 0, "num_statements": 5, "percent_covered": 0.0, "percent_covered_display": "0", "missing_lines": 5, "excluded_lines": 0}, "missing_lines": [313, 315, 316, 322, 324], "excluded_lines": []}, "PersonalityOrchestrator.enhance_smart_home_response": {"executed_lines": [], "summary": {"covered_lines": 0, "num_statements": 5, "percent_covered": 0.0, "percent_covered_display": "0", "missing_lines": 5, "excluded_lines": 0}, "missing_lines": [336, 338, 339, 344, 346], "excluded_lines": []}, "PersonalityOrchestrator.enhance_automation_response": {"executed_lines": [], "summary": {"covered_lines": 0, "num_statements": 6, "percent_covered": 0.0, "percent_covered_display": "0", "missing_lines": 6, "excluded_lines": 0}, "missing_lines": [358, 360, 361, 366, 368, 370], "excluded_lines": []}, "PersonalityOrchestrator.wrap_error": {"executed_lines": [], "summary": {"covered_lines": 0, "num_statements": 1, "percent_covered": 0.0, "percent_covered_display": "0", "missing_lines": 1, "excluded_lines": 0}, "missing_lines": [385], "excluded_lines": []}, "PersonalityOrchestrator.get_greeting": {"executed_lines": [], "summary": {"covered_lines": 0, "num_statements": 1, "percent_covered": 0.0, "percent_covered_display": "0", "missing_lines": 1, "excluded_lines": 0}, "missing_lines": [393], "excluded_lines": []}, "": {"executed_lines": [], "summary": {"covered_lines": 0, "num_statements": 37, "percent_covered": 0.0, "percent_covered_display": "0", "missing_lines": 37, "excluded_lines": 0}, "missing_lines": [5, 6, 7, 10, 12, 13, 14, 17, 29, 32, 43, 81, 111, 121, 131, 140, 141, 145, 146, 176, 177, 205, 206, 210, 211, 227, 228, 233, 239, 243, 280, 305, 329, 351, 375, 391, 397], "excluded_lines": []}}, "classes": {"PersonalityMode": {"executed_lines": [], "summary": {"covered_lines": 0, "num_statements": 0, "percent_covered": 100.0, "percent_covered_display": "100", "missing_lines": 0, "excluded_lines": 0}, "missing_lines": [], "excluded_lines": []}, "PersonalityProfile": {"executed_lines": [], "summary": {"covered_lines": 0, "num_statements": 22, "percent_covered": 0.0, "percent_covered_display": "0", "missing_lines": 22, "excluded_lines": 0}, "missing_lines": [143, 163, 165, 167, 168, 171, 172, 173, 174, 194, 195, 198, 200, 201, 202, 203, 208, 222, 223, 224, 225, 230], "excluded_lines": []}, "PersonalityOrchestrator": {"executed_lines": [], "summary": {"covered_lines": 0, "num_statements": 31, "percent_covered": 0.0, "percent_covered_display": "0", "missing_lines": 31, "excluded_lines": 0}, "missing_lines": [240, 241, 262, 264, 265, 270, 272, 274, 288, 290, 291, 298, 300, 313, 315, 316, 322, 324, 336, 338, 339, 344, 346, 358, 360, 361, 366, 368, 370, 385, 393], "excluded_lines": []}, "": {"executed_lines": [], "summary": {"covered_lines": 0, "num_statements": 37, "percent_covered": 0.0, "percent_covered_display": "0", "missing_lines": 37, "excluded_lines": 0}, "missing_lines": [5, 6, 7, 10, 12, 13, 14, 17, 29, 32, 43, 81, 111, 121, 131, 140, 141, 145, 146, 176, 177, 205, 206, 210, 211, 227, 228, 233, 239, 243, 280, 305, 329, 351, 375, 391, 397], "excluded_lines": []}}}, "jarvis/policy_engine.py": {"executed_lines": [], "summary": {"covered_lines": 0, "num_statements": 184, "percent_covered": 0.0, "percent_covered_display": "0", "missing_lines": 184, "excluded_lines": 0}, "missing_lines": [14, 15, 16, 17, 18, 19, 20, 21, 22, 24, 27, 29, 30, 31, 32, 35, 37, 38, 39, 42, 43, 45, 46, 47, 48, 49, 50, 51, 52, 53, 55, 57, 70, 74, 89, 100, 113, 114, 115, 117, 118, 119, 121, 122, 124, 126, 128, 129, 130, 132, 133, 134, 135, 136, 137, 138, 139, 140, 141, 143, 145, 147, 149, 151, 157, 159, 160, 161, 163, 164, 165, 167, 169, 175, 176, 178, 179, 181, 186, 187, 189, 191, 197, 198, 200, 201, 203, 204, 206, 211, 213, 214, 215, 219, 221, 223, 232, 234, 235, 237, 238, 240, 241, 242, 243, 245, 246, 247, 249, 250, 251, 252, 254, 255, 256, 257, 259, 261, 271, 273, 274, 276, 277, 279, 280, 281, 282, 283, 284, 286, 287, 288, 289, 290, 291, 293, 294, 295, 297, 299, 315, 317, 318, 319, 331, 332, 333, 334, 335, 337, 345, 346, 358, 359, 360, 372, 373, 374, 386, 387, 388, 400, 401, 402, 414, 415, 416, 428, 429, 431, 443, 455, 462, 463, 464, 465, 467, 469, 475, 476, 477, 478, 480, 482], "excluded_lines": [], "functions": {"PolicyResult.to_dict": {"executed_lines": [], "summary": {"covered_lines": 0, "num_statements": 1, "percent_covered": 0.0, "percent_covered_display": "0", "missing_lines": 1, "excluded_lines": 0}, "missing_lines": [57], "excluded_lines": []}, "PolicyEngine.__init__": {"executed_lines": [], "summary": {"covered_lines": 0, "num_statements": 9, "percent_covered": 0.0, "percent_covered_display": "0", "missing_lines": 9, "excluded_lines": 0}, "missing_lines": [113, 114, 115, 117, 118, 119, 121, 122, 124], "excluded_lines": []}, "PolicyEngine._load_action_definitions": {"executed_lines": [], "summary": {"covered_lines": 0, "num_statements": 13, "percent_covered": 0.0, "percent_covered_display": "0", "missing_lines": 13, "excluded_lines": 0}, "missing_lines": [128, 129, 130, 132, 133, 134, 135, 136, 137, 138, 139, 140, 141], "excluded_lines": []}, "PolicyEngine.get_action_definition": {"executed_lines": [], "summary": {"covered_lines": 0, "num_statements": 1, "percent_covered": 0.0, "percent_covered_display": "0", "missing_lines": 1, "excluded_lines": 0}, "missing_lines": [145], "excluded_lines": []}, "PolicyEngine.list_all_actions": {"executed_lines": [], "summary": {"covered_lines": 0, "num_statements": 1, "percent_covered": 0.0, "percent_covered_display": "0", "missing_lines": 1, "excluded_lines": 0}, "missing_lines": [149], "excluded_lines": []}, "PolicyEngine._check_forbidden_operations": {"executed_lines": [], "summary": {"covered_lines": 0, "num_statements": 8, "percent_covered": 0.0, "percent_covered_display": "0", "missing_lines": 8, "excluded_lines": 0}, "missing_lines": [157, 159, 160, 161, 163, 164, 165, 167], "excluded_lines": []}, "PolicyEngine._check_rate_limit": {"executed_lines": [], "summary": {"covered_lines": 0, "num_statements": 8, "percent_covered": 0.0, "percent_covered_display": "0", "missing_lines": 8, "excluded_lines": 0}, "missing_lines": [175, 176, 178, 179, 181, 186, 187, 189], "excluded_lines": []}, "PolicyEngine._check_circuit_breaker": {"executed_lines": [], "summary": {"covered_lines": 0, "num_statements": 13, "percent_covered": 0.0, "percent_covered_display": "0", "missing_lines": 13, "excluded_lines": 0}, "missing_lines": [197, 198, 200, 201, 203, 204, 206, 211, 213, 214, 215, 219, 221], "excluded_lines": []}, "PolicyEngine._validate_preconditions": {"executed_lines": [], "summary": {"covered_lines": 0, "num_statements": 21, "percent_covered": 0.0, "percent_covered_display": "0", "missing_lines": 21, "excluded_lines": 0}, "missing_lines": [232, 234, 235, 237, 238, 240, 241, 242, 243, 245, 246, 247, 249, 250, 251, 252, 254, 255, 256, 257, 259], "excluded_lines": []}, "PolicyEngine._validate_safety_checks": {"executed_lines": [], "summary": {"covered_lines": 0, "num_statements": 21, "percent_covered": 0.0, "percent_covered_display": "0", "missing_lines": 21, "excluded_lines": 0}, "missing_lines": [271, 273, 274, 276, 277, 279, 280, 281, 282, 283, 284, 286, 287, 288, 289, 290, 291, 293, 294, 295, 297], "excluded_lines": []}, "PolicyEngine.evaluate_action": {"executed_lines": [], "summary": {"covered_lines": 0, "num_statements": 31, "percent_covered": 0.0, "percent_covered_display": "0", "missing_lines": 31, "excluded_lines": 0}, "missing_lines": [315, 317, 318, 319, 331, 332, 333, 334, 335, 337, 345, 346, 358, 359, 360, 372, 373, 374, 386, 387, 388, 400, 401, 402, 414, 415, 416, 428, 429, 431, 443], "excluded_lines": []}, "PolicyEngine.record_execution_result": {"executed_lines": [], "summary": {"covered_lines": 0, "num_statements": 5, "percent_covered": 0.0, "percent_covered_display": "0", "missing_lines": 5, "excluded_lines": 0}, "missing_lines": [462, 463, 464, 465, 467], "excluded_lines": []}, "PolicyEngine.reset_circuit_breaker": {"executed_lines": [], "summary": {"covered_lines": 0, "num_statements": 4, "percent_covered": 0.0, "percent_covered_display": "0", "missing_lines": 4, "excluded_lines": 0}, "missing_lines": [475, 476, 477, 478], "excluded_lines": []}, "PolicyEngine.get_policy_stats": {"executed_lines": [], "summary": {"covered_lines": 0, "num_statements": 1, "percent_covered": 0.0, "percent_covered_display": "0", "missing_lines": 1, "excluded_lines": 0}, "missing_lines": [482], "excluded_lines": []}, "": {"executed_lines": [], "summary": {"covered_lines": 0, "num_statements": 47, "percent_covered": 0.0, "percent_covered_display": "0", "missing_lines": 47, "excluded_lines": 0}, "missing_lines": [14, 15, 16, 17, 18, 19, 20, 21, 22, 24, 27, 29, 30, 31, 32, 35, 37, 38, 39, 42, 43, 45, 46, 47, 48, 49, 50, 51, 52, 53, 55, 70, 74, 89, 100, 126, 143, 147, 151, 169, 191, 223, 261, 299, 455, 469, 480], "excluded_lines": []}}, "classes": {"PolicyDecision": {"executed_lines": [], "summary": {"covered_lines": 0, "num_statements": 0, "percent_covered": 100.0, "percent_covered_display": "100", "missing_lines": 0, "excluded_lines": 0}, "missing_lines": [], "excluded_lines": []}, "AutonomousTier": {"executed_lines": [], "summary": {"covered_lines": 0, "num_statements": 0, "percent_covered": 100.0, "percent_covered_display": "100", "missing_lines": 0, "excluded_lines": 0}, "missing_lines": [], "excluded_lines": []}, "PolicyResult": {"executed_lines": [], "summary": {"covered_lines": 0, "num_statements": 1, "percent_covered": 0.0, "percent_covered_display": "0", "missing_lines": 1, "excluded_lines": 0}, "missing_lines": [57], "excluded_lines": []}, "PolicyEngine": {"executed_lines": [], "summary": {"covered_lines": 0, "num_statements": 136, "percent_covered": 0.0, "percent_covered_display": "0", "missing_lines": 136, "excluded_lines": 0}, "missing_lines": [113, 114, 115, 117, 118, 119, 121, 122, 124, 128, 129, 130, 132, 133, 134, 135, 136, 137, 138, 139, 140, 141, 145, 149, 157, 159, 160, 161, 163, 164, 165, 167, 175, 176, 178, 179, 181, 186, 187, 189, 197, 198, 200, 201, 203, 204, 206, 211, 213, 214, 215, 219, 221, 232, 234, 235, 237, 238, 240, 241, 242, 243, 245, 246, 247, 249, 250, 251, 252, 254, 255, 256, 257, 259, 271, 273, 274, 276, 277, 279, 280, 281, 282, 283, 284, 286, 287, 288, 289, 290, 291, 293, 294, 295, 297, 315, 317, 318, 319, 331, 332, 333, 334, 335, 337, 345, 346, 358, 359, 360, 372, 373, 374, 386, 387, 388, 400, 401, 402, 414, 415, 416, 428, 429, 431, 443, 462, 463, 464, 465, 467, 475, 476, 477, 478, 482], "excluded_lines": []}, "": {"executed_lines": [], "summary": {"covered_lines": 0, "num_statements": 47, "percent_covered": 0.0, "percent_covered_display": "0", "missing_lines": 47, "excluded_lines": 0}, "missing_lines": [14, 15, 16, 17, 18, 19, 20, 21, 22, 24, 27, 29, 30, 31, 32, 35, 37, 38, 39, 42, 43, 45, 46, 47, 48, 49, 50, 51, 52, 53, 55, 70, 74, 89, 100, 126, 143, 147, 151, 169, 191, 223, 261, 299, 455, 469, 480], "excluded_lines": []}}}, "jarvis/safe_executor.py": {"executed_lines": [1, 12, 13, 14, 15, 16, 17, 18, 19, 20, 21, 22, 24, 27, 30, 31, 32, 33, 34, 37, 38, 39, 40, 41, 42, 43, 44, 45, 46, 47, 48, 49, 50, 52, 69, 70, 72, 78, 80, 93, 94, 95, 97, 99, 101, 103, 105, 106, 108, 109, 111, 115, 117, 119, 137, 158, 169, 206, 374, 385, 389, 400, 401, 403, 404, 407, 409, 410, 411, 412, 415, 416, 417, 428, 429, 430, 432, 433, 435, 436, 438, 441, 442, 443, 445, 446, 448, 457, 458, 459, 461, 464, 466, 467, 468, 469, 471, 473, 479, 481, 483, 489, 507, 508, 509, 511, 514, 516, 517, 518, 520, 522, 523, 525, 526, 528, 530, 531, 532, 534, 535, 537, 538, 540, 542, 543, 544, 546, 548, 556, 558, 560], "summary": {"covered_lines": 128, "num_statements": 200, "percent_covered": 64.0, "percent_covered_display": "64", "missing_lines": 72, "excluded_lines": 0}, "missing_lines": [54, 125, 127, 132, 133, 135, 144, 156, 167, 179, 180, 182, 184, 186, 200, 202, 204, 226, 227, 229, 231, 232, 246, 247, 248, 250, 251, 252, 266, 267, 268, 270, 271, 285, 286, 287, 289, 291, 293, 294, 296, 306, 308, 322, 324, 330, 332, 333, 335, 349, 350, 351, 353, 354, 356, 370, 371, 372, 383, 387, 413, 423, 424, 426, 485, 486, 487, 519, 536, 562, 563, 564], "excluded_lines": [], "functions": {"ExecutionResult.to_dict": {"executed_lines": [], "summary": {"covered_lines": 0, "num_statements": 1, "percent_covered": 0.0, "percent_covered_display": "0", "missing_lines": 1, "excluded_lines": 0}, "missing_lines": [54], "excluded_lines": []}, "SafeCommandExecutor.__init__": {"executed_lines": [93, 94, 95, 97, 99, 101], "summary": {"covered_lines": 6, "num_statements": 6, "percent_covered": 100.0, "percent_covered_display": "100", "missing_lines": 0, "excluded_lines": 0}, "missing_lines": [], "excluded_lines": []}, "SafeCommandExecutor._setup_audit_logging": {"executed_lines": [105, 106, 108, 109, 111, 115, 117], "summary": {"covered_lines": 7, "num_statements": 7, "percent_covered": 100.0, "percent_covered_display": "100", "missing_lines": 0, "excluded_lines": 0}, "missing_lines": [], "excluded_lines": []}, "SafeCommandExecutor._check_rate_limit": {"executed_lines": [], "summary": {"covered_lines": 0, "num_statements": 5, "percent_covered": 0.0, "percent_covered_display": "0", "missing_lines": 5, "excluded_lines": 0}, "missing_lines": [125, 127, 132, 133, 135], "excluded_lines": []}, "SafeCommandExecutor._log_audit": {"executed_lines": [], "summary": {"covered_lines": 0, "num_statements": 2, "percent_covered": 0.0, "percent_covered_display": "0", "missing_lines": 2, "excluded_lines": 0}, "missing_lines": [144, 156], "excluded_lines": []}, "SafeCommandExecutor.validate_command": {"executed_lines": [], "summary": {"covered_lines": 0, "num_statements": 1, "percent_covered": 0.0, "percent_covered_display": "0", "missing_lines": 1, "excluded_lines": 0}, "missing_lines": [167], "excluded_lines": []}, "SafeCommandExecutor.dry_run": {"executed_lines": [], "summary": {"covered_lines": 0, "num_statements": 8, "percent_covered": 0.0, "percent_covered_display": "0", "missing_lines": 8, "excluded_lines": 0}, "missing_lines": [179, 180, 182, 184, 186, 200, 202, 204], "excluded_lines": []}, "SafeCommandExecutor.execute": {"executed_lines": [], "summary": {"covered_lines": 0, "num_statements": 41, "percent_covered": 0.0, "percent_covered_display": "0", "missing_lines": 41, "excluded_lines": 0}, "missing_lines": [226, 227, 229, 231, 232, 246, 247, 248, 250, 251, 252, 266, 267, 268, 270, 271, 285, 286, 287, 289, 291, 293, 294, 296, 306, 308, 322, 324, 330, 332, 333, 335, 349, 350, 351, 353, 354, 356, 370, 371, 372], "excluded_lines": []}, "SafeCommandExecutor.get_command_info": {"executed_lines": [], "summary": {"covered_lines": 0, "num_statements": 1, "percent_covered": 0.0, "percent_covered_display": "0", "missing_lines": 1, "excluded_lines": 0}, "missing_lines": [383], "excluded_lines": []}, "SafeCommandExecutor.list_safe_commands": {"executed_lines": [], "summary": {"covered_lines": 0, "num_statements": 1, "percent_covered": 0.0, "percent_covered_display": "0", "missing_lines": 1, "excluded_lines": 0}, "missing_lines": [387], "excluded_lines": []}, "SafeCommandExecutor.validate_config_file": {"executed_lines": [400, 401, 403, 404, 407, 409, 410, 411, 412, 415, 416, 417, 428, 429, 430, 432, 433, 435, 436, 438, 441, 442, 443, 445, 446], "summary": {"covered_lines": 25, "num_statements": 29, "percent_covered": 86.20689655172414, "percent_covered_display": "86", "missing_lines": 4, "excluded_lines": 0}, "missing_lines": [413, 423, 424, 426], "excluded_lines": []}, "SafeCommandExecutor.backup_config_file": {"executed_lines": [457, 458, 459, 461, 464, 466, 467, 468, 469, 471, 473, 479, 481, 483], "summary": {"covered_lines": 14, "num_statements": 17, "percent_covered": 82.3529411764706, "percent_covered_display": "82", "missing_lines": 3, "excluded_lines": 0}, "missing_lines": [485, 486, 487], "excluded_lines": []}, "SafeCommandExecutor.edit_config_safely": {"executed_lines": [507, 508, 509, 511, 514, 516, 517, 518, 520, 522, 523, 525, 526, 528, 530, 531, 532, 534, 535, 537, 538, 540, 542, 543, 544, 546, 548, 556, 558, 560], "summary": {"covered_lines": 30, "num_statements": 35, "percent_covered": 85.71428571428571, "percent_covered_display": "86", "missing_lines": 5, "excluded_lines": 0}, "missing_lines": [519, 536, 562, 563, 564], "excluded_lines": []}, "": {"executed_lines": [1, 12, 13, 14, 15, 16, 17, 18, 19, 20, 21, 22, 24, 27, 30, 31, 32, 33, 34, 37, 38, 39, 40, 41, 42, 43, 44, 45, 46, 47, 48, 49, 50, 52, 69, 70, 72, 78, 80, 103, 119, 137, 158, 169, 206, 374, 385, 389, 448, 489], "summary": {"covered_lines": 46, "num_statements": 46, "percent_covered": 100.0, "percent_covered_display": "100", "missing_lines": 0, "excluded_lines": 0}, "missing_lines": [], "excluded_lines": []}}, "classes": {"ExecutionMode": {"executed_lines": [], "summary": {"covered_lines": 0, "num_statements": 0, "percent_covered": 100.0, "percent_covered_display": "100", "missing_lines": 0, "excluded_lines": 0}, "missing_lines": [], "excluded_lines": []}, "ExecutionResult": {"executed_lines": [], "summary": {"covered_lines": 0, "num_statements": 1, "percent_covered": 0.0, "percent_covered_display": "0", "missing_lines": 1, "excluded_lines": 0}, "missing_lines": [54], "excluded_lines": []}, "SafeCommandExecutor": {"executed_lines": [93, 94, 95, 97, 99, 101, 105, 106, 108, 109, 111, 115, 117, 400, 401, 403, 404, 407, 409, 410, 411, 412, 415, 416, 417, 428, 429, 430, 432, 433, 435, 436, 438, 441, 442, 443, 445, 446, 457, 458, 459, 461, 464, 466, 467, 468, 469, 471, 473, 479, 481, 483, 507, 508, 509, 511, 514, 516, 517, 518, 520, 522, 523, 525, 526, 528, 530, 531, 532, 534, 535, 537, 538, 540, 542, 543, 544, 546, 548, 556, 558, 560], "summary": {"covered_lines": 82, "num_statements": 153, "percent_covered": 53.59477124183007, "percent_covered_display": "54", "missing_lines": 71, "excluded_lines": 0}, "missing_lines": [125, 127, 132, 133, 135, 144, 156, 167, 179, 180, 182, 184, 186, 200, 202, 204, 226, 227, 229, 231, 232, 246, 247, 248, 250, 251, 252, 266, 267, 268, 270, 271, 285, 286, 287, 289, 291, 293, 294, 296, 306, 308, 322, 324, 330, 332, 333, 335, 349, 350, 351, 353, 354, 356, 370, 371, 372, 383, 387, 413, 423, 424, 426, 485, 486, 487, 519, 536, 562, 563, 564], "excluded_lines": []}, "": {"executed_lines": [1, 12, 13, 14, 15, 16, 17, 18, 19, 20, 21, 22, 24, 27, 30, 31, 32, 33, 34, 37, 38, 39, 40, 41, 42, 43, 44, 45, 46, 47, 48, 49, 50, 52, 69, 70, 72, 78, 80, 103, 119, 137, 158, 169, 206, 374, 385, 389, 448, 489], "summary": {"covered_lines": 46, "num_statements": 46, "percent_covered": 100.0, "percent_covered_display": "100", "missing_lines": 0, "excluded_lines": 0}, "missing_lines": [], "excluded_lines": []}}}, "models/__init__.py": {"executed_lines": [1, 2, 3, 4, 6, 8, 14, 19, 20, 21, 22, 23, 24, 25, 26, 27, 28, 30], "summary": {"covered_lines": 18, "num_statements": 25, "percent_covered": 72.0, "percent_covered_display": "72", "missing_lines": 7, "excluded_lines": 0}, "missing_lines": [9, 10, 11, 12, 15, 16, 17], "excluded_lines": [], "functions": {"get_engine": {"executed_lines": [], "summary": {"covered_lines": 0, "num_statements": 4, "percent_covered": 0.0, "percent_covered_display": "0", "missing_lines": 4, "excluded_lines": 0}, "missing_lines": [9, 10, 11, 12], "excluded_lines": []}, "get_session": {"executed_lines": [], "summary": {"covered_lines": 0, "num_statements": 3, "percent_covered": 0.0, "percent_covered_display": "0", "missing_lines": 3, "excluded_lines": 0}, "missing_lines": [15, 16, 17], "excluded_lines": []}, "": {"executed_lines": [1, 2, 3, 4, 6, 8, 14, 19, 20, 21, 22, 23, 24, 25, 26, 27, 28, 30], "summary": {"covered_lines": 18, "num_statements": 18, "percent_covered": 100.0, "percent_covered_display": "100", "missing_lines": 0, "excluded_lines": 0}, "missing_lines": [], "excluded_lines": []}}, "classes": {"": {"executed_lines": [1, 2, 3, 4, 6, 8, 14, 19, 20, 21, 22, 23, 24, 25, 26, 27, 28, 30], "summary": {"covered_lines": 18, "num_statements": 25, "percent_covered": 72.0, "percent_covered_display": "72", "missing_lines": 7, "excluded_lines": 0}, "missing_lines": [9, 10, 11, 12, 15, 16, 17], "excluded_lines": []}}}, "models/artifact.py": {"executed_lines": [1, 2, 3, 4, 5, 6, 7, 8, 9, 11, 12, 13, 14, 15, 17, 18, 19, 20, 21, 23, 24, 26, 27, 28, 29, 30, 31, 32, 33, 34, 35, 36, 37, 39, 40, 41, 42, 44, 47], "summary": {"covered_lines": 39, "num_statements": 41, "percent_covered": 95.1219512195122, "percent_covered_display": "95", "missing_lines": 2, "excluded_lines": 0}, "missing_lines": [45, 48], "excluded_lines": [], "functions": {"Artifact.__repr__": {"executed_lines": [], "summary": {"covered_lines": 0, "num_statements": 1, "percent_covered": 0.0, "percent_covered_display": "0", "missing_lines": 1, "excluded_lines": 0}, "missing_lines": [45], "excluded_lines": []}, "Artifact.to_dict": {"executed_lines": [], "summary": {"covered_lines": 0, "num_statements": 1, "percent_covered": 0.0, "percent_covered_display": "0", "missing_lines": 1, "excluded_lines": 0}, "missing_lines": [48], "excluded_lines": []}, "": {"executed_lines": [1, 2, 3, 4, 5, 6, 7, 8, 9, 11, 12, 13, 14, 15, 17, 18, 19, 20, 21, 23, 24, 26, 27, 28, 29, 30, 31, 32, 33, 34, 35, 36, 37, 39, 40, 41, 42, 44, 47], "summary": {"covered_lines": 39, "num_statements": 39, "percent_covered": 100.0, "percent_covered_display": "100", "missing_lines": 0, "excluded_lines": 0}, "missing_lines": [], "excluded_lines": []}}, "classes": {"FileType": {"executed_lines": [], "summary": {"covered_lines": 0, "num_statements": 0, "percent_covered": 100.0, "percent_covered_display": "100", "missing_lines": 0, "excluded_lines": 0}, "missing_lines": [], "excluded_lines": []}, "AnalysisStatus": {"executed_lines": [], "summary": {"covered_lines": 0, "num_statements": 0, "percent_covered": 100.0, "percent_covered_display": "100", "missing_lines": 0, "excluded_lines": 0}, "missing_lines": [], "excluded_lines": []}, "Artifact": {"executed_lines": [], "summary": {"covered_lines": 0, "num_statements": 2, "percent_covered": 0.0, "percent_covered_display": "0", "missing_lines": 2, "excluded_lines": 0}, "missing_lines": [45, 48], "excluded_lines": []}, "": {"executed_lines": [1, 2, 3, 4, 5, 6, 7, 8, 9, 11, 12, 13, 14, 15, 17, 18, 19, 20, 21, 23, 24, 26, 27, 28, 29, 30, 31, 32, 33, 34, 35, 36, 37, 39, 40, 41, 42, 44, 47], "summary": {"covered_lines": 39, "num_statements": 39, "percent_covered": 100.0, "percent_covered_display": "100", "missing_lines": 0, "excluded_lines": 0}, "missing_lines": [], "excluded_lines": []}}}, "models/celery_job_history.py": {"executed_lines": [1, 2, 3, 4, 5, 6, 9, 10, 11, 12, 13, 14, 15, 16, 19, 20, 21, 23, 24, 25, 26, 27, 30, 31, 32, 33, 36, 37, 38, 39, 42, 43, 44, 45, 48, 49, 51, 54, 77, 78, 99, 100, 119, 120, 141, 142], "summary": {"covered_lines": 44, "num_statements": 70, "percent_covered": 62.857142857142854, "percent_covered_display": "63", "missing_lines": 26, "excluded_lines": 0}, "missing_lines": [52, 56, 80, 81, 83, 85, 89, 90, 92, 97, 102, 103, 105, 107, 122, 123, 125, 127, 144, 145, 147, 149, 155, 156, 158, 159], "excluded_lines": [], "functions": {"CeleryJobHistory.__repr__": {"executed_lines": [], "summary": {"covered_lines": 0, "num_statements": 1, "percent_covered": 0.0, "percent_covered_display": "0", "missing_lines": 1, "excluded_lines": 0}, "missing_lines": [52], "excluded_lines": []}, "CeleryJobHistory.to_dict": {"executed_lines": [], "summary": {"covered_lines": 0, "num_statements": 1, "percent_covered": 0.0, "percent_covered_display": "0", "missing_lines": 1, "excluded_lines": 0}, "missing_lines": [56], "excluded_lines": []}, "CeleryJobHistory.get_success_rate": {"executed_lines": [], "summary": {"covered_lines": 0, "num_statements": 8, "percent_covered": 0.0, "percent_covered_display": "0", "missing_lines": 8, "excluded_lines": 0}, "missing_lines": [80, 81, 83, 85, 89, 90, 92, 97], "excluded_lines": []}, "CeleryJobHistory.get_most_failing_tasks": {"executed_lines": [], "summary": {"covered_lines": 0, "num_statements": 4, "percent_covered": 0.0, "percent_covered_display": "0", "missing_lines": 4, "excluded_lines": 0}, "missing_lines": [102, 103, 105, 107], "excluded_lines": []}, "CeleryJobHistory.get_hourly_stats": {"executed_lines": [], "summary": {"covered_lines": 0, "num_statements": 4, "percent_covered": 0.0, "percent_covered_display": "0", "missing_lines": 4, "excluded_lines": 0}, "missing_lines": [122, 123, 125, 127], "excluded_lines": []}, "CeleryJobHistory.get_average_execution_time": {"executed_lines": [], "summary": {"covered_lines": 0, "num_statements": 8, "percent_covered": 0.0, "percent_covered_display": "0", "missing_lines": 8, "excluded_lines": 0}, "missing_lines": [144, 145, 147, 149, 155, 156, 158, 159], "excluded_lines": []}, "": {"executed_lines": [1, 2, 3, 4, 5, 6, 9, 10, 11, 12, 13, 14, 15, 16, 19, 20, 21, 23, 24, 25, 26, 27, 30, 31, 32, 33, 36, 37, 38, 39, 42, 43, 44, 45, 48, 49, 51, 54, 77, 78, 99, 100, 119, 120, 141, 142], "summary": {"covered_lines": 44, "num_statements": 44, "percent_covered": 100.0, "percent_covered_display": "100", "missing_lines": 0, "excluded_lines": 0}, "missing_lines": [], "excluded_lines": []}}, "classes": {"JobStatus": {"executed_lines": [], "summary": {"covered_lines": 0, "num_statements": 0, "percent_covered": 100.0, "percent_covered_display": "100", "missing_lines": 0, "excluded_lines": 0}, "missing_lines": [], "excluded_lines": []}, "CeleryJobHistory": {"executed_lines": [], "summary": {"covered_lines": 0, "num_statements": 26, "percent_covered": 0.0, "percent_covered_display": "0", "missing_lines": 26, "excluded_lines": 0}, "missing_lines": [52, 56, 80, 81, 83, 85, 89, 90, 92, 97, 102, 103, 105, 107, 122, 123, 125, 127, 144, 145, 147, 149, 155, 156, 158, 159], "excluded_lines": []}, "": {"executed_lines": [1, 2, 3, 4, 5, 6, 9, 10, 11, 12, 13, 14, 15, 16, 19, 20, 21, 23, 24, 25, 26, 27, 30, 31, 32, 33, 36, 37, 38, 39, 42, 43, 44, 45, 48, 49, 51, 54, 77, 78, 99, 100, 119, 120, 141, 142], "summary": {"covered_lines": 44, "num_statements": 44, "percent_covered": 100.0, "percent_covered_display": "100", "missing_lines": 0, "excluded_lines": 0}, "missing_lines": [], "excluded_lines": []}}}, "models/deployment.py": {"executed_lines": [1, 2, 3, 4, 5, 6, 7, 8, 9, 11, 16, 17, 18, 19, 20, 21, 23, 24, 25, 26, 28, 29, 31, 32, 33, 34, 35, 36, 37, 38, 39, 40, 41, 42, 43, 44, 45, 46, 47, 49, 50, 51, 52, 53, 55, 58], "summary": {"covered_lines": 45, "num_statements": 47, "percent_covered": 95.74468085106383, "percent_covered_display": "96", "missing_lines": 2, "excluded_lines": 4}, "missing_lines": [56, 59], "excluded_lines": [11, 12, 13, 14], "functions": {"Deployment.__repr__": {"executed_lines": [], "summary": {"covered_lines": 0, "num_statements": 1, "percent_covered": 0.0, "percent_covered_display": "0", "missing_lines": 1, "excluded_lines": 0}, "missing_lines": [56], "excluded_lines": []}, "Deployment.to_dict": {"executed_lines": [], "summary": {"covered_lines": 0, "num_statements": 1, "percent_covered": 0.0, "percent_covered_display": "0", "missing_lines": 1, "excluded_lines": 0}, "missing_lines": [59], "excluded_lines": []}, "": {"executed_lines": [1, 2, 3, 4, 5, 6, 7, 8, 9, 11, 16, 17, 18, 19, 20, 21, 23, 24, 25, 26, 28, 29, 31, 32, 33, 34, 35, 36, 37, 38, 39, 40, 41, 42, 43, 44, 45, 46, 47, 49, 50, 51, 52, 53, 55, 58], "summary": {"covered_lines": 45, "num_statements": 45, "percent_covered": 100.0, "percent_covered_display": "100", "missing_lines": 0, "excluded_lines": 4}, "missing_lines": [], "excluded_lines": [11, 12, 13, 14]}}, "classes": {"DeploymentStatus": {"executed_lines": [], "summary": {"covered_lines": 0, "num_statements": 0, "percent_covered": 100.0, "percent_covered_display": "100", "missing_lines": 0, "excluded_lines": 0}, "missing_lines": [], "excluded_lines": []}, "HealthStatus": {"executed_lines": [], "summary": {"covered_lines": 0, "num_statements": 0, "percent_covered": 100.0, "percent_covered_display": "100", "missing_lines": 0, "excluded_lines": 0}, "missing_lines": [], "excluded_lines": []}, "Deployment": {"executed_lines": [], "summary": {"covered_lines": 0, "num_statements": 2, "percent_covered": 0.0, "percent_covered_display": "0", "missing_lines": 2, "excluded_lines": 0}, "missing_lines": [56, 59], "excluded_lines": []}, "": {"executed_lines": [1, 2, 3, 4, 5, 6, 7, 8, 9, 11, 16, 17, 18, 19, 20, 21, 23, 24, 25, 26, 28, 29, 31, 32, 33, 34, 35, 36, 37, 38, 39, 40, 41, 42, 43, 44, 45, 46, 47, 49, 50, 51, 52, 53, 55, 58], "summary": {"covered_lines": 45, "num_statements": 45, "percent_covered": 100.0, "percent_covered_display": "100", "missing_lines": 0, "excluded_lines": 4}, "missing_lines": [], "excluded_lines": [11, 12, 13, 14]}}}, "models/domain_record.py": {"executed_lines": [1, 2, 3, 4, 5, 6, 7, 8, 9, 11, 14, 15, 16, 17, 18, 19, 21, 22, 23, 24, 25, 27, 28, 30, 31, 32, 33, 34, 35, 36, 37, 38, 39, 40, 41, 42, 43, 44, 45, 46, 47, 49, 51, 54], "summary": {"covered_lines": 43, "num_statements": 45, "percent_covered": 95.55555555555556, "percent_covered_display": "96", "missing_lines": 2, "excluded_lines": 2}, "missing_lines": [52, 55], "excluded_lines": [11, 12], "functions": {"DomainRecord.__repr__": {"executed_lines": [], "summary": {"covered_lines": 0, "num_statements": 1, "percent_covered": 0.0, "percent_covered_display": "0", "missing_lines": 1, "excluded_lines": 0}, "missing_lines": [52], "excluded_lines": []}, "DomainRecord.to_dict": {"executed_lines": [], "summary": {"covered_lines": 0, "num_statements": 1, "percent_covered": 0.0, "percent_covered_display": "0", "missing_lines": 1, "excluded_lines": 0}, "missing_lines": [55], "excluded_lines": []}, "": {"executed_lines": [1, 2, 3, 4, 5, 6, 7, 8, 9, 11, 14, 15, 16, 17, 18, 19, 21, 22, 23, 24, 25, 27, 28, 30, 31, 32, 33, 34, 35, 36, 37, 38, 39, 40, 41, 42, 43, 44, 45, 46, 47, 49, 51, 54], "summary": {"covered_lines": 43, "num_statements": 43, "percent_covered": 100.0, "percent_covered_display": "100", "missing_lines": 0, "excluded_lines": 2}, "missing_lines": [], "excluded_lines": [11, 12]}}, "classes": {"RecordType": {"executed_lines": [], "summary": {"covered_lines": 0, "num_statements": 0, "percent_covered": 100.0, "percent_covered_display": "100", "missing_lines": 0, "excluded_lines": 0}, "missing_lines": [], "excluded_lines": []}, "RecordStatus": {"executed_lines": [], "summary": {"covered_lines": 0, "num_statements": 0, "percent_covered": 100.0, "percent_covered_display": "100", "missing_lines": 0, "excluded_lines": 0}, "missing_lines": [], "excluded_lines": []}, "DomainRecord": {"executed_lines": [], "summary": {"covered_lines": 0, "num_statements": 2, "percent_covered": 0.0, "percent_covered_display": "0", "missing_lines": 2, "excluded_lines": 0}, "missing_lines": [52, 55], "excluded_lines": []}, "": {"executed_lines": [1, 2, 3, 4, 5, 6, 7, 8, 9, 11, 14, 15, 16, 17, 18, 19, 21, 22, 23, 24, 25, 27, 28, 30, 31, 32, 33, 34, 35, 36, 37, 38, 39, 40, 41, 42, 43, 44, 45, 46, 47, 49, 51, 54], "summary": {"covered_lines": 43, "num_statements": 43, "percent_covered": 100.0, "percent_covered_display": "100", "missing_lines": 0, "excluded_lines": 2}, "missing_lines": [], "excluded_lines": [11, 12]}}}, "models/google_integration.py": {"executed_lines": [1, 2, 3, 4, 5, 6, 7, 8, 9, 10, 13, 14, 15, 16, 17, 18, 21, 22, 23, 24, 25, 28, 29, 30, 31, 32, 35, 36, 37, 38, 39, 40, 43, 44, 45, 47, 48, 49, 53, 54, 55, 56, 57, 58, 64, 67, 81, 82, 83, 85, 86, 87, 88, 89, 90, 91, 92, 93, 94, 95, 96, 100, 101, 102, 103, 104, 105, 111, 114, 137, 138, 139, 141, 142, 143, 144, 145, 149, 150, 151, 152, 153, 154, 155, 157, 160, 177, 178, 179, 181, 182, 183, 184, 185, 186, 187, 188, 192, 193, 194, 195, 196, 197, 198, 199, 200, 201, 202, 208, 211], "summary": {"covered_lines": 101, "num_statements": 109, "percent_covered": 92.66055045871559, "percent_covered_display": "93", "missing_lines": 8, "excluded_lines": 0}, "missing_lines": [65, 68, 112, 115, 158, 161, 209, 212], "excluded_lines": [], "functions": {"GoogleServiceStatus.__repr__": {"executed_lines": [], "summary": {"covered_lines": 0, "num_statements": 1, "percent_covered": 0.0, "percent_covered_display": "0", "missing_lines": 1, "excluded_lines": 0}, "missing_lines": [65], "excluded_lines": []}, "GoogleServiceStatus.to_dict": {"executed_lines": [], "summary": {"covered_lines": 0, "num_statements": 1, "percent_covered": 0.0, "percent_covered_display": "0", "missing_lines": 1, "excluded_lines": 0}, "missing_lines": [68], "excluded_lines": []}, "CalendarAutomation.__repr__": {"executed_lines": [], "summary": {"covered_lines": 0, "num_statements": 1, "percent_covered": 0.0, "percent_covered_display": "0", "missing_lines": 1, "excluded_lines": 0}, "missing_lines": [112], "excluded_lines": []}, "CalendarAutomation.to_dict": {"executed_lines": [], "summary": {"covered_lines": 0, "num_statements": 1, "percent_covered": 0.0, "percent_covered_display": "0", "missing_lines": 1, "excluded_lines": 0}, "missing_lines": [115], "excluded_lines": []}, "EmailNotification.__repr__": {"executed_lines": [], "summary": {"covered_lines": 0, "num_statements": 1, "percent_covered": 0.0, "percent_covered_display": "0", "missing_lines": 1, "excluded_lines": 0}, "missing_lines": [158], "excluded_lines": []}, "EmailNotification.to_dict": {"executed_lines": [], "summary": {"covered_lines": 0, "num_statements": 1, "percent_covered": 0.0, "percent_covered_display": "0", "missing_lines": 1, "excluded_lines": 0}, "missing_lines": [161], "excluded_lines": []}, "DriveBackup.__repr__": {"executed_lines": [], "summary": {"covered_lines": 0, "num_statements": 1, "percent_covered": 0.0, "percent_covered_display": "0", "missing_lines": 1, "excluded_lines": 0}, "missing_lines": [209], "excluded_lines": []}, "DriveBackup.to_dict": {"executed_lines": [], "summary": {"covered_lines": 0, "num_statements": 1, "percent_covered": 0.0, "percent_covered_display": "0", "missing_lines": 1, "excluded_lines": 0}, "missing_lines": [212], "excluded_lines": []}, "": {"executed_lines": [1, 2, 3, 4, 5, 6, 7, 8, 9, 10, 13, 14, 15, 16, 17, 18, 21, 22, 23, 24, 25, 28, 29, 30, 31, 32, 35, 36, 37, 38, 39, 40, 43, 44, 45, 47, 48, 49, 53, 54, 55, 56, 57, 58, 64, 67, 81, 82, 83, 85, 86, 87, 88, 89, 90, 91, 92, 93, 94, 95, 96, 100, 101, 102, 103, 104, 105, 111, 114, 137, 138, 139, 141, 142, 143, 144, 145, 149, 150, 151, 152, 153, 154, 155, 157, 160, 177, 178, 179, 181, 182, 183, 184, 185, 186, 187, 188, 192, 193, 194, 195, 196, 197, 198, 199, 200, 201, 202, 208, 211], "summary": {"covered_lines": 101, "num_statements": 101, "percent_covered": 100.0, "percent_covered_display": "100", "missing_lines": 0, "excluded_lines": 0}, "missing_lines": [], "excluded_lines": []}}, "classes": {"ServiceConnectionStatus": {"executed_lines": [], "summary": {"covered_lines": 0, "num_statements": 0, "percent_covered": 100.0, "percent_covered_display": "100", "missing_lines": 0, "excluded_lines": 0}, "missing_lines": [], "excluded_lines": []}, "AutomationStatus": {"executed_lines": [], "summary": {"covered_lines": 0, "num_statements": 0, "percent_covered": 100.0, "percent_covered_display": "100", "missing_lines": 0, "excluded_lines": 0}, "missing_lines": [], "excluded_lines": []}, "EmailNotificationStatus": {"executed_lines": [], "summary": {"covered_lines": 0, "num_statements": 0, "percent_covered": 100.0, "percent_covered_display": "100", "missing_lines": 0, "excluded_lines": 0}, "missing_lines": [], "excluded_lines": []}, "BackupStatus": {"executed_lines": [], "summary": {"covered_lines": 0, "num_statements": 0, "percent_covered": 100.0, "percent_covered_display": "100", "missing_lines": 0, "excluded_lines": 0}, "missing_lines": [], "excluded_lines": []}, "GoogleServiceStatus": {"executed_lines": [], "summary": {"covered_lines": 0, "num_statements": 2, "percent_covered": 0.0, "percent_covered_display": "0", "missing_lines": 2, "excluded_lines": 0}, "missing_lines": [65, 68], "excluded_lines": []}, "CalendarAutomation": {"executed_lines": [], "summary": {"covered_lines": 0, "num_statements": 2, "percent_covered": 0.0, "percent_covered_display": "0", "missing_lines": 2, "excluded_lines": 0}, "missing_lines": [112, 115], "excluded_lines": []}, "EmailNotification": {"executed_lines": [], "summary": {"covered_lines": 0, "num_statements": 2, "percent_covered": 0.0, "percent_covered_display": "0", "missing_lines": 2, "excluded_lines": 0}, "missing_lines": [158, 161], "excluded_lines": []}, "DriveBackup": {"executed_lines": [], "summary": {"covered_lines": 0, "num_statements": 2, "percent_covered": 0.0, "percent_covered_display": "0", "missing_lines": 2, "excluded_lines": 0}, "missing_lines": [209, 212], "excluded_lines": []}, "": {"executed_lines": [1, 2, 3, 4, 5, 6, 7, 8, 9, 10, 13, 14, 15, 16, 17, 18, 21, 22, 23, 24, 25, 28, 29, 30, 31, 32, 35, 36, 37, 38, 39, 40, 43, 44, 45, 47, 48, 49, 53, 54, 55, 56, 57, 58, 64, 67, 81, 82, 83, 85, 86, 87, 88, 89, 90, 91, 92, 93, 94, 95, 96, 100, 101, 102, 103, 104, 105, 111, 114, 137, 138, 139, 141, 142, 143, 144, 145, 149, 150, 151, 152, 153, 154, 155, 157, 160, 177, 178, 179, 181, 182, 183, 184, 185, 186, 187, 188, 192, 193, 194, 195, 196, 197, 198, 199, 200, 201, 202, 208, 211], "summary": {"covered_lines": 101, "num_statements": 101, "percent_covered": 100.0, "percent_covered_display": "100", "missing_lines": 0, "excluded_lines": 0}, "missing_lines": [], "excluded_lines": []}}}, "models/jarvis.py": {"executed_lines": [1, 2, 3, 4, 5, 6, 7, 8, 10, 13, 14, 15, 17, 18, 19, 20, 21, 22, 23, 24, 25, 26, 27, 29, 30, 31, 33, 36, 51, 52, 53, 55, 56, 57, 58, 59, 60, 61, 62, 63, 64, 65, 66, 67, 69, 70, 72, 75, 92, 93, 94, 96, 97, 98, 99, 100, 101, 102, 103, 104, 105, 106, 108, 110, 113, 128, 129, 130, 132, 133, 134, 135, 136, 137, 138, 139, 140, 141, 142, 143, 144, 145, 146, 148, 151, 170, 171, 172, 174, 175, 176, 177, 178, 179, 180, 181, 182, 183, 184, 185, 187, 189, 192], "summary": {"covered_lines": 96, "num_statements": 106, "percent_covered": 90.56603773584905, "percent_covered_display": "91", "missing_lines": 10, "excluded_lines": 2}, "missing_lines": [34, 37, 73, 76, 111, 114, 149, 152, 190, 193], "excluded_lines": [10, 11], "functions": {"Project.__repr__": {"executed_lines": [], "summary": {"covered_lines": 0, "num_statements": 1, "percent_covered": 0.0, "percent_covered_display": "0", "missing_lines": 1, "excluded_lines": 0}, "missing_lines": [34], "excluded_lines": []}, "Project.to_dict": {"executed_lines": [], "summary": {"covered_lines": 0, "num_statements": 1, "percent_covered": 0.0, "percent_covered_display": "0", "missing_lines": 1, "excluded_lines": 0}, "missing_lines": [37], "excluded_lines": []}, "ArtifactBuild.__repr__": {"executed_lines": [], "summary": {"covered_lines": 0, "num_statements": 1, "percent_covered": 0.0, "percent_covered_display": "0", "missing_lines": 1, "excluded_lines": 0}, "missing_lines": [73], "excluded_lines": []}, "ArtifactBuild.to_dict": {"executed_lines": [], "summary": {"covered_lines": 0, "num_statements": 1, "percent_covered": 0.0, "percent_covered_display": "0", "missing_lines": 1, "excluded_lines": 0}, "missing_lines": [76], "excluded_lines": []}, "ComposeSpec.__repr__": {"executed_lines": [], "summary": {"covered_lines": 0, "num_statements": 1, "percent_covered": 0.0, "percent_covered_display": "0", "missing_lines": 1, "excluded_lines": 0}, "missing_lines": [111], "excluded_lines": []}, "ComposeSpec.to_dict": {"executed_lines": [], "summary": {"covered_lines": 0, "num_statements": 1, "percent_covered": 0.0, "percent_covered_display": "0", "missing_lines": 1, "excluded_lines": 0}, "missing_lines": [114], "excluded_lines": []}, "SSLCertificate.__repr__": {"executed_lines": [], "summary": {"covered_lines": 0, "num_statements": 1, "percent_covered": 0.0, "percent_covered_display": "0", "missing_lines": 1, "excluded_lines": 0}, "missing_lines": [149], "excluded_lines": []}, "SSLCertificate.to_dict": {"executed_lines": [], "summary": {"covered_lines": 0, "num_statements": 1, "percent_covered": 0.0, "percent_covered_display": "0", "missing_lines": 1, "excluded_lines": 0}, "missing_lines": [152], "excluded_lines": []}, "AISession.__repr__": {"executed_lines": [], "summary": {"covered_lines": 0, "num_statements": 1, "percent_covered": 0.0, "percent_covered_display": "0", "missing_lines": 1, "excluded_lines": 0}, "missing_lines": [190], "excluded_lines": []}, "AISession.to_dict": {"executed_lines": [], "summary": {"covered_lines": 0, "num_statements": 1, "percent_covered": 0.0, "percent_covered_display": "0", "missing_lines": 1, "excluded_lines": 0}, "missing_lines": [193], "excluded_lines": []}, "": {"executed_lines": [1, 2, 3, 4, 5, 6, 7, 8, 10, 13, 14, 15, 17, 18, 19, 20, 21, 22, 23, 24, 25, 26, 27, 29, 30, 31, 33, 36, 51, 52, 53, 55, 56, 57, 58, 59, 60, 61, 62, 63, 64, 65, 66, 67, 69, 70, 72, 75, 92, 93, 94, 96, 97, 98, 99, 100, 101, 102, 103, 104, 105, 106, 108, 110, 113, 128, 129, 130, 132, 133, 134, 135, 136, 137, 138, 139, 140, 141, 142, 143, 144, 145, 146, 148, 151, 170, 171, 172, 174, 175, 176, 177, 178, 179, 180, 181, 182, 183, 184, 185, 187, 189, 192], "summary": {"covered_lines": 96, "num_statements": 96, "percent_covered": 100.0, "percent_covered_display": "100", "missing_lines": 0, "excluded_lines": 2}, "missing_lines": [], "excluded_lines": [10, 11]}}, "classes": {"Project": {"executed_lines": [], "summary": {"covered_lines": 0, "num_statements": 2, "percent_covered": 0.0, "percent_covered_display": "0", "missing_lines": 2, "excluded_lines": 0}, "missing_lines": [34, 37], "excluded_lines": []}, "ArtifactBuild": {"executed_lines": [], "summary": {"covered_lines": 0, "num_statements": 2, "percent_covered": 0.0, "percent_covered_display": "0", "missing_lines": 2, "excluded_lines": 0}, "missing_lines": [73, 76], "excluded_lines": []}, "ComposeSpec": {"executed_lines": [], "summary": {"covered_lines": 0, "num_statements": 2, "percent_covered": 0.0, "percent_covered_display": "0", "missing_lines": 2, "excluded_lines": 0}, "missing_lines": [111, 114], "excluded_lines": []}, "SSLCertificate": {"executed_lines": [], "summary": {"covered_lines": 0, "num_statements": 2, "percent_covered": 0.0, "percent_covered_display": "0", "missing_lines": 2, "excluded_lines": 0}, "missing_lines": [149, 152], "excluded_lines": []}, "AISession": {"executed_lines": [], "summary": {"covered_lines": 0, "num_statements": 2, "percent_covered": 0.0, "percent_covered_display": "0", "missing_lines": 2, "excluded_lines": 0}, "missing_lines": [190, 193], "excluded_lines": []}, "": {"executed_lines": [1, 2, 3, 4, 5, 6, 7, 8, 10, 13, 14, 15, 17, 18, 19, 20, 21, 22, 23, 24, 25, 26, 27, 29, 30, 31, 33, 36, 51, 52, 53, 55, 56, 57, 58, 59, 60, 61, 62, 63, 64, 65, 66, 67, 69, 70, 72, 75, 92, 93, 94, 96, 97, 98, 99, 100, 101, 102, 103, 104, 105, 106, 108, 110, 113, 128, 129, 130, 132, 133, 134, 135, 136, 137, 138, 139, 140, 141, 142, 143, 144, 145, 146, 148, 151, 170, 171, 172, 174, 175, 176, 177, 178, 179, 180, 181, 182, 183, 184, 185, 187, 189, 192], "summary": {"covered_lines": 96, "num_statements": 96, "percent_covered": 100.0, "percent_covered_display": "100", "missing_lines": 0, "excluded_lines": 2}, "missing_lines": [], "excluded_lines": [10, 11]}}}, "models/jarvis_action.py": {"executed_lines": [1, 3, 4, 5, 6, 7, 8, 9, 10, 13, 14, 15, 16, 17, 18, 19, 20, 23, 24, 25, 26, 27, 28, 31, 32, 37, 39, 45, 51, 58, 60, 62, 64, 66, 72, 74, 76, 78, 80, 82, 84, 86, 88, 90, 92, 94, 96, 98, 100, 106, 113, 121, 150, 154, 158, 162], "summary": {"covered_lines": 52, "num_statements": 60, "percent_covered": 86.66666666666667, "percent_covered_display": "87", "missing_lines": 8, "excluded_lines": 0}, "missing_lines": [114, 123, 152, 156, 160, 164, 165, 166], "excluded_lines": [], "functions": {"JarvisAction.__repr__": {"executed_lines": [], "summary": {"covered_lines": 0, "num_statements": 1, "percent_covered": 0.0, "percent_covered_display": "0", "missing_lines": 1, "excluded_lines": 0}, "missing_lines": [114], "excluded_lines": []}, "JarvisAction.to_dict": {"executed_lines": [], "summary": {"covered_lines": 0, "num_statements": 1, "percent_covered": 0.0, "percent_covered_display": "0", "missing_lines": 1, "excluded_lines": 0}, "missing_lines": [123], "excluded_lines": []}, "JarvisAction.can_approve": {"executed_lines": [], "summary": {"covered_lines": 0, "num_statements": 1, "percent_covered": 0.0, "percent_covered_display": "0", "missing_lines": 1, "excluded_lines": 0}, "missing_lines": [152], "excluded_lines": []}, "JarvisAction.can_reject": {"executed_lines": [], "summary": {"covered_lines": 0, "num_statements": 1, "percent_covered": 0.0, "percent_covered_display": "0", "missing_lines": 1, "excluded_lines": 0}, "missing_lines": [156], "excluded_lines": []}, "JarvisAction.can_execute": {"executed_lines": [], "summary": {"covered_lines": 0, "num_statements": 1, "percent_covered": 0.0, "percent_covered_display": "0", "missing_lines": 1, "excluded_lines": 0}, "missing_lines": [160], "excluded_lines": []}, "JarvisAction.is_expired": {"executed_lines": [], "summary": {"covered_lines": 0, "num_statements": 3, "percent_covered": 0.0, "percent_covered_display": "0", "missing_lines": 3, "excluded_lines": 0}, "missing_lines": [164, 165, 166], "excluded_lines": []}, "": {"executed_lines": [1, 3, 4, 5, 6, 7, 8, 9, 10, 13, 14, 15, 16, 17, 18, 19, 20, 23, 24, 25, 26, 27, 28, 31, 32, 37, 39, 45, 51, 58, 60, 62, 64, 66, 72, 74, 76, 78, 80, 82, 84, 86, 88, 90, 92, 94, 96, 98, 100, 106, 113, 121, 150, 154, 158, 162], "summary": {"covered_lines": 52, "num_statements": 52, "percent_covered": 100.0, "percent_covered_display": "100", "missing_lines": 0, "excluded_lines": 0}, "missing_lines": [], "excluded_lines": []}}, "classes": {"ActionStatus": {"executed_lines": [], "summary": {"covered_lines": 0, "num_statements": 0, "percent_covered": 100.0, "percent_covered_display": "100", "missing_lines": 0, "excluded_lines": 0}, "missing_lines": [], "excluded_lines": []}, "ActionType": {"executed_lines": [], "summary": {"covered_lines": 0, "num_statements": 0, "percent_covered": 100.0, "percent_covered_display": "100", "missing_lines": 0, "excluded_lines": 0}, "missing_lines": [], "excluded_lines": []}, "JarvisAction": {"executed_lines": [], "summary": {"covered_lines": 0, "num_statements": 8, "percent_covered": 0.0, "percent_covered_display": "0", "missing_lines": 8, "excluded_lines": 0}, "missing_lines": [114, 123, 152, 156, 160, 164, 165, 166], "excluded_lines": []}, "": {"executed_lines": [1,
[...]
es": []}, "UploadService.upload_directory": {"executed_lines": [], "summary": {"covered_lines": 0, "num_statements": 14, "percent_covered": 0.0, "percent_covered_display": "0", "missing_lines": 14, "excluded_lines": 0}, "missing_lines": [260, 261, 263, 265, 266, 267, 268, 270, 272, 273, 274, 275, 276, 278], "excluded_lines": []}, "UploadService.list_artifacts": {"executed_lines": [], "summary": {"covered_lines": 0, "num_statements": 10, "percent_covered": 0.0, "percent_covered_display": "0", "missing_lines": 10, "excluded_lines": 0}, "missing_lines": [295, 297, 298, 299, 301, 302, 310, 312, 313, 314], "excluded_lines": []}, "UploadService.delete_artifact": {"executed_lines": [], "summary": {"covered_lines": 0, "num_statements": 8, "percent_covered": 0.0, "percent_covered_display": "0", "missing_lines": 8, "excluded_lines": 0}, "missing_lines": [327, 329, 330, 331, 332, 334, 335, 336], "excluded_lines": []}, "UploadService.get_artifact_url": {"executed_lines": [], "summary": {"covered_lines": 0, "num_statements": 7, "percent_covered": 0.0, "percent_covered_display": "0", "missing_lines": 7, "excluded_lines": 0}, "missing_lines": [355, 357, 358, 359, 361, 362, 363], "excluded_lines": []}, "UploadService.get_artifact": {"executed_lines": [], "summary": {"covered_lines": 0, "num_statements": 8, "percent_covered": 0.0, "percent_covered_display": "0", "missing_lines": 8, "excluded_lines": 0}, "missing_lines": [377, 379, 380, 381, 382, 384, 385, 386], "excluded_lines": []}, "": {"executed_lines": [], "summary": {"covered_lines": 0, "num_statements": 31, "percent_covered": 0.0, "percent_covered_display": "0", "missing_lines": 31, "excluded_lines": 0}, "missing_lines": [1, 2, 3, 4, 5, 6, 7, 8, 9, 10, 11, 12, 13, 15, 17, 20, 21, 22, 23, 25, 33, 91, 101, 117, 179, 243, 284, 316, 338, 365, 390], "excluded_lines": []}}, "classes": {"UploadService": {"executed_lines": [], "summary": {"covered_lines": 0, "num_statements": 130, "percent_covered": 0.0, "percent_covered_display": "0", "missing_lines": 130, "excluded_lines": 0}, "missing_lines": [27, 28, 29, 30, 31, 40, 41, 43, 44, 45, 47, 48, 49, 51, 52, 53, 55, 63, 66, 67, 68, 69, 71, 73, 74, 75, 77, 78, 80, 81, 82, 83, 85, 86, 87, 89, 93, 94, 95, 96, 111, 112, 113, 114, 115, 136, 139, 140, 141, 142, 145, 148, 149, 150, 151, 153, 155, 161, 163, 165, 175, 176, 177, 199, 200, 201, 203, 205, 208, 209, 211, 212, 214, 215, 218, 219, 220, 221, 223, 229, 231, 240, 241, 260, 261, 263, 265, 266, 267, 268, 270, 272, 273, 274, 275, 276, 278, 295, 297, 298, 299, 301, 302, 310, 312, 313, 314, 327, 329, 330, 331, 332, 334, 335, 336, 355, 357, 358, 359, 361, 362, 363, 377, 379, 380, 381, 382, 384, 385, 386], "excluded_lines": []}, "": {"executed_lines": [], "summary": {"covered_lines": 0, "num_statements": 31, "percent_covered": 0.0, "percent_covered_display": "0", "missing_lines": 31, "excluded_lines": 0}, "missing_lines": [1, 2, 3, 4, 5, 6, 7, 8, 9, 10, 11, 12, 13, 15, 17, 20, 21, 22, 23, 25, 33, 91, 101, 117, 179, 243, 284, 316, 338, 365, 390], "excluded_lines": []}}}, "services/websocket_service.py": {"executed_lines": [1, 2, 3, 4, 5, 6, 7, 8, 10, 12, 13, 15, 16, 17, 23, 24, 25, 26, 27, 29, 36, 48, 62, 85, 108, 112, 116, 120, 124, 185, 192, 202, 222, 242, 258, 273, 278, 280], "summary": {"covered_lines": 37, "num_statements": 182, "percent_covered": 20.32967032967033, "percent_covered_display": "20", "missing_lines": 145, "excluded_lines": 0}, "missing_lines": [31, 32, 33, 34, 38, 39, 40, 45, 46, 50, 51, 52, 54, 55, 56, 57, 58, 60, 64, 65, 72, 73, 74, 75, 76, 78, 79, 80, 81, 82, 83, 87, 88, 89, 90, 91, 95, 96, 97, 99, 100, 104, 105, 106, 110, 114, 118, 122, 126, 127, 128, 130, 131, 132, 133, 134, 136, 137, 138, 140, 141, 142, 143, 144, 145, 147, 152, 153, 155, 157, 158, 160, 161, 162, 164, 165, 166, 168, 169, 170, 171, 172, 173, 175, 180, 182, 183, 187, 188, 189, 190, 194, 195, 196, 197, 198, 199, 200, 204, 206, 207, 208, 209, 210, 211, 212, 213, 214, 215, 216, 217, 218, 219, 220, 224, 226, 227, 228, 229, 230, 234, 235, 236, 237, 244, 245, 246, 247, 248, 249, 250, 251, 252, 253, 254, 255, 256, 260, 261, 262, 263, 264, 266, 275, 276], "excluded_lines": [], "functions": {"WebSocketService.__init__": {"executed_lines": [16, 17, 23, 24, 25, 26, 27], "summary": {"covered_lines": 7, "num_statements": 7, "percent_covered": 100.0, "percent_covered_display": "100", "missing_lines": 0, "excluded_lines": 0}, "missing_lines": [], "excluded_lines": []}, "WebSocketService.init_app": {"executed_lines": [], "summary": {"covered_lines": 0, "num_statements": 4, "percent_covered": 0.0, "percent_covered_display": "0", "missing_lines": 4, "excluded_lines": 0}, "missing_lines": [31, 32, 33, 34], "excluded_lines": []}, "WebSocketService.generate_auth_token": {"executed_lines": [], "summary": {"covered_lines": 0, "num_statements": 5, "percent_covered": 0.0, "percent_covered_display": "0", "missing_lines": 5, "excluded_lines": 0}, "missing_lines": [38, 39, 40, 45, 46], "excluded_lines": []}, "WebSocketService.validate_auth_token": {"executed_lines": [], "summary": {"covered_lines": 0, "num_statements": 9, "percent_covered": 0.0, "percent_covered_display": "0", "missing_lines": 9, "excluded_lines": 0}, "missing_lines": [50, 51, 52, 54, 55, 56, 57, 58, 60], "excluded_lines": []}, "WebSocketService.add_connection": {"executed_lines": [], "summary": {"covered_lines": 0, "num_statements": 13, "percent_covered": 0.0, "percent_covered_display": "0", "missing_lines": 13, "excluded_lines": 0}, "missing_lines": [64, 65, 72, 73, 74, 75, 76, 78, 79, 80, 81, 82, 83], "excluded_lines": []}, "WebSocketService.remove_connection": {"executed_lines": [], "summary": {"covered_lines": 0, "num_statements": 13, "percent_covered": 0.0, "percent_covered_display": "0", "missing_lines": 13, "excluded_lines": 0}, "missing_lines": [87, 88, 89, 90, 91, 95, 96, 97, 99, 100, 104, 105, 106], "excluded_lines": []}, "WebSocketService.broadcast_to_workflow": {"executed_lines": [], "summary": {"covered_lines": 0, "num_statements": 1, "percent_covered": 0.0, "percent_covered_display": "0", "missing_lines": 1, "excluded_lines": 0}, "missing_lines": [110], "excluded_lines": []}, "WebSocketService.broadcast_to_deployment": {"executed_lines": [], "summary": {"covered_lines": 0, "num_statements": 1, "percent_covered": 0.0, "percent_covered_display": "0", "missing_lines": 1, "excluded_lines": 0}, "missing_lines": [114], "excluded_lines": []}, "WebSocketService.broadcast_to_tasks": {"executed_lines": [], "summary": {"covered_lines": 0, "num_statements": 1, "percent_covered": 0.0, "percent_covered_display": "0", "missing_lines": 1, "excluded_lines": 0}, "missing_lines": [118], "excluded_lines": []}, "WebSocketService.broadcast_to_system": {"executed_lines": [], "summary": {"covered_lines": 0, "num_statements": 1, "percent_covered": 0.0, "percent_covered_display": "0", "missing_lines": 1, "excluded_lines": 0}, "missing_lines": [122], "excluded_lines": []}, "WebSocketService._broadcast": {"executed_lines": [], "summary": {"covered_lines": 0, "num_statements": 39, "percent_covered": 0.0, "percent_covered_display": "0", "missing_lines": 39, "excluded_lines": 0}, "missing_lines": [126, 127, 128, 130, 131, 132, 133, 134, 136, 137, 138, 140, 141, 142, 143, 144, 145, 147, 152, 153, 155, 157, 158, 160, 161, 162, 164, 165, 166, 168, 169, 170, 171, 172, 173, 175, 180, 182, 183], "excluded_lines": []}, "WebSocketService.start_heartbeat": {"executed_lines": [], "summary": {"covered_lines": 0, "num_statements": 4, "percent_covered": 0.0, "percent_covered_display": "0", "missing_lines": 4, "excluded_lines": 0}, "missing_lines": [187, 188, 189, 190], "excluded_lines": []}, "WebSocketService._heartbeat_loop": {"executed_lines": [], "summary": {"covered_lines": 0, "num_statements": 7, "percent_covered": 0.0, "percent_covered_display": "0", "missing_lines": 7, "excluded_lines": 0}, "missing_lines": [194, 195, 196, 197, 198, 199, 200], "excluded_lines": []}, "WebSocketService._send_heartbeat": {"executed_lines": [], "summary": {"covered_lines": 0, "num_statements": 16, "percent_covered": 0.0, "percent_covered_display": "0", "missing_lines": 16, "excluded_lines": 0}, "missing_lines": [204, 206, 207, 208, 209, 210, 211, 212, 213, 214, 215, 216, 217, 218, 219, 220], "excluded_lines": []}, "WebSocketService._cleanup_stale_connections": {"executed_lines": [], "summary": {"covered_lines": 0, "num_statements": 10, "percent_covered": 0.0, "percent_covered_display": "0", "missing_lines": 10, "excluded_lines": 0}, "missing_lines": [224, 226, 227, 228, 229, 230, 234, 235, 236, 237], "excluded_lines": []}, "WebSocketService.update_ping_time": {"executed_lines": [], "summary": {"covered_lines": 0, "num_statements": 13, "percent_covered": 0.0, "percent_covered_display": "0", "missing_lines": 13, "excluded_lines": 0}, "missing_lines": [244, 245, 246, 247, 248, 249, 250, 251, 252, 253, 254, 255, 256], "excluded_lines": []}, "WebSocketService.get_connection_count": {"executed_lines": [], "summary": {"covered_lines": 0, "num_statements": 6, "percent_covered": 0.0, "percent_covered_display": "0", "missing_lines": 6, "excluded_lines": 0}, "missing_lines": [260, 261, 262, 263, 264, 266], "excluded_lines": []}, "WebSocketService.shutdown": {"executed_lines": [], "summary": {"covered_lines": 0, "num_statements": 2, "percent_covered": 0.0, "percent_covered_display": "0", "missing_lines": 2, "excluded_lines": 0}, "missing_lines": [275, 276], "excluded_lines": []}, "": {"executed_lines": [1, 2, 3, 4, 5, 6, 7, 8, 10, 12, 13, 15, 29, 36, 48, 62, 85, 108, 112, 116, 120, 124, 185, 192, 202, 222, 242, 258, 273, 278, 280], "summary": {"covered_lines": 30, "num_statements": 30, "percent_covered": 100.0, "percent_covered_display": "100", "missing_lines": 0, "excluded_lines": 0}, "missing_lines": [], "excluded_lines": []}}, "classes": {"WebSocketService": {"executed_lines": [16, 17, 23, 24, 25, 26, 27], "summary": {"covered_lines": 7, "num_statements": 152, "percent_covered": 4.605263157894737, "percent_covered_display": "5", "missing_lines": 145, "excluded_lines": 0}, "missing_lines": [31, 32, 33, 34, 38, 39, 40, 45, 46, 50, 51, 52, 54, 55, 56, 57, 58, 60, 64, 65, 72, 73, 74, 75, 76, 78, 79, 80, 81, 82, 83, 87, 88, 89, 90, 91, 95, 96, 97, 99, 100, 104, 105, 106, 110, 114, 118, 122, 126, 127, 128, 130, 131, 132, 133, 134, 136, 137, 138, 140, 141, 142, 143, 144, 145, 147, 152, 153, 155, 157, 158, 160, 161, 162, 164, 165, 166, 168, 169, 170, 171, 172, 173, 175, 180, 182, 183, 187, 188, 189, 190, 194, 195, 196, 197, 198, 199, 200, 204, 206, 207, 208, 209, 210, 211, 212, 213, 214, 215, 216, 217, 218, 219, 220, 224, 226, 227, 228, 229, 230, 234, 235, 236, 237, 244, 245, 246, 247, 248, 249, 250, 251, 252, 253, 254, 255, 256, 260, 261, 262, 263, 264, 266, 275, 276], "excluded_lines": []}, "": {"executed_lines": [1, 2, 3, 4, 5, 6, 7, 8, 10, 12, 13, 15, 29, 36, 48, 62, 85, 108, 112, 116, 120, 124, 185, 192, 202, 222, 242, 258, 273, 278, 280], "summary": {"covered_lines": 30, "num_statements": 30, "percent_covered": 100.0, "percent_covered_display": "100", "missing_lines": 0, "excluded_lines": 0}, "missing_lines": [], "excluded_lines": []}}}, "services/workflow_service.py": {"executed_lines": [], "summary": {"covered_lines": 0, "num_statements": 177, "percent_covered": 0.0, "percent_covered_display": "0", "missing_lines": 177, "excluded_lines": 0}, "missing_lines": [1, 2, 3, 4, 5, 6, 7, 8, 9, 10, 11, 13, 15, 16, 17, 18, 19, 20, 21, 22, 23, 25, 26, 27, 28, 29, 34, 35, 36, 41, 43, 44, 45, 46, 47, 48, 49, 51, 52, 55, 56, 57, 58, 59, 63, 65, 66, 67, 69, 70, 71, 77, 78, 82, 87, 88, 89, 91, 96, 97, 98, 99, 100, 101, 102, 103, 105, 106, 108, 109, 116, 117, 119, 121, 124, 143, 144, 146, 147, 154, 155, 157, 158, 161, 167, 169, 171, 172, 174, 175, 178, 180, 182, 183, 185, 202, 203, 205, 206, 207, 211, 212, 213, 215, 216, 218, 219, 221, 222, 224, 226, 229, 238, 239, 240, 241, 243, 262, 263, 265, 266, 267, 271, 272, 273, 275, 276, 278, 279, 280, 282, 284, 286, 287, 288, 289, 291, 293, 295, 314, 315, 317, 318, 320, 321, 323, 324, 326, 327, 329, 330, 332, 340, 341, 342, 343, 344, 346, 348, 349, 350, 351, 352, 354, 356, 357, 358, 359, 360, 362, 364, 365, 366, 367, 368, 370, 372], "excluded_lines": [], "functions": {"CircuitBreaker.__init__": {"executed_lines": [], "summary": {"covered_lines": 0, "num_statements": 7, "percent_covered": 0.0, "percent_covered_display": "0", "missing_lines": 7, "excluded_lines": 0}, "missing_lines": [17, 18, 19, 20, 21, 22, 23], "excluded_lines": []}, "CircuitBreaker.call": {"executed_lines": [], "summary": {"covered_lines": 0, "num_statements": 15, "percent_covered": 0.0, "percent_covered_display": "0", "missing_lines": 15, "excluded_lines": 0}, "missing_lines": [26, 27, 28, 29, 34, 35, 36, 41, 43, 44, 45, 46, 47, 48, 49], "excluded_lines": []}, "CircuitBreaker._should_attempt_reset": {"executed_lines": [], "summary": {"covered_lines": 0, "num_statements": 1, "percent_covered": 0.0, "percent_covered_display": "0", "missing_lines": 1, "excluded_lines": 0}, "missing_lines": [52], "excluded_lines": []}, "CircuitBreaker._on_success": {"executed_lines": [], "summary": {"covered_lines": 0, "num_statements": 5, "percent_covered": 0.0, "percent_covered_display": "0", "missing_lines": 5, "excluded_lines": 0}, "missing_lines": [56, 57, 58, 59, 63], "excluded_lines": []}, "CircuitBreaker._on_failure": {"executed_lines": [], "summary": {"covered_lines": 0, "num_statements": 5, "percent_covered": 0.0, "percent_covered_display": "0", "missing_lines": 5, "excluded_lines": 0}, "missing_lines": [66, 67, 69, 70, 71], "excluded_lines": []}, "CircuitBreaker.queue_task": {"executed_lines": [], "summary": {"covered_lines": 0, "num_statements": 2, "percent_covered": 0.0, "percent_covered_display": "0", "missing_lines": 2, "excluded_lines": 0}, "missing_lines": [78, 82], "excluded_lines": []}, "CircuitBreaker._process_pending_tasks": {"executed_lines": [], "summary": {"covered_lines": 0, "num_statements": 13, "percent_covered": 0.0, "percent_covered_display": "0", "missing_lines": 13, "excluded_lines": 0}, "missing_lines": [88, 89, 91, 96, 97, 98, 99, 100, 101, 102, 103, 105, 106], "excluded_lines": []}, "CircuitBreaker.get_status": {"executed_lines": [], "summary": {"covered_lines": 0, "num_statements": 1, "percent_covered": 0.0, "percent_covered_display": "0", "missing_lines": 1, "excluded_lines": 0}, "missing_lines": [109], "excluded_lines": []}, "WorkflowService.create_workflow": {"executed_lines": [], "summary": {"covered_lines": 0, "num_statements": 10, "percent_covered": 0.0, "percent_covered_display": "0", "missing_lines": 10, "excluded_lines": 0}, "missing_lines": [143, 144, 146, 147, 154, 155, 157, 158, 161, 167], "excluded_lines": []}, "WorkflowService.get_workflow": {"executed_lines": [], "summary": {"covered_lines": 0, "num_statements": 5, "percent_covered": 0.0, "percent_covered_display": "0", "missing_lines": 5, "excluded_lines": 0}, "missing_lines": [171, 172, 174, 175, 178], "excluded_lines": []}, "WorkflowService.get_workflow_status": {"executed_lines": [], "summary": {"covered_lines": 0, "num_statements": 2, "percent_covered": 0.0, "percent_covered_display": "0", "missing_lines": 2, "excluded_lines": 0}, "missing_lines": [182, 183], "excluded_lines": []}, "WorkflowService.update_workflow_status": {"executed_lines": [], "summary": {"covered_lines": 0, "num_statements": 21, "percent_covered": 0.0, "percent_covered_display": "0", "missing_lines": 21, "excluded_lines": 0}, "missing_lines": [202, 203, 205, 206, 207, 211, 212, 213, 215, 216, 218, 219, 221, 222, 224, 226, 229, 238, 239, 240, 241], "excluded_lines": []}, "WorkflowService.update_workflow_progress": {"executed_lines": [], "summary": {"covered_lines": 0, "num_statements": 19, "percent_covered": 0.0, "percent_covered_display": "0", "missing_lines": 19, "excluded_lines": 0}, "missing_lines": [262, 263, 265, 266, 267, 271, 272, 273, 275, 276, 278, 279, 280, 282, 284, 286, 287, 288, 289], "excluded_lines": []}, "WorkflowService.cancel_workflow": {"executed_lines": [], "summary": {"covered_lines": 0, "num_statements": 1, "percent_covered": 0.0, "percent_covered_display": "0", "missing_lines": 1, "excluded_lines": 0}, "missing_lines": [293], "excluded_lines": []}, "WorkflowService.list_workflows": {"executed_lines": [], "summary": {"covered_lines": 0, "num_statements": 12, "percent_covered": 0.0, "percent_covered_display": "0", "missing_lines": 12, "excluded_lines": 0}, "missing_lines": [314, 315, 317, 318, 320, 321, 323, 324, 326, 327, 329, 330], "excluded_lines": []}, "WorkflowService.publish_workflow_event": {"executed_lines": [], "summary": {"covered_lines": 0, "num_statements": 5, "percent_covered": 0.0, "percent_covered_display": "0", "missing_lines": 5, "excluded_lines": 0}, "missing_lines": [340, 341, 342, 343, 344], "excluded_lines": []}, "WorkflowService.publish_task_notification": {"executed_lines": [], "summary": {"covered_lines": 0, "num_statements": 5, "percent_covered": 0.0, "percent_covered_display": "0", "missing_lines": 5, "excluded_lines": 0}, "missing_lines": [348, 349, 350, 351, 352], "excluded_lines": []}, "WorkflowService.publish_deployment_event": {"executed_lines": [], "summary": {"covered_lines": 0, "num_statements": 5, "percent_covered": 0.0, "percent_covered_display": "0", "missing_lines": 5, "excluded_lines": 0}, "missing_lines": [356, 357, 358, 359, 360], "excluded_lines": []}, "WorkflowService.publish_system_event": {"executed_lines": [], "summary": {"covered_lines": 0, "num_statements": 5, "percent_covered": 0.0, "percent_covered_display": "0", "missing_lines": 5, "excluded_lines": 0}, "missing_lines": [364, 365, 366, 367, 368], "excluded_lines": []}, "": {"executed_lines": [], "summary": {"covered_lines": 0, "num_statements": 38, "percent_covered": 0.0, "percent_covered_display": "0", "missing_lines": 38, "excluded_lines": 0}, "missing_lines": [1, 2, 3, 4, 5, 6, 7, 8, 9, 10, 11, 13, 15, 16, 25, 51, 55, 65, 77, 87, 108, 116, 117, 119, 121, 124, 169, 180, 185, 243, 291, 295, 332, 346, 354, 362, 370, 372], "excluded_lines": []}}, "classes": {"CircuitBreaker": {"executed_lines": [], "summary": {"covered_lines": 0, "num_statements": 49, "percent_covered": 0.0, "percent_covered_display": "0", "missing_lines": 49, "excluded_lines": 0}, "missing_lines": [17, 18, 19, 20, 21, 22, 23, 26, 27, 28, 29, 34, 35, 36, 41, 43, 44, 45, 46, 47, 48, 49, 52, 56, 57, 58, 59, 63, 66, 67, 69, 70, 71, 78, 82, 88, 89, 91, 96, 97, 98, 99, 100, 101, 102, 103, 105, 106, 109], "excluded_lines": []}, "CircuitBreakerError": {"executed_lines": [], "summary": {"covered_lines": 0, "num_statements": 0, "percent_covered": 100.0, "percent_covered_display": "100", "missing_lines": 0, "excluded_lines": 0}, "missing_lines": [], "excluded_lines": []}, "WorkflowService": {"executed_lines": [], "summary": {"covered_lines": 0, "num_statements": 90, "percent_covered": 0.0, "percent_covered_display": "0", "missing_lines": 90, "excluded_lines": 0}, "missing_lines": [143, 144, 146, 147, 154, 155, 157, 158, 161, 167, 171, 172, 174, 175, 178, 182, 183, 202, 203, 205, 206, 207, 211, 212, 213, 215, 216, 218, 219, 221, 222, 224, 226, 229, 238, 239, 240, 241, 262, 263, 265, 266, 267, 271, 272, 273, 275, 276, 278, 279, 280, 282, 284, 286, 287, 288, 289, 293, 314, 315, 317, 318, 320, 321, 323, 324, 326, 327, 329, 330, 340, 341, 342, 343, 344, 348, 349, 350, 351, 352, 356, 357, 358, 359, 360, 364, 365, 366, 367, 368], "excluded_lines": []}, "": {"executed_lines": [], "summary": {"covered_lines": 0, "num_statements": 38, "percent_covered": 0.0, "percent_covered_display": "0", "missing_lines": 38, "excluded_lines": 0}, "missing_lines": [1, 2, 3, 4, 5, 6, 7, 8, 9, 10, 11, 13, 15, 16, 25, 51, 55, 65, 77, 87, 108, 116, 117, 119, 121, 124, 169, 180, 185, 243, 291, 295, 332, 346, 354, 362, 370, 372], "excluded_lines": []}}}}, "totals": {"covered_lines": 865, "num_statements": 9278, "percent_covered": 9.32312998491054, "percent_covered_display": "9", "missing_lines": 8413, "excluded_lines": 10}}